<?xml version="1.0" encoding="utf-8"?>
<TestRun id="7f7f9955-5414-4daa-880a-08a737cbbd62" name="Gill@DESKTOP-3V98JDF 2026-01-18 14:37:32" runUser="DESKTOP-3V98JDF\Gill" xmlns="http://microsoft.com/schemas/VisualStudio/TeamTest/2010">
  <Times creation="2026-01-18T14:37:32.0441008+07:00" queuing="2026-01-18T14:37:32.0441012+07:00" start="2026-01-18T14:37:28.6711245+07:00" finish="2026-01-18T14:37:37.1077264+07:00" />
  <TestSettings name="default" id="1a2155ee-0d50-4934-9431-efb02a238a2b">
    <Deployment runDeploymentRoot="Gill_DESKTOP-3V98JDF_2026-01-18_14_37_32" />
  </TestSettings>
  <Results>
    <UnitTestResult executionId="c0e476b0-f830-42ea-a21f-8631b6939256" testId="bd1c0ae9-8082-b70d-99da-0e32c5cac791" testName="ControlHub.Api.Tests.FunctionalTests.Accounts.RegistrationTests.Register_ShouldReturnOk_WhenRequestIsValid" computerName="DESKTOP-3V98JDF" duration="00:00:00.1787407" startTime="2026-01-18T14:37:31.8608686+07:00" endTime="2026-01-18T14:37:32.0154892+07:00" testType="13cdc9d9-ddb5-4fa4-a97d-d965ccfc6d4b" outcome="Passed" testListId="8c84fa94-04c1-424b-9868-57a2d4851a1d" relativeResultsDirectory="c0e476b0-f830-42ea-a21f-8631b6939256" />
    <UnitTestResult executionId="7bbe1754-9eb4-45f4-8c7f-6efed012d388" testId="5fba55ed-8cd5-8701-6d4a-e4853281586f" testName="ControlHub.Api.Tests.FunctionalTests.Accounts.AuthTests.SignOut_ShouldReturnUnauthorized_WhenNotAuthenticated" computerName="DESKTOP-3V98JDF" duration="00:00:00.0083309" startTime="2026-01-18T14:37:32.3850962+07:00" endTime="2026-01-18T14:37:32.3938324+07:00" testType="13cdc9d9-ddb5-4fa4-a97d-d965ccfc6d4b" outcome="Passed" testListId="8c84fa94-04c1-424b-9868-57a2d4851a1d" relativeResultsDirectory="7bbe1754-9eb4-45f4-8c7f-6efed012d388" />
    <UnitTestResult executionId="5928d57f-731d-4747-984e-ea2bd024e7ab" testId="494cb6f0-cdd7-db36-0e92-ebd2fdea7e01" testName="ControlHub.Api.Tests.FunctionalTests.Accounts.RegistrationTests.Register_ShouldReturnBadRequest_WhenPasswordIsTooShort" computerName="DESKTOP-3V98JDF" duration="00:00:02.6036208" startTime="2026-01-18T14:37:29.2225974+07:00" endTime="2026-01-18T14:37:31.8349567+07:00" testType="13cdc9d9-ddb5-4fa4-a97d-d965ccfc6d4b" outcome="Passed" testListId="8c84fa94-04c1-424b-9868-57a2d4851a1d" relativeResultsDirectory="5928d57f-731d-4747-984e-ea2bd024e7ab" />
    <UnitTestResult executionId="ecc1749e-a72c-4a20-9ca3-7ac44b59db25" testId="6e6dc730-1c13-76f4-f37b-f3480d320334" testName="ControlHub.Api.Tests.FunctionalTests.Accounts.TokenTests.RefreshToken_ShouldReturnNewTokens_WhenValid" computerName="DESKTOP-3V98JDF" duration="00:00:00.4687648" startTime="2026-01-18T14:37:31.8607968+07:00" endTime="2026-01-18T14:37:32.3053982+07:00" testType="13cdc9d9-ddb5-4fa4-a97d-d965ccfc6d4b" outcome="Passed" testListId="8c84fa94-04c1-424b-9868-57a2d4851a1d" relativeResultsDirectory="ecc1749e-a72c-4a20-9ca3-7ac44b59db25" />
    <UnitTestResult executionId="165b5865-4c22-421a-9318-78d1bfcf840f" testId="17261639-49fb-4594-602b-1fd4851f3959" testName="ControlHub.Api.Tests.FunctionalTests.Accounts.LoginTests.Login_ShouldReturnUnauthorized_WhenPasswordIsWrong" computerName="DESKTOP-3V98JDF" duration="00:00:00.1552677" startTime="2026-01-18T14:37:32.3012575+07:00" endTime="2026-01-18T14:37:32.4567269+07:00" testType="13cdc9d9-ddb5-4fa4-a97d-d965ccfc6d4b" outcome="Passed" testListId="8c84fa94-04c1-424b-9868-57a2d4851a1d" relativeResultsDirectory="165b5865-4c22-421a-9318-78d1bfcf840f" />
    <UnitTestResult executionId="06183a69-bb0e-4827-bd70-f127f1bd383d" testId="a0acf902-031a-8077-580a-c94562166a95" testName="ControlHub.Api.Tests.FunctionalTests.Accounts.RegistrationTests.Register_ShouldReturnConflict_WhenUserAlreadyExists" computerName="DESKTOP-3V98JDF" duration="00:00:00.2258461" startTime="2026-01-18T14:37:32.0170549+07:00" endTime="2026-01-18T14:37:32.2457388+07:00" testType="13cdc9d9-ddb5-4fa4-a97d-d965ccfc6d4b" outcome="Passed" testListId="8c84fa94-04c1-424b-9868-57a2d4851a1d" relativeResultsDirectory="06183a69-bb0e-4827-bd70-f127f1bd383d" />
    <UnitTestResult executionId="b885b36a-ac6a-48ac-9d40-1bae7b4a3468" testId="3589fe02-9f4c-829d-34e8-5a7b85406e64" testName="ControlHub.Api.Tests.FunctionalTests.Accounts.TokenTests.RefreshToken_ShouldReturnUnauthorized_WhenTokenIsInvalid" computerName="DESKTOP-3V98JDF" duration="00:00:02.6036123" startTime="2026-01-18T14:37:29.2216076+07:00" endTime="2026-01-18T14:37:31.8395772+07:00" testType="13cdc9d9-ddb5-4fa4-a97d-d965ccfc6d4b" outcome="Passed" testListId="8c84fa94-04c1-424b-9868-57a2d4851a1d" relativeResultsDirectory="b885b36a-ac6a-48ac-9d40-1bae7b4a3468" />
    <UnitTestResult executionId="b5d5c893-fb2b-41bc-9b91-3bd27a1ef019" testId="00940eb6-b705-7040-73fb-314dc99e91b5" testName="ControlHub.Api.Tests.FunctionalTests.Accounts.AuthTests.SignOut_ShouldReturnNoContent_WhenTokensAreValid" computerName="DESKTOP-3V98JDF" duration="00:00:03.1585523" startTime="2026-01-18T14:37:29.2225790+07:00" endTime="2026-01-18T14:37:32.3848593+07:00" testType="13cdc9d9-ddb5-4fa4-a97d-d965ccfc6d4b" outcome="Passed" testListId="8c84fa94-04c1-424b-9868-57a2d4851a1d" relativeResultsDirectory="b5d5c893-fb2b-41bc-9b91-3bd27a1ef019" />
    <UnitTestResult executionId="af734dff-ed49-4fc9-a6e2-9c1e96dbbd5c" testId="43f04a9b-e67b-eec7-b677-5cecfa95f40c" testName="ControlHub.Api.Tests.FunctionalTests.Accounts.LoginTests.Login_ShouldReturnBadRequest_WhenPasswordIsTooShort" computerName="DESKTOP-3V98JDF" duration="00:00:00.0105071" startTime="2026-01-18T14:37:32.2905333+07:00" endTime="2026-01-18T14:37:32.3010510+07:00" testType="13cdc9d9-ddb5-4fa4-a97d-d965ccfc6d4b" outcome="Passed" testListId="8c84fa94-04c1-424b-9868-57a2d4851a1d" relativeResultsDirectory="af734dff-ed49-4fc9-a6e2-9c1e96dbbd5c" />
    <UnitTestResult executionId="6b7cb091-ef28-4385-848d-04654b7e76f5" testId="48b15569-5cb4-e7ef-1799-00ac86158141" testName="ControlHub.Api.Tests.FunctionalTests.Accounts.LoginTests.Login_ShouldReturnOk_WhenCredentialsAreValid" computerName="DESKTOP-3V98JDF" duration="00:00:03.0638541" startTime="2026-01-18T14:37:29.2225481+07:00" endTime="2026-01-18T14:37:32.2902191+07:00" testType="13cdc9d9-ddb5-4fa4-a97d-d965ccfc6d4b" outcome="Passed" testListId="8c84fa94-04c1-424b-9868-57a2d4851a1d" relativeResultsDirectory="6b7cb091-ef28-4385-848d-04654b7e76f5" />
  </Results>
  <TestDefinitions>
    <UnitTest name="ControlHub.Api.Tests.FunctionalTests.Accounts.RegistrationTests.Register_ShouldReturnBadRequest_WhenPasswordIsTooShort" storage="e:\project\controlhub\tests\controlhub.api.tests\bin\debug\net8.0\controlhub.api.tests.dll" id="494cb6f0-cdd7-db36-0e92-ebd2fdea7e01">
      <Execution id="5928d57f-731d-4747-984e-ea2bd024e7ab" />
      <TestMethod codeBase="e:\Project\ControlHub\tests\ControlHub.Api.Tests\bin\Debug\net8.0\ControlHub.Api.Tests.dll" adapterTypeName="executor://xunit/VsTestRunner3/netcore/" className="ControlHub.Api.Tests.FunctionalTests.Accounts.RegistrationTests" name="Register_ShouldReturnBadRequest_WhenPasswordIsTooShort" />
    </UnitTest>
    <UnitTest name="ControlHub.Api.Tests.FunctionalTests.Accounts.RegistrationTests.Register_ShouldReturnOk_WhenRequestIsValid" storage="e:\project\controlhub\tests\controlhub.api.tests\bin\debug\net8.0\controlhub.api.tests.dll" id="bd1c0ae9-8082-b70d-99da-0e32c5cac791">
      <Execution id="c0e476b0-f830-42ea-a21f-8631b6939256" />
      <TestMethod codeBase="e:\Project\ControlHub\tests\ControlHub.Api.Tests\bin\Debug\net8.0\ControlHub.Api.Tests.dll" adapterTypeName="executor://xunit/VsTestRunner3/netcore/" className="ControlHub.Api.Tests.FunctionalTests.Accounts.RegistrationTests" name="Register_ShouldReturnOk_WhenRequestIsValid" />
    </UnitTest>
    <UnitTest name="ControlHub.Api.Tests.FunctionalTests.Accounts.RegistrationTests.Register_ShouldReturnConflict_WhenUserAlreadyExists" storage="e:\project\controlhub\tests\controlhub.api.tests\bin\debug\net8.0\controlhub.api.tests.dll" id="a0acf902-031a-8077-580a-c94562166a95">
      <Execution id="06183a69-bb0e-4827-bd70-f127f1bd383d" />
      <TestMethod codeBase="e:\Project\ControlHub\tests\ControlHub.Api.Tests\bin\Debug\net8.0\ControlHub.Api.Tests.dll" adapterTypeName="executor://xunit/VsTestRunner3/netcore/" className="ControlHub.Api.Tests.FunctionalTests.Accounts.RegistrationTests" name="Register_ShouldReturnConflict_WhenUserAlreadyExists" />
    </UnitTest>
    <UnitTest name="ControlHub.Api.Tests.FunctionalTests.Accounts.LoginTests.Login_ShouldReturnOk_WhenCredentialsAreValid" storage="e:\project\controlhub\tests\controlhub.api.tests\bin\debug\net8.0\controlhub.api.tests.dll" id="48b15569-5cb4-e7ef-1799-00ac86158141">
      <Execution id="6b7cb091-ef28-4385-848d-04654b7e76f5" />
      <TestMethod codeBase="e:\Project\ControlHub\tests\ControlHub.Api.Tests\bin\Debug\net8.0\ControlHub.Api.Tests.dll" adapterTypeName="executor://xunit/VsTestRunner3/netcore/" className="ControlHub.Api.Tests.FunctionalTests.Accounts.LoginTests" name="Login_ShouldReturnOk_WhenCredentialsAreValid" />
    </UnitTest>
    <UnitTest name="ControlHub.Api.Tests.FunctionalTests.Accounts.AuthTests.SignOut_ShouldReturnNoContent_WhenTokensAreValid" storage="e:\project\controlhub\tests\controlhub.api.tests\bin\debug\net8.0\controlhub.api.tests.dll" id="00940eb6-b705-7040-73fb-314dc99e91b5">
      <Execution id="b5d5c893-fb2b-41bc-9b91-3bd27a1ef019" />
      <TestMethod codeBase="e:\Project\ControlHub\tests\ControlHub.Api.Tests\bin\Debug\net8.0\ControlHub.Api.Tests.dll" adapterTypeName="executor://xunit/VsTestRunner3/netcore/" className="ControlHub.Api.Tests.FunctionalTests.Accounts.AuthTests" name="SignOut_ShouldReturnNoContent_WhenTokensAreValid" />
    </UnitTest>
    <UnitTest name="ControlHub.Api.Tests.FunctionalTests.Accounts.AuthTests.SignOut_ShouldReturnUnauthorized_WhenNotAuthenticated" storage="e:\project\controlhub\tests\controlhub.api.tests\bin\debug\net8.0\controlhub.api.tests.dll" id="5fba55ed-8cd5-8701-6d4a-e4853281586f">
      <Execution id="7bbe1754-9eb4-45f4-8c7f-6efed012d388" />
      <TestMethod codeBase="e:\Project\ControlHub\tests\ControlHub.Api.Tests\bin\Debug\net8.0\ControlHub.Api.Tests.dll" adapterTypeName="executor://xunit/VsTestRunner3/netcore/" className="ControlHub.Api.Tests.FunctionalTests.Accounts.AuthTests" name="SignOut_ShouldReturnUnauthorized_WhenNotAuthenticated" />
    </UnitTest>
    <UnitTest name="ControlHub.Api.Tests.FunctionalTests.Accounts.LoginTests.Login_ShouldReturnUnauthorized_WhenPasswordIsWrong" storage="e:\project\controlhub\tests\controlhub.api.tests\bin\debug\net8.0\controlhub.api.tests.dll" id="17261639-49fb-4594-602b-1fd4851f3959">
      <Execution id="165b5865-4c22-421a-9318-78d1bfcf840f" />
      <TestMethod codeBase="e:\Project\ControlHub\tests\ControlHub.Api.Tests\bin\Debug\net8.0\ControlHub.Api.Tests.dll" adapterTypeName="executor://xunit/VsTestRunner3/netcore/" className="ControlHub.Api.Tests.FunctionalTests.Accounts.LoginTests" name="Login_ShouldReturnUnauthorized_WhenPasswordIsWrong" />
    </UnitTest>
    <UnitTest name="ControlHub.Api.Tests.FunctionalTests.Accounts.TokenTests.RefreshToken_ShouldReturnNewTokens_WhenValid" storage="e:\project\controlhub\tests\controlhub.api.tests\bin\debug\net8.0\controlhub.api.tests.dll" id="6e6dc730-1c13-76f4-f37b-f3480d320334">
      <Execution id="ecc1749e-a72c-4a20-9ca3-7ac44b59db25" />
      <TestMethod codeBase="e:\Project\ControlHub\tests\ControlHub.Api.Tests\bin\Debug\net8.0\ControlHub.Api.Tests.dll" adapterTypeName="executor://xunit/VsTestRunner3/netcore/" className="ControlHub.Api.Tests.FunctionalTests.Accounts.TokenTests" name="RefreshToken_ShouldReturnNewTokens_WhenValid" />
    </UnitTest>
    <UnitTest name="ControlHub.Api.Tests.FunctionalTests.Accounts.TokenTests.RefreshToken_ShouldReturnUnauthorized_WhenTokenIsInvalid" storage="e:\project\controlhub\tests\controlhub.api.tests\bin\debug\net8.0\controlhub.api.tests.dll" id="3589fe02-9f4c-829d-34e8-5a7b85406e64">
      <Execution id="b885b36a-ac6a-48ac-9d40-1bae7b4a3468" />
      <TestMethod codeBase="e:\Project\ControlHub\tests\ControlHub.Api.Tests\bin\Debug\net8.0\ControlHub.Api.Tests.dll" adapterTypeName="executor://xunit/VsTestRunner3/netcore/" className="ControlHub.Api.Tests.FunctionalTests.Accounts.TokenTests" name="RefreshToken_ShouldReturnUnauthorized_WhenTokenIsInvalid" />
    </UnitTest>
    <UnitTest name="ControlHub.Api.Tests.FunctionalTests.Accounts.LoginTests.Login_ShouldReturnBadRequest_WhenPasswordIsTooShort" storage="e:\project\controlhub\tests\controlhub.api.tests\bin\debug\net8.0\controlhub.api.tests.dll" id="43f04a9b-e67b-eec7-b677-5cecfa95f40c">
      <Execution id="af734dff-ed49-4fc9-a6e2-9c1e96dbbd5c" />
      <TestMethod codeBase="e:\Project\ControlHub\tests\ControlHub.Api.Tests\bin\Debug\net8.0\ControlHub.Api.Tests.dll" adapterTypeName="executor://xunit/VsTestRunner3/netcore/" className="ControlHub.Api.Tests.FunctionalTests.Accounts.LoginTests" name="Login_ShouldReturnBadRequest_WhenPasswordIsTooShort" />
    </UnitTest>
  </TestDefinitions>
  <TestEntries>
    <TestEntry testId="bd1c0ae9-8082-b70d-99da-0e32c5cac791" executionId="c0e476b0-f830-42ea-a21f-8631b6939256" testListId="8c84fa94-04c1-424b-9868-57a2d4851a1d" />
    <TestEntry testId="5fba55ed-8cd5-8701-6d4a-e4853281586f" executionId="7bbe1754-9eb4-45f4-8c7f-6efed012d388" testListId="8c84fa94-04c1-424b-9868-57a2d4851a1d" />
    <TestEntry testId="494cb6f0-cdd7-db36-0e92-ebd2fdea7e01" executionId="5928d57f-731d-4747-984e-ea2bd024e7ab" testListId="8c84fa94-04c1-424b-9868-57a2d4851a1d" />
    <TestEntry testId="6e6dc730-1c13-76f4-f37b-f3480d320334" executionId="ecc1749e-a72c-4a20-9ca3-7ac44b59db25" testListId="8c84fa94-04c1-424b-9868-57a2d4851a1d" />
    <TestEntry testId="17261639-49fb-4594-602b-1fd4851f3959" executionId="165b5865-4c22-421a-9318-78d1bfcf840f" testListId="8c84fa94-04c1-424b-9868-57a2d4851a1d" />
    <TestEntry testId="a0acf902-031a-8077-580a-c94562166a95" executionId="06183a69-bb0e-4827-bd70-f127f1bd383d" testListId="8c84fa94-04c1-424b-9868-57a2d4851a1d" />
    <TestEntry testId="3589fe02-9f4c-829d-34e8-5a7b85406e64" executionId="b885b36a-ac6a-48ac-9d40-1bae7b4a3468" testListId="8c84fa94-04c1-424b-9868-57a2d4851a1d" />
    <TestEntry testId="00940eb6-b705-7040-73fb-314dc99e91b5" executionId="b5d5c893-fb2b-41bc-9b91-3bd27a1ef019" testListId="8c84fa94-04c1-424b-9868-57a2d4851a1d" />
    <TestEntry testId="43f04a9b-e67b-eec7-b677-5cecfa95f40c" executionId="af734dff-ed49-4fc9-a6e2-9c1e96dbbd5c" testListId="8c84fa94-04c1-424b-9868-57a2d4851a1d" />
    <TestEntry testId="48b15569-5cb4-e7ef-1799-00ac86158141" executionId="6b7cb091-ef28-4385-848d-04654b7e76f5" testListId="8c84fa94-04c1-424b-9868-57a2d4851a1d" />
  </TestEntries>
  <TestLists>
    <TestList name="Results Not in a List" id="8c84fa94-04c1-424b-9868-57a2d4851a1d" />
    <TestList name="All Loaded Results" id="19431567-8539-422a-85d7-44ee4e166bda" />
  </TestLists>
  <ResultSummary outcome="Completed">
    <Counters total="10" executed="10" passed="10" failed="0" error="0" timeout="0" aborted="0" inconclusive="0" passedButRunAborted="0" notRunnable="0" notExecuted="0" disconnected="0" warning="0" completed="0" inProgress="0" pending="0" />
    <Output>
      <StdOut>[xUnit.net 00:00:00.00] xUnit.net VSTest Adapter v3.1.4+50e68bbb8b (64-bit .NET 8.0.22)&#xD;
[xUnit.net 00:00:00.14]   Discovering: ControlHub.Api.Tests&#xD;
[xUnit.net 00:00:00.17]   Discovered:  ControlHub.Api.Tests&#xD;
[xUnit.net 00:00:00.18]   Starting:    ControlHub.Api.Tests&#xD;
[14:37:30 INF] Saved 3 entities to in-memory store.&#xD;
[14:37:30 INF] Saved 3 entities to in-memory store.&#xD;
[14:37:30 INF] Saved 3 entities to in-memory store.&#xD;
[14:37:30 INF] Saved 3 entities to in-memory store.&#xD;
[14:37:30 INF] Saved 19 entities to in-memory store.&#xD;
[14:37:30 INF] Saved 19 entities to in-memory store.&#xD;
[14:37:30 INF] Saved 19 entities to in-memory store.&#xD;
[14:37:30 INF] Saved 19 entities to in-memory store.&#xD;
Seeded 5 identifier configs successfully.&#xD;
Seeded 5 identifier configs successfully.&#xD;
Seeded 5 identifier configs successfully.&#xD;
Seeded 5 identifier configs successfully.&#xD;
[14:37:30 INF] Saved 32 entities to in-memory store.&#xD;
[14:37:30 INF] Saved 32 entities to in-memory store.&#xD;
[14:37:30 INF] Saved 32 entities to in-memory store.&#xD;
[14:37:30 INF] Saved 32 entities to in-memory store.&#xD;
Seeded 32 permissions successfully.&#xD;
Seeded 32 permissions successfully.&#xD;
Seeded 32 permissions successfully.&#xD;
Seeded 32 permissions successfully.&#xD;
[14:37:31 INF] Saved 16 entities to in-memory store.&#xD;
[14:37:31 INF] Saved 16 entities to in-memory store.&#xD;
[14:37:31 INF] Saved 16 entities to in-memory store.&#xD;
Seeded 4 test accounts successfully.&#xD;
Database seeding completed successfully.&#xD;
Seeded 4 test accounts successfully.&#xD;
? ControlHub seeding completed successfully!&#xD;
Database seeding completed successfully.&#xD;
? ControlHub seeding completed successfully!&#xD;
Seeded 4 test accounts successfully.&#xD;
Database seeding completed successfully.&#xD;
? ControlHub seeding completed successfully!&#xD;
[14:37:31 INF] Saved 16 entities to in-memory store.&#xD;
Seeded 4 test accounts successfully.&#xD;
Database seeding completed successfully.&#xD;
? ControlHub seeding completed successfully!&#xD;
[14:37:31 INF] User profile is available. Using 'C:\Users\Gill\AppData\Local\ASP.NET\DataProtection-Keys' as key repository and Windows DPAPI to encrypt keys at rest.&#xD;
[14:37:31 INF] User profile is available. Using 'C:\Users\Gill\AppData\Local\ASP.NET\DataProtection-Keys' as key repository and Windows DPAPI to encrypt keys at rest.&#xD;
[14:37:31 INF] User profile is available. Using 'C:\Users\Gill\AppData\Local\ASP.NET\DataProtection-Keys' as key repository and Windows DPAPI to encrypt keys at rest.&#xD;
[14:37:31 INF] User profile is available. Using 'C:\Users\Gill\AppData\Local\ASP.NET\DataProtection-Keys' as key repository and Windows DPAPI to encrypt keys at rest.&#xD;
[14:37:31 INF] Request starting HTTP/1.1 POST http://localhost/api/Auth/users/register - application/json; charset=utf-8 83&#xD;
[14:37:31 INF] Request starting HTTP/1.1 POST http://localhost/api/Auth/auth/refresh - application/json; charset=utf-8 97&#xD;
[14:37:31 INF] Request starting HTTP/1.1 POST http://localhost/api/Auth/users/register - application/json; charset=utf-8 102&#xD;
[14:37:31 INF] Request starting HTTP/1.1 POST http://localhost/api/Auth/users/register - application/json; charset=utf-8 100&#xD;
[14:37:31 WRN] Failed to determine the https port for redirect.&#xD;
[14:37:31 WRN] Failed to determine the https port for redirect.&#xD;
[14:37:31 WRN] Failed to determine the https port for redirect.&#xD;
[14:37:31 WRN] Failed to determine the https port for redirect.&#xD;
[14:37:31 INF] ?? [JWT Config] Successfully loaded. Issuer: ControlHub&#xD;
[14:37:31 INF] ?? [JWT Config] Successfully loaded. Issuer: ControlHub&#xD;
[14:37:31 INF] ?? [JWT Config] Successfully loaded. Issuer: ControlHub&#xD;
[14:37:31 INF] ?? [JWT Config] Successfully loaded. Issuer: ControlHub&#xD;
[14:37:31 INF] Executing endpoint 'ControlHub.API.Accounts.Controllers.AuthController.Register (ControlHub.API)'&#xD;
[14:37:31 INF] Executing endpoint 'ControlHub.API.Accounts.Controllers.AuthController.Register (ControlHub.API)'&#xD;
[14:37:31 INF] Executing endpoint 'ControlHub.API.Accounts.Controllers.AuthController.Refresh (ControlHub.API)'&#xD;
[14:37:31 INF] Executing endpoint 'ControlHub.API.Accounts.Controllers.AuthController.Register (ControlHub.API)'&#xD;
[14:37:31 INF] Route matched with {action = "Register", controller = "Auth"}. Executing controller action with signature System.Threading.Tasks.Task`1[Microsoft.AspNetCore.Mvc.IActionResult] Register(ControlHub.API.Accounts.ViewModels.Request.RegisterUserRequest, System.Threading.CancellationToken) on controller ControlHub.API.Accounts.Controllers.AuthController (ControlHub.API).&#xD;
[14:37:31 INF] Route matched with {action = "Register", controller = "Auth"}. Executing controller action with signature System.Threading.Tasks.Task`1[Microsoft.AspNetCore.Mvc.IActionResult] Register(ControlHub.API.Accounts.ViewModels.Request.RegisterUserRequest, System.Threading.CancellationToken) on controller ControlHub.API.Accounts.Controllers.AuthController (ControlHub.API).&#xD;
[14:37:31 INF] Route matched with {action = "Register", controller = "Auth"}. Executing controller action with signature System.Threading.Tasks.Task`1[Microsoft.AspNetCore.Mvc.IActionResult] Register(ControlHub.API.Accounts.ViewModels.Request.RegisterUserRequest, System.Threading.CancellationToken) on controller ControlHub.API.Accounts.Controllers.AuthController (ControlHub.API).&#xD;
[14:37:31 INF] Route matched with {action = "Refresh", controller = "Auth"}. Executing controller action with signature System.Threading.Tasks.Task`1[Microsoft.AspNetCore.Mvc.IActionResult] Refresh(ControlHub.API.Accounts.ViewModels.Request.RefreshAccessTokenRequest, System.Threading.CancellationToken) on controller ControlHub.API.Accounts.Controllers.AuthController (ControlHub.API).&#xD;
[14:37:31 INF] Executing action method ControlHub.API.Accounts.Controllers.AuthController.Register (ControlHub.API) - Validation state: Valid&#xD;
[14:37:31 INF] Executing action method ControlHub.API.Accounts.Controllers.AuthController.Refresh (ControlHub.API) - Validation state: Valid&#xD;
[14:37:31 INF] Executing action method ControlHub.API.Accounts.Controllers.AuthController.Register (ControlHub.API) - Validation state: Valid&#xD;
[14:37:31 INF] Executing action method ControlHub.API.Accounts.Controllers.AuthController.Register (ControlHub.API) - Validation state: Valid&#xD;
[14:37:31 INF] Account.RegisterUser.Started: Starting account creation for Ident signoutuser@example.com&#xD;
[14:37:31 INF] Account.RegisterUser.Started: Starting account creation for Ident loginuser@example.com&#xD;
[14:37:31 WRN] Client Error occurred: Validation Error (Code: Validation.Failed). Message: Password is too short.; Password must contain at least one uppercase letter.; Password must contain at least one lowercase letter.; Password must contain at least one special character (!@#$%^&amp;*()).&#xD;
[14:37:31 INF] Token.Refresh.Started: Starting refresh access token process for RefreshToken invalid&#xD;
[14:37:31 INF] Executed action method ControlHub.API.Accounts.Controllers.AuthController.Register (ControlHub.API), returned result Microsoft.AspNetCore.Mvc.BadRequestObjectResult in 23.4373ms.&#xD;
[14:37:31 INF] Executing BadRequestObjectResult, writing value of type 'Microsoft.AspNetCore.Mvc.ProblemDetails'.&#xD;
[14:37:31 WRN] Token.Refresh.NotFound: Refresh token not found for Token invalid&#xD;
[14:37:31 WRN] Client Error occurred: Resource Not Found (Code: Token.NotFound). Message: Token is not found.&#xD;
[14:37:31 INF] Executed action method ControlHub.API.Accounts.Controllers.AuthController.Refresh (ControlHub.API), returned result Microsoft.AspNetCore.Mvc.NotFoundObjectResult in 33.1207ms.&#xD;
[14:37:31 INF] Executing NotFoundObjectResult, writing value of type 'Microsoft.AspNetCore.Mvc.ProblemDetails'.&#xD;
[14:37:31 INF] Executed action ControlHub.API.Accounts.Controllers.AuthController.Register (ControlHub.API) in 69.1181ms&#xD;
[14:37:31 INF] Executed endpoint 'ControlHub.API.Accounts.Controllers.AuthController.Register (ControlHub.API)'&#xD;
[14:37:31 INF] Executed action ControlHub.API.Accounts.Controllers.AuthController.Refresh (ControlHub.API) in 69.0029ms&#xD;
[14:37:31 INF] Executed endpoint 'ControlHub.API.Accounts.Controllers.AuthController.Refresh (ControlHub.API)'&#xD;
[14:37:31 INF] Request finished HTTP/1.1 POST http://localhost/api/Auth/users/register - 400 null application/problem+json; charset=utf-8 142.2645ms&#xD;
[14:37:31 INF] Request finished HTTP/1.1 POST http://localhost/api/Auth/auth/refresh - 404 null application/problem+json; charset=utf-8 143.1422ms&#xD;
[14:37:31 INF] Request starting HTTP/1.1 POST http://localhost/api/Auth/users/register - application/json; charset=utf-8 98&#xD;
[14:37:31 INF] Request starting HTTP/1.1 POST http://localhost/api/Auth/users/register - application/json; charset=utf-8 100&#xD;
[14:37:31 INF] Executing endpoint 'ControlHub.API.Accounts.Controllers.AuthController.Register (ControlHub.API)'&#xD;
[14:37:31 INF] Executing endpoint 'ControlHub.API.Accounts.Controllers.AuthController.Register (ControlHub.API)'&#xD;
[14:37:31 INF] Route matched with {action = "Register", controller = "Auth"}. Executing controller action with signature System.Threading.Tasks.Task`1[Microsoft.AspNetCore.Mvc.IActionResult] Register(ControlHub.API.Accounts.ViewModels.Request.RegisterUserRequest, System.Threading.CancellationToken) on controller ControlHub.API.Accounts.Controllers.AuthController (ControlHub.API).&#xD;
[14:37:31 INF] Executing action method ControlHub.API.Accounts.Controllers.AuthController.Register (ControlHub.API) - Validation state: Valid&#xD;
[14:37:31 INF] Account.RegisterUser.Started: Starting account creation for Ident newuser@example.com&#xD;
[14:37:31 INF] Route matched with {action = "Register", controller = "Auth"}. Executing controller action with signature System.Threading.Tasks.Task`1[Microsoft.AspNetCore.Mvc.IActionResult] Register(ControlHub.API.Accounts.ViewModels.Request.RegisterUserRequest, System.Threading.CancellationToken) on controller ControlHub.API.Accounts.Controllers.AuthController (ControlHub.API).&#xD;
[14:37:31 INF] Executing action method ControlHub.API.Accounts.Controllers.AuthController.Register (ControlHub.API) - Validation state: Valid&#xD;
[14:37:31 INF] Account.RegisterUser.Started: Starting account creation for Ident tokenuser@example.com&#xD;
[14:37:31 INF] Account.RegisterUser.Success: Account created successfully for AccountId 02d132e8-7a0d-4675-849e-0393a5a63814, Ident signoutuser@example.com&#xD;
[14:37:31 INF] Implicit transaction started at 01/18/2026 07:37:31&#xD;
[14:37:31 INF] Saved 4 entities to in-memory store.&#xD;
[14:37:31 INF] Transaction committed successfully with 4 changes.&#xD;
[14:37:31 INF] Executed action method ControlHub.API.Accounts.Controllers.AuthController.Register (ControlHub.API), returned result Microsoft.AspNetCore.Mvc.OkObjectResult in 205.6114ms.&#xD;
[14:37:31 INF] Executing OkObjectResult, writing value of type 'ControlHub.API.Accounts.ViewModels.Response.RegisterUserResponse'.&#xD;
[14:37:31 INF] Executed action ControlHub.API.Accounts.Controllers.AuthController.Register (ControlHub.API) in 225.8904ms&#xD;
[14:37:31 INF] Executed endpoint 'ControlHub.API.Accounts.Controllers.AuthController.Register (ControlHub.API)'&#xD;
[14:37:31 INF] Request finished HTTP/1.1 POST http://localhost/api/Auth/users/register - 200 null application/json; charset=utf-8 294.7949ms&#xD;
[14:37:31 INF] Request starting HTTP/1.1 POST http://localhost/api/Auth/auth/signin - application/json; charset=utf-8 102&#xD;
[14:37:31 INF] Executing endpoint 'ControlHub.API.Accounts.Controllers.AuthController.SignIn (ControlHub.API)'&#xD;
[14:37:31 INF] Route matched with {action = "SignIn", controller = "Auth"}. Executing controller action with signature System.Threading.Tasks.Task`1[Microsoft.AspNetCore.Mvc.IActionResult] SignIn(ControlHub.API.Accounts.ViewModels.Request.SignInRequest, System.Threading.CancellationToken) on controller ControlHub.API.Accounts.Controllers.AuthController (ControlHub.API).&#xD;
[14:37:31 INF] Executing action method ControlHub.API.Accounts.Controllers.AuthController.SignIn (ControlHub.API) - Validation state: Valid&#xD;
[14:37:31 INF] Account.RegisterUser.Success: Account created successfully for AccountId 24a76f72-fb93-470c-862a-fdc72785c0bc, Ident loginuser@example.com&#xD;
[14:37:31 INF] Implicit transaction started at 01/18/2026 07:37:31&#xD;
[14:37:31 INF] Saved 4 entities to in-memory store.&#xD;
[14:37:32 INF] Transaction committed successfully with 4 changes.&#xD;
[14:37:32 INF] Executed action method ControlHub.API.Accounts.Controllers.AuthController.Register (ControlHub.API), returned result Microsoft.AspNetCore.Mvc.OkObjectResult in 249.1026ms.&#xD;
[14:37:32 INF] Executing OkObjectResult, writing value of type 'ControlHub.API.Accounts.ViewModels.Response.RegisterUserResponse'.&#xD;
[14:37:32 INF] Executed action ControlHub.API.Accounts.Controllers.AuthController.Register (ControlHub.API) in 267.8946ms&#xD;
[14:37:32 INF] Executed endpoint 'ControlHub.API.Accounts.Controllers.AuthController.Register (ControlHub.API)'&#xD;
[14:37:32 INF] Request finished HTTP/1.1 POST http://localhost/api/Auth/users/register - 200 null application/json; charset=utf-8 336.5325ms&#xD;
[14:37:32 INF] Account.RegisterUser.Success: Account created successfully for AccountId 03f0d5ad-daff-47e5-9181-4d9dc2e04ffd, Ident newuser@example.com&#xD;
[14:37:32 INF] Request starting HTTP/1.1 POST http://localhost/api/Auth/auth/signin - application/json; charset=utf-8 100&#xD;
[14:37:32 INF] Implicit transaction started at 01/18/2026 07:37:32&#xD;
[14:37:32 INF] Account.SignIn.Started: Starting sign-in process for Identifier signoutuser@example.com&#xD;
[14:37:32 INF] Executing endpoint 'ControlHub.API.Accounts.Controllers.AuthController.SignIn (ControlHub.API)'&#xD;
[14:37:32 INF] Saved 4 entities to in-memory store.&#xD;
[14:37:32 INF] Transaction committed successfully with 4 changes.&#xD;
[14:37:32 INF] Executed action method ControlHub.API.Accounts.Controllers.AuthController.Register (ControlHub.API), returned result Microsoft.AspNetCore.Mvc.OkObjectResult in 167.9651ms.&#xD;
[14:37:32 INF] Executing OkObjectResult, writing value of type 'ControlHub.API.Accounts.ViewModels.Response.RegisterUserResponse'.&#xD;
[14:37:32 INF] Executed action ControlHub.API.Accounts.Controllers.AuthController.Register (ControlHub.API) in 170.8497ms&#xD;
[14:37:32 INF] Executed endpoint 'ControlHub.API.Accounts.Controllers.AuthController.Register (ControlHub.API)'&#xD;
[14:37:32 INF] Request finished HTTP/1.1 POST http://localhost/api/Auth/users/register - 200 null application/json; charset=utf-8 175.6656ms&#xD;
[14:37:32 INF] Route matched with {action = "SignIn", controller = "Auth"}. Executing controller action with signature System.Threading.Tasks.Task`1[Microsoft.AspNetCore.Mvc.IActionResult] SignIn(ControlHub.API.Accounts.ViewModels.Request.SignInRequest, System.Threading.CancellationToken) on controller ControlHub.API.Accounts.Controllers.AuthController (ControlHub.API).&#xD;
[14:37:32 INF] Executing action method ControlHub.API.Accounts.Controllers.AuthController.SignIn (ControlHub.API) - Validation state: Valid&#xD;
[14:37:32 INF] Request starting HTTP/1.1 POST http://localhost/api/Auth/users/register - application/json; charset=utf-8 100&#xD;
[14:37:32 INF] Account.SignIn.Started: Starting sign-in process for Identifier loginuser@example.com&#xD;
[14:37:32 INF] Executing endpoint 'ControlHub.API.Accounts.Controllers.AuthController.Register (ControlHub.API)'&#xD;
[14:37:32 INF] Route matched with {action = "Register", controller = "Auth"}. Executing controller action with signature System.Threading.Tasks.Task`1[Microsoft.AspNetCore.Mvc.IActionResult] Register(ControlHub.API.Accounts.ViewModels.Request.RegisterUserRequest, System.Threading.CancellationToken) on controller ControlHub.API.Accounts.Controllers.AuthController (ControlHub.API).&#xD;
[14:37:32 INF] Executing action method ControlHub.API.Accounts.Controllers.AuthController.Register (ControlHub.API) - Validation state: Valid&#xD;
[14:37:32 INF] Account.RegisterUser.Started: Starting account creation for Ident duplicate@example.com&#xD;
[14:37:32 INF] Account.RegisterUser.Success: Account created successfully for AccountId 20d80a94-27ce-4894-87d7-03fcbf75a379, Ident tokenuser@example.com&#xD;
[14:37:32 INF] Implicit transaction started at 01/18/2026 07:37:32&#xD;
[14:37:32 INF] Saved 4 entities to in-memory store.&#xD;
[14:37:32 INF] Transaction committed successfully with 4 changes.&#xD;
[14:37:32 INF] Executed action method ControlHub.API.Accounts.Controllers.AuthController.Register (ControlHub.API), returned result Microsoft.AspNetCore.Mvc.OkObjectResult in 185.9045ms.&#xD;
[14:37:32 INF] Executing OkObjectResult, writing value of type 'ControlHub.API.Accounts.ViewModels.Response.RegisterUserResponse'.&#xD;
[14:37:32 INF] Executed action ControlHub.API.Accounts.Controllers.AuthController.Register (ControlHub.API) in 209.0708ms&#xD;
[14:37:32 INF] Executed endpoint 'ControlHub.API.Accounts.Controllers.AuthController.Register (ControlHub.API)'&#xD;
[14:37:32 INF] Request finished HTTP/1.1 POST http://localhost/api/Auth/users/register - 200 null application/json; charset=utf-8 220.5557ms&#xD;
[14:37:32 INF] Request starting HTTP/1.1 POST http://localhost/api/Auth/auth/signin - application/json; charset=utf-8 100&#xD;
[14:37:32 INF] Executing endpoint 'ControlHub.API.Accounts.Controllers.AuthController.SignIn (ControlHub.API)'&#xD;
[14:37:32 INF] Route matched with {action = "SignIn", controller = "Auth"}. Executing controller action with signature System.Threading.Tasks.Task`1[Microsoft.AspNetCore.Mvc.IActionResult] SignIn(ControlHub.API.Accounts.ViewModels.Request.SignInRequest, System.Threading.CancellationToken) on controller ControlHub.API.Accounts.Controllers.AuthController (ControlHub.API).&#xD;
[14:37:32 INF] Executing action method ControlHub.API.Accounts.Controllers.AuthController.SignIn (ControlHub.API) - Validation state: Valid&#xD;
[14:37:32 INF] Account.SignIn.Started: Starting sign-in process for Identifier tokenuser@example.com&#xD;
[14:37:32 INF] Account.RegisterUser.Success: Account created successfully for AccountId f29b8a7e-689f-41d9-87b5-51c8aeba7515, Ident duplicate@example.com&#xD;
[14:37:32 INF] Implicit transaction started at 01/18/2026 07:37:32&#xD;
[14:37:32 INF] Saved 4 entities to in-memory store.&#xD;
[14:37:32 INF] Transaction committed successfully with 4 changes.&#xD;
[14:37:32 INF] Executed action method ControlHub.API.Accounts.Controllers.AuthController.Register (ControlHub.API), returned result Microsoft.AspNetCore.Mvc.OkObjectResult in 163.7898ms.&#xD;
[14:37:32 INF] Executing OkObjectResult, writing value of type 'ControlHub.API.Accounts.ViewModels.Response.RegisterUserResponse'.&#xD;
[14:37:32 INF] Executed action ControlHub.API.Accounts.Controllers.AuthController.Register (ControlHub.API) in 185.3621ms&#xD;
[14:37:32 INF] Executed endpoint 'ControlHub.API.Accounts.Controllers.AuthController.Register (ControlHub.API)'&#xD;
[14:37:32 INF] Request finished HTTP/1.1 POST http://localhost/api/Auth/users/register - 200 null application/json; charset=utf-8 189.5288ms&#xD;
[14:37:32 INF] Request starting HTTP/1.1 POST http://localhost/api/Auth/users/register - application/json; charset=utf-8 100&#xD;
[14:37:32 INF] Executing endpoint 'ControlHub.API.Accounts.Controllers.AuthController.Register (ControlHub.API)'&#xD;
[14:37:32 INF] Route matched with {action = "Register", controller = "Auth"}. Executing controller action with signature System.Threading.Tasks.Task`1[Microsoft.AspNetCore.Mvc.IActionResult] Register(ControlHub.API.Accounts.ViewModels.Request.RegisterUserRequest, System.Threading.CancellationToken) on controller ControlHub.API.Accounts.Controllers.AuthController (ControlHub.API).&#xD;
[14:37:32 INF] Executing action method ControlHub.API.Accounts.Controllers.AuthController.Register (ControlHub.API) - Validation state: Valid&#xD;
[14:37:32 INF] Account.RegisterUser.Started: Starting account creation for Ident duplicate@example.com&#xD;
[14:37:32 WRN] Account.RegisterUser.IdentifierExists: Identifier already exists for Ident duplicate@example.com&#xD;
[14:37:32 WRN] Client Error occurred: Conflict (Code: Account.EmailAlreadyExists). Message: The email provided is already in use.&#xD;
[14:37:32 INF] Executed action method ControlHub.API.Accounts.Controllers.AuthController.Register (ControlHub.API), returned result Microsoft.AspNetCore.Mvc.ConflictObjectResult in 16.0317ms.&#xD;
[14:37:32 INF] Executing ConflictObjectResult, writing value of type 'Microsoft.AspNetCore.Mvc.ProblemDetails'.&#xD;
[14:37:32 INF] Executed action ControlHub.API.Accounts.Controllers.AuthController.Register (ControlHub.API) in 17.553ms&#xD;
[14:37:32 INF] Executed endpoint 'ControlHub.API.Accounts.Controllers.AuthController.Register (ControlHub.API)'&#xD;
[14:37:32 INF] Request finished HTTP/1.1 POST http://localhost/api/Auth/users/register - 409 null application/problem+json; charset=utf-8 18.5539ms&#xD;
[14:37:32 INF] Implicit transaction started at 01/18/2026 07:37:32&#xD;
[14:37:32 INF] Implicit transaction started at 01/18/2026 07:37:32&#xD;
[14:37:32 INF] Implicit transaction started at 01/18/2026 07:37:32&#xD;
[14:37:32 INF] Saved 2 entities to in-memory store.&#xD;
[14:37:32 INF] Saved 2 entities to in-memory store.&#xD;
[14:37:32 INF] Saved 2 entities to in-memory store.&#xD;
[14:37:32 INF] Transaction committed successfully with 2 changes.&#xD;
[14:37:32 INF] Transaction committed successfully with 2 changes.&#xD;
[14:37:32 INF] Transaction committed successfully with 2 changes.&#xD;
[14:37:32 INF] Account.SignIn.Success: User signed in successfully for AccountId 02d132e8-7a0d-4675-849e-0393a5a63814&#xD;
[14:37:32 INF] Account.SignIn.Success: User signed in successfully for AccountId 24a76f72-fb93-470c-862a-fdc72785c0bc&#xD;
[14:37:32 INF] Account.SignIn.Success: User signed in successfully for AccountId 20d80a94-27ce-4894-87d7-03fcbf75a379&#xD;
[14:37:32 INF] Executed action method ControlHub.API.Accounts.Controllers.AuthController.SignIn (ControlHub.API), returned result Microsoft.AspNetCore.Mvc.OkObjectResult in 289.2556ms.&#xD;
[14:37:32 INF] Executed action method ControlHub.API.Accounts.Controllers.AuthController.SignIn (ControlHub.API), returned result Microsoft.AspNetCore.Mvc.OkObjectResult in 260.5103ms.&#xD;
[14:37:32 INF] Executed action method ControlHub.API.Accounts.Controllers.AuthController.SignIn (ControlHub.API), returned result Microsoft.AspNetCore.Mvc.OkObjectResult in 188.8187ms.&#xD;
[14:37:32 INF] Executing OkObjectResult, writing value of type 'ControlHub.API.Accounts.ViewModels.Response.SignInResponse'.&#xD;
[14:37:32 INF] Executing OkObjectResult, writing value of type 'ControlHub.API.Accounts.ViewModels.Response.SignInResponse'.&#xD;
[14:37:32 INF] Executing OkObjectResult, writing value of type 'ControlHub.API.Accounts.ViewModels.Response.SignInResponse'.&#xD;
[14:37:32 INF] Executed action ControlHub.API.Accounts.Controllers.AuthController.SignIn (ControlHub.API) in 193.044ms&#xD;
[14:37:32 INF] Executed action ControlHub.API.Accounts.Controllers.AuthController.SignIn (ControlHub.API) in 293.9413ms&#xD;
[14:37:32 INF] Executed action ControlHub.API.Accounts.Controllers.AuthController.SignIn (ControlHub.API) in 263.916ms&#xD;
[14:37:32 INF] Executed endpoint 'ControlHub.API.Accounts.Controllers.AuthController.SignIn (ControlHub.API)'&#xD;
[14:37:32 INF] Executed endpoint 'ControlHub.API.Accounts.Controllers.AuthController.SignIn (ControlHub.API)'&#xD;
[14:37:32 INF] Executed endpoint 'ControlHub.API.Accounts.Controllers.AuthController.SignIn (ControlHub.API)'&#xD;
[14:37:32 INF] Request finished HTTP/1.1 POST http://localhost/api/Auth/auth/signin - 200 null application/json; charset=utf-8 303.9715ms&#xD;
[14:37:32 INF] Request finished HTTP/1.1 POST http://localhost/api/Auth/auth/signin - 200 null application/json; charset=utf-8 270.8697ms&#xD;
[14:37:32 INF] Request finished HTTP/1.1 POST http://localhost/api/Auth/auth/signin - 200 null application/json; charset=utf-8 203.6888ms&#xD;
[14:37:32 INF] Request starting HTTP/1.1 POST http://localhost/api/Auth/auth/refresh - application/json; charset=utf-8 868&#xD;
[14:37:32 INF] Executing endpoint 'ControlHub.API.Accounts.Controllers.AuthController.Refresh (ControlHub.API)'&#xD;
[14:37:32 INF] Route matched with {action = "Refresh", controller = "Auth"}. Executing controller action with signature System.Threading.Tasks.Task`1[Microsoft.AspNetCore.Mvc.IActionResult] Refresh(ControlHub.API.Accounts.ViewModels.Request.RefreshAccessTokenRequest, System.Threading.CancellationToken) on controller ControlHub.API.Accounts.Controllers.AuthController (ControlHub.API).&#xD;
[14:37:32 INF] Request starting HTTP/1.1 POST http://localhost/api/Auth/auth/signout - application/json; charset=utf-8 833&#xD;
[14:37:32 INF] Executing action method ControlHub.API.Accounts.Controllers.AuthController.Refresh (ControlHub.API) - Validation state: Valid&#xD;
[14:37:32 INF] Token.Refresh.Started: Starting refresh access token process for RefreshToken d67iz8PM0zBwkGyHmPOqQnGC0DihhK3e8byc+3+sc9Ku85YlRXXpBsvEPgWy1MLG4sZQT9lstcrM2eJ5UdSQIA==&#xD;
     Warning:&#xD;
     The component "Fluent Assertions" is governed by the rules defined in the Xceed License Agreement and&#xD;
     the Xceed Fluent Assertions Community License. You may use Fluent Assertions free of charge for&#xD;
     non-commercial use only. An active subscription is required to use Fluent Assertions for commercial use.&#xD;
     Please contact Xceed Sales mailto:sales@xceed.com to acquire a subscription at a very low cost.&#xD;
     A paid commercial license supports the development and continued increasing support of&#xD;
     Fluent Assertions users under both commercial and community licenses. Help us&#xD;
     keep Fluent Assertions at the forefront of unit testing.&#xD;
     For more information, visit https://xceed.com/products/unit-testing/fluent-assertions/&#xD;
[14:37:32 INF] Request starting HTTP/1.1 POST http://localhost/api/Auth/auth/signin - application/json; charset=utf-8 79&#xD;
[14:37:32 INF] Executing endpoint 'ControlHub.API.Accounts.Controllers.AuthController.SignIn (ControlHub.API)'&#xD;
[14:37:32 INF] Route matched with {action = "SignIn", controller = "Auth"}. Executing controller action with signature System.Threading.Tasks.Task`1[Microsoft.AspNetCore.Mvc.IActionResult] SignIn(ControlHub.API.Accounts.ViewModels.Request.SignInRequest, System.Threading.CancellationToken) on controller ControlHub.API.Accounts.Controllers.AuthController (ControlHub.API).&#xD;
[14:37:32 INF] Executing action method ControlHub.API.Accounts.Controllers.AuthController.SignIn (ControlHub.API) - Validation state: Valid&#xD;
[14:37:32 WRN] Client Error occurred: Validation Error (Code: Validation.Failed). Message: Password is too short.; Password must contain at least one uppercase letter.; Password must contain at least one lowercase letter.; Password must contain at least one special character (!@#$%^&amp;*()).&#xD;
[14:37:32 INF] Executed action method ControlHub.API.Accounts.Controllers.AuthController.SignIn (ControlHub.API), returned result Microsoft.AspNetCore.Mvc.BadRequestObjectResult in 1.0255ms.&#xD;
[14:37:32 INF] Executing BadRequestObjectResult, writing value of type 'Microsoft.AspNetCore.Mvc.ProblemDetails'.&#xD;
[14:37:32 INF] Token.Refresh.Valid: Refresh token validated successfully for AccountId 20d80a94-27ce-4894-87d7-03fcbf75a379&#xD;
[14:37:32 INF] Executed action ControlHub.API.Accounts.Controllers.AuthController.SignIn (ControlHub.API) in 4.6675ms&#xD;
[14:37:32 INF] Executed endpoint 'ControlHub.API.Accounts.Controllers.AuthController.SignIn (ControlHub.API)'&#xD;
[14:37:32 INF] Request finished HTTP/1.1 POST http://localhost/api/Auth/auth/signin - 400 null application/problem+json; charset=utf-8 8.709ms&#xD;
[14:37:32 INF] Implicit transaction started at 01/18/2026 07:37:32&#xD;
[14:37:32 INF] Saved 2 entities to in-memory store.&#xD;
[14:37:32 INF] Transaction committed successfully with 2 changes.&#xD;
[14:37:32 INF] Token.Refresh.Success: Access and refresh tokens generated successfully for AccountId 20d80a94-27ce-4894-87d7-03fcbf75a379. NewAccess: eyJhbGciOiJIUzI1NiIsInR5cCI6IkpXVCJ9.eyJzdWIiOiIyMGQ4MGE5NC0yN2NlLTQ4OTQtODdkNy0wM2ZjYmY3NWEzNzkiLCJodHRwOi8vc2NoZW1hcy54bWxzb2FwLm9yZy93cy8yMDA1LzA1L2lkZW50aXR5L2NsYWltcy9uYW1laWRlbnRpZmllciI6IjIwZDgwYTk0LTI3Y2UtNDg5NC04N2Q3LTAzZmNiZjc1YTM3OSIsImh0dHA6Ly9zY2hlbWFzLnhtbHNvYXAub3JnL3dzLzIwMDUvMDUvaWRlbnRpdHkvY2xhaW1zL25hbWUiOiJFbWFpbDp0b2tlbnVzZXJAZXhhbXBsZS5jb20iLCJqdGkiOiI1ODM4MmM5MS1jZWU4LTQyNmQtOWMwOC04ZjE5MTg4MmRlNTUiLCJodHRwOi8vc2NoZW1hcy5taWNyb3NvZnQuY29tL3dzLzIwMDgvMDYvaWRlbnRpdHkvY2xhaW1zL3JvbGUiOiI4Y2Y5NGI0MS01YWQ4LTQ4OTMtODJiMi1iMTkzYzkxNzE3YWYiLCJleHAiOjE3Njg3MjI3NTIsImlzcyI6IkNvbnRyb2xIdWIiLCJhdWQiOiJDb250cm9sSHViVXNlcnMifQ.2rKZIg-WzRoddPw2xfIEcmlZX9lwoP1xz__kdXg_dsQ, NewRefresh: sJ+daKvdAAZCYMbUlQZHQ+0GnisoR9tLhxK7ynWJDnTmu3OEHvgHNiXAcK6i0OLpUnF9RGpNokpLATmfiWgiMA==&#xD;
[14:37:32 INF] Executed action method ControlHub.API.Accounts.Controllers.AuthController.Refresh (ControlHub.API), returned result Microsoft.AspNetCore.Mvc.OkObjectResult in 18.0626ms.&#xD;
[14:37:32 INF] Executing OkObjectResult, writing value of type 'ControlHub.API.Accounts.ViewModels.Response.RefreshAccessTokenReponse'.&#xD;
[14:37:32 INF] Request starting HTTP/1.1 POST http://localhost/api/Auth/users/register - application/json; charset=utf-8 100&#xD;
[14:37:32 INF] Executing endpoint 'ControlHub.API.Accounts.Controllers.AuthController.Register (ControlHub.API)'&#xD;
[14:37:32 INF] Route matched with {action = "Register", controller = "Auth"}. Executing controller action with signature System.Threading.Tasks.Task`1[Microsoft.AspNetCore.Mvc.IActionResult] Register(ControlHub.API.Accounts.ViewModels.Request.RegisterUserRequest, System.Threading.CancellationToken) on controller ControlHub.API.Accounts.Controllers.AuthController (ControlHub.API).&#xD;
[14:37:32 INF] Executing action method ControlHub.API.Accounts.Controllers.AuthController.Register (ControlHub.API) - Validation state: Valid&#xD;
[14:37:32 INF] Executed action ControlHub.API.Accounts.Controllers.AuthController.Refresh (ControlHub.API) in 19.9218ms&#xD;
[14:37:32 INF] Executed endpoint 'ControlHub.API.Accounts.Controllers.AuthController.Refresh (ControlHub.API)'&#xD;
[14:37:32 INF] Request finished HTTP/1.1 POST http://localhost/api/Auth/auth/refresh - 200 null application/json; charset=utf-8 20.9495ms&#xD;
[14:37:32 INF] Account.RegisterUser.Started: Starting account creation for Ident wrongpass@example.com&#xD;
[14:37:32 INF] --- PermissionClaimsTransformation: Role user kh�ng c� permission n�o. ---&#xD;
[14:37:32 INF] Executing endpoint 'ControlHub.API.Accounts.Controllers.AuthController.SignOut (ControlHub.API)'&#xD;
[14:37:32 INF] Route matched with {action = "SignOut", controller = "Auth"}. Executing controller action with signature System.Threading.Tasks.Task`1[Microsoft.AspNetCore.Mvc.IActionResult] SignOut(ControlHub.API.Accounts.ViewModels.Request.SignOutRequest, System.Threading.CancellationToken) on controller ControlHub.API.Accounts.Controllers.AuthController (ControlHub.API).&#xD;
[14:37:32 INF] Executing action method ControlHub.API.Accounts.Controllers.AuthController.SignOut (ControlHub.API) - Validation state: Valid&#xD;
[14:37:32 INF] Account.SignOut.Started: Starting sign-out process for AccessToken eyJhbGciOi&#xD;
[14:37:32 INF] Implicit transaction started at 01/18/2026 07:37:32&#xD;
[14:37:32 INF] Transaction committed successfully with 0 changes.&#xD;
[14:37:32 INF] Account.SignOut.Success: User signed out successfully for AccountId 02d132e8-7a0d-4675-849e-0393a5a63814&#xD;
[14:37:32 INF] Executed action method ControlHub.API.Accounts.Controllers.AuthController.SignOut (ControlHub.API), returned result Microsoft.AspNetCore.Mvc.NoContentResult in 23.2906ms.&#xD;
[14:37:32 INF] Executing StatusCodeResult, setting HTTP status code 204&#xD;
[14:37:32 INF] Executed action ControlHub.API.Accounts.Controllers.AuthController.SignOut (ControlHub.API) in 26.7912ms&#xD;
[14:37:32 INF] Executed endpoint 'ControlHub.API.Accounts.Controllers.AuthController.SignOut (ControlHub.API)'&#xD;
[14:37:32 INF] Request finished HTTP/1.1 POST http://localhost/api/Auth/auth/signout - 204 null null 100.5111ms&#xD;
[14:37:32 INF] Account.RegisterUser.Success: Account created successfully for AccountId 44149954-2e93-4ced-9aa9-e5fff3606f30, Ident wrongpass@example.com&#xD;
[14:37:32 INF] Implicit transaction started at 01/18/2026 07:37:32&#xD;
[14:37:32 INF] Saved 4 entities to in-memory store.&#xD;
[14:37:32 INF] Transaction committed successfully with 4 changes.&#xD;
[14:37:32 INF] Executed action method ControlHub.API.Accounts.Controllers.AuthController.Register (ControlHub.API), returned result Microsoft.AspNetCore.Mvc.OkObjectResult in 81.4432ms.&#xD;
[14:37:32 INF] Executing OkObjectResult, writing value of type 'ControlHub.API.Accounts.ViewModels.Response.RegisterUserResponse'.&#xD;
[14:37:32 INF] Executed action ControlHub.API.Accounts.Controllers.AuthController.Register (ControlHub.API) in 82.4106ms&#xD;
[14:37:32 INF] Executed endpoint 'ControlHub.API.Accounts.Controllers.AuthController.Register (ControlHub.API)'&#xD;
[14:37:32 INF] Request finished HTTP/1.1 POST http://localhost/api/Auth/users/register - 200 null application/json; charset=utf-8 83.3839ms&#xD;
[14:37:32 INF] Request starting HTTP/1.1 POST http://localhost/api/Auth/auth/signin - application/json; charset=utf-8 99&#xD;
[14:37:32 INF] Request starting HTTP/1.1 POST http://localhost/api/Auth/auth/signout - application/json; charset=utf-8 42&#xD;
[14:37:32 INF] Executing endpoint 'ControlHub.API.Accounts.Controllers.AuthController.SignIn (ControlHub.API)'&#xD;
[14:37:32 INF] Route matched with {action = "SignIn", controller = "Auth"}. Executing controller action with signature System.Threading.Tasks.Task`1[Microsoft.AspNetCore.Mvc.IActionResult] SignIn(ControlHub.API.Accounts.ViewModels.Request.SignInRequest, System.Threading.CancellationToken) on controller ControlHub.API.Accounts.Controllers.AuthController (ControlHub.API).&#xD;
[14:37:32 INF] Executing action method ControlHub.API.Accounts.Controllers.AuthController.SignIn (ControlHub.API) - Validation state: Valid&#xD;
[14:37:32 INF] Authorization failed. These requirements were not met:&#xD;
DenyAnonymousAuthorizationRequirement: Requires an authenticated user.&#xD;
[14:37:32 INF] Account.SignIn.Started: Starting sign-in process for Identifier wrongpass@example.com&#xD;
[14:37:32 INF] AuthenticationScheme: Bearer was challenged.&#xD;
[14:37:32 INF] Request finished HTTP/1.1 POST http://localhost/api/Auth/auth/signout - 401 null null 5.1139ms&#xD;
[14:37:32 WRN] Account.SignIn.InvalidPassword: Invalid password for AccountId 44149954-2e93-4ced-9aa9-e5fff3606f30&#xD;
[14:37:32 WRN] Client Error occurred: Unauthorized (Code: Auth.InvalidCredentials). Message: Invalid email or password.&#xD;
[14:37:32 INF] Executed action method ControlHub.API.Accounts.Controllers.AuthController.SignIn (ControlHub.API), returned result Microsoft.AspNetCore.Mvc.UnauthorizedObjectResult in 68.2132ms.&#xD;
[14:37:32 INF] Executing UnauthorizedObjectResult, writing value of type 'Microsoft.AspNetCore.Mvc.ProblemDetails'.&#xD;
[14:37:32 INF] Executed action ControlHub.API.Accounts.Controllers.AuthController.SignIn (ControlHub.API) in 69.0052ms&#xD;
[14:37:32 INF] Executed endpoint 'ControlHub.API.Accounts.Controllers.AuthController.SignIn (ControlHub.API)'&#xD;
[14:37:32 INF] Request finished HTTP/1.1 POST http://localhost/api/Auth/auth/signin - 401 null application/problem+json; charset=utf-8 69.7329ms&#xD;
[xUnit.net 00:00:07.98]   Finished:    ControlHub.Api.Tests&#xD;
</StdOut>
    </Output>
  </ResultSummary>
</TestRun>