<?xml version="1.0" encoding="utf-8"?>
<TestRun id="2774e2a0-0d83-4285-bdca-e60d4241c729" name="Gill@DESKTOP-3V98JDF 2026-01-18 15:01:15" runUser="DESKTOP-3V98JDF\Gill" xmlns="http://microsoft.com/schemas/VisualStudio/TeamTest/2010">
  <Times creation="2026-01-18T15:01:15.8940554+07:00" queuing="2026-01-18T15:01:15.8940558+07:00" start="2026-01-18T15:01:12.5428526+07:00" finish="2026-01-18T15:01:20.3581233+07:00" />
  <TestSettings name="default" id="35896d23-bdfd-433a-a404-fff10a17bf1b">
    <Deployment runDeploymentRoot="Gill_DESKTOP-3V98JDF_2026-01-18_15_01_15" />
  </TestSettings>
  <Results>
    <UnitTestResult executionId="49a0cbf0-872a-4fb0-9c43-c6130bb5c3a8" testId="e505512f-6980-e6a2-8a21-499859229f55" testName="ControlHub.Api.Tests.FunctionalTests.Accounts.RoleTests.CreateRoles_ShouldReturnBadRequest_WhenNameIsEmpty" computerName="DESKTOP-3V98JDF" duration="00:00:00.0867885" startTime="2026-01-18T15:01:15.4254218+07:00" endTime="2026-01-18T15:01:15.5110628+07:00" testType="13cdc9d9-ddb5-4fa4-a97d-d965ccfc6d4b" outcome="Passed" testListId="8c84fa94-04c1-424b-9868-57a2d4851a1d" relativeResultsDirectory="49a0cbf0-872a-4fb0-9c43-c6130bb5c3a8" />
    <UnitTestResult executionId="3be83706-cf7e-4fcc-8074-b6fd85140465" testId="0f7b3a18-e8d4-141c-93a2-ce1fabc48217" testName="ControlHub.Api.Tests.FunctionalTests.Accounts.RoleTests.CreateRoles_ShouldReturnOk_WithPartialSuccess_WhenOneRoleIsInvalid" computerName="DESKTOP-3V98JDF" duration="00:00:02.2317207" startTime="2026-01-18T15:01:13.0738265+07:00" endTime="2026-01-18T15:01:15.3163568+07:00" testType="13cdc9d9-ddb5-4fa4-a97d-d965ccfc6d4b" outcome="Failed" testListId="8c84fa94-04c1-424b-9868-57a2d4851a1d" relativeResultsDirectory="3be83706-cf7e-4fcc-8074-b6fd85140465">
      <Output>
        <ErrorInfo>
          <Message>Expected result.FailedRoles {"Handler-Level Failure: Permission.NotFound"} to have an item matching f.Contains("Permission.PermissionNotFound").</Message>
          <StackTrace>   at FluentAssertions.Execution.LateBoundTestFramework.Throw(String message)&#xD;
   at FluentAssertions.Execution.DefaultAssertionStrategy.HandleFailure(String message)&#xD;
   at FluentAssertions.Execution.AssertionScope.AddPreFormattedFailure(String formattedFailureMessage)&#xD;
   at FluentAssertions.Execution.AssertionChain.FailWith(Func`1 getFailureReason)&#xD;
   at FluentAssertions.Execution.AssertionChain.FailWith(Func`1 getFailureReason)&#xD;
   at FluentAssertions.Execution.AssertionChain.FailWith(String message, Object[] args)&#xD;
   at FluentAssertions.Collections.GenericCollectionAssertions`3.Contain(Expression`1 predicate, String because, Object[] becauseArgs)&#xD;
   at ControlHub.Api.Tests.FunctionalTests.Accounts.RoleTests.CreateRoles_ShouldReturnOk_WithPartialSuccess_WhenOneRoleIsInvalid() in e:\Project\ControlHub\tests\ControlHub.Api.Tests\FunctionalTests\Accounts\RoleTests.cs:line 133&#xD;
--- End of stack trace from previous location ---</StackTrace>
        </ErrorInfo>
      </Output>
    </UnitTestResult>
    <UnitTestResult executionId="012e5a98-96ef-43a7-a949-0bfee9c2e650" testId="c802937c-efc8-c034-ed62-a5ba7cad7702" testName="ControlHub.Api.Tests.FunctionalTests.Accounts.RoleTests.CreateRoles_ShouldReturnOk_WhenRequestIsValid" computerName="DESKTOP-3V98JDF" duration="00:00:00.1062464" startTime="2026-01-18T15:01:15.3273506+07:00" endTime="2026-01-18T15:01:15.4241478+07:00" testType="13cdc9d9-ddb5-4fa4-a97d-d965ccfc6d4b" outcome="Passed" testListId="8c84fa94-04c1-424b-9868-57a2d4851a1d" relativeResultsDirectory="012e5a98-96ef-43a7-a949-0bfee9c2e650" />
    <UnitTestResult executionId="bc448f0a-3811-4e4e-bcf6-a34978ddc42f" testId="c37f2f82-26d1-3eaf-ddab-1e3a5cbe2557" testName="ControlHub.Api.Tests.FunctionalTests.Accounts.RoleTests.CreateRoles_ShouldReturnForbidden_WhenNotSuperAdmin" computerName="DESKTOP-3V98JDF" duration="00:00:00.1643718" startTime="2026-01-18T15:01:15.5115752+07:00" endTime="2026-01-18T15:01:15.6757939+07:00" testType="13cdc9d9-ddb5-4fa4-a97d-d965ccfc6d4b" outcome="Passed" testListId="8c84fa94-04c1-424b-9868-57a2d4851a1d" relativeResultsDirectory="bc448f0a-3811-4e4e-bcf6-a34978ddc42f" />
  </Results>
  <TestDefinitions>
    <UnitTest name="ControlHub.Api.Tests.FunctionalTests.Accounts.RoleTests.CreateRoles_ShouldReturnForbidden_WhenNotSuperAdmin" storage="e:\project\controlhub\tests\controlhub.api.tests\bin\debug\net8.0\controlhub.api.tests.dll" id="c37f2f82-26d1-3eaf-ddab-1e3a5cbe2557">
      <Execution id="bc448f0a-3811-4e4e-bcf6-a34978ddc42f" />
      <TestMethod codeBase="e:\Project\ControlHub\tests\ControlHub.Api.Tests\bin\Debug\net8.0\ControlHub.Api.Tests.dll" adapterTypeName="executor://xunit/VsTestRunner3/netcore/" className="ControlHub.Api.Tests.FunctionalTests.Accounts.RoleTests" name="CreateRoles_ShouldReturnForbidden_WhenNotSuperAdmin" />
    </UnitTest>
    <UnitTest name="ControlHub.Api.Tests.FunctionalTests.Accounts.RoleTests.CreateRoles_ShouldReturnOk_WhenRequestIsValid" storage="e:\project\controlhub\tests\controlhub.api.tests\bin\debug\net8.0\controlhub.api.tests.dll" id="c802937c-efc8-c034-ed62-a5ba7cad7702">
      <Execution id="012e5a98-96ef-43a7-a949-0bfee9c2e650" />
      <TestMethod codeBase="e:\Project\ControlHub\tests\ControlHub.Api.Tests\bin\Debug\net8.0\ControlHub.Api.Tests.dll" adapterTypeName="executor://xunit/VsTestRunner3/netcore/" className="ControlHub.Api.Tests.FunctionalTests.Accounts.RoleTests" name="CreateRoles_ShouldReturnOk_WhenRequestIsValid" />
    </UnitTest>
    <UnitTest name="ControlHub.Api.Tests.FunctionalTests.Accounts.RoleTests.CreateRoles_ShouldReturnOk_WithPartialSuccess_WhenOneRoleIsInvalid" storage="e:\project\controlhub\tests\controlhub.api.tests\bin\debug\net8.0\controlhub.api.tests.dll" id="0f7b3a18-e8d4-141c-93a2-ce1fabc48217">
      <Execution id="3be83706-cf7e-4fcc-8074-b6fd85140465" />
      <TestMethod codeBase="e:\Project\ControlHub\tests\ControlHub.Api.Tests\bin\Debug\net8.0\ControlHub.Api.Tests.dll" adapterTypeName="executor://xunit/VsTestRunner3/netcore/" className="ControlHub.Api.Tests.FunctionalTests.Accounts.RoleTests" name="CreateRoles_ShouldReturnOk_WithPartialSuccess_WhenOneRoleIsInvalid" />
    </UnitTest>
    <UnitTest name="ControlHub.Api.Tests.FunctionalTests.Accounts.RoleTests.CreateRoles_ShouldReturnBadRequest_WhenNameIsEmpty" storage="e:\project\controlhub\tests\controlhub.api.tests\bin\debug\net8.0\controlhub.api.tests.dll" id="e505512f-6980-e6a2-8a21-499859229f55">
      <Execution id="49a0cbf0-872a-4fb0-9c43-c6130bb5c3a8" />
      <TestMethod codeBase="e:\Project\ControlHub\tests\ControlHub.Api.Tests\bin\Debug\net8.0\ControlHub.Api.Tests.dll" adapterTypeName="executor://xunit/VsTestRunner3/netcore/" className="ControlHub.Api.Tests.FunctionalTests.Accounts.RoleTests" name="CreateRoles_ShouldReturnBadRequest_WhenNameIsEmpty" />
    </UnitTest>
  </TestDefinitions>
  <TestEntries>
    <TestEntry testId="e505512f-6980-e6a2-8a21-499859229f55" executionId="49a0cbf0-872a-4fb0-9c43-c6130bb5c3a8" testListId="8c84fa94-04c1-424b-9868-57a2d4851a1d" />
    <TestEntry testId="0f7b3a18-e8d4-141c-93a2-ce1fabc48217" executionId="3be83706-cf7e-4fcc-8074-b6fd85140465" testListId="8c84fa94-04c1-424b-9868-57a2d4851a1d" />
    <TestEntry testId="c802937c-efc8-c034-ed62-a5ba7cad7702" executionId="012e5a98-96ef-43a7-a949-0bfee9c2e650" testListId="8c84fa94-04c1-424b-9868-57a2d4851a1d" />
    <TestEntry testId="c37f2f82-26d1-3eaf-ddab-1e3a5cbe2557" executionId="bc448f0a-3811-4e4e-bcf6-a34978ddc42f" testListId="8c84fa94-04c1-424b-9868-57a2d4851a1d" />
  </TestEntries>
  <TestLists>
    <TestList name="Results Not in a List" id="8c84fa94-04c1-424b-9868-57a2d4851a1d" />
    <TestList name="All Loaded Results" id="19431567-8539-422a-85d7-44ee4e166bda" />
  </TestLists>
  <ResultSummary outcome="Failed">
    <Counters total="4" executed="4" passed="3" failed="1" error="0" timeout="0" aborted="0" inconclusive="0" passedButRunAborted="0" notRunnable="0" notExecuted="0" disconnected="0" warning="0" completed="0" inProgress="0" pending="0" />
    <Output>
      <StdOut>[xUnit.net 00:00:00.00] xUnit.net VSTest Adapter v3.1.4+50e68bbb8b (64-bit .NET 8.0.22)&#xD;
[xUnit.net 00:00:00.10]   Discovering: ControlHub.Api.Tests&#xD;
[xUnit.net 00:00:00.13]   Discovered:  ControlHub.Api.Tests&#xD;
[xUnit.net 00:00:00.15]   Starting:    ControlHub.Api.Tests&#xD;
[15:01:13 INF] Saved 3 entities to in-memory store.&#xD;
[15:01:13 INF] Saved 19 entities to in-memory store.&#xD;
Seeded 5 identifier configs successfully.&#xD;
[15:01:13 INF] Saved 32 entities to in-memory store.&#xD;
Seeded 32 permissions successfully.&#xD;
[15:01:14 INF] Saved 16 entities to in-memory store.&#xD;
Seeded 4 test accounts successfully.&#xD;
Database seeding completed successfully.&#xD;
? ControlHub seeding completed successfully!&#xD;
[15:01:14 INF] User profile is available. Using 'C:\Users\Gill\AppData\Local\ASP.NET\DataProtection-Keys' as key repository and Windows DPAPI to encrypt keys at rest.&#xD;
[15:01:14 INF] Request starting HTTP/1.1 POST http://localhost/api/Auth/superadmins/register - application/json; charset=utf-8 98&#xD;
[15:01:14 WRN] Failed to determine the https port for redirect.&#xD;
[15:01:14 INF] ?? [JWT Config] Successfully loaded. Issuer: ControlHub&#xD;
[15:01:14 INF] Executing endpoint 'ControlHub.API.Accounts.Controllers.AuthController.RegisterSuperAdmin (ControlHub.API)'&#xD;
[15:01:14 INF] Route matched with {action = "RegisterSuperAdmin", controller = "Auth"}. Executing controller action with signature System.Threading.Tasks.Task`1[Microsoft.AspNetCore.Mvc.IActionResult] RegisterSuperAdmin(ControlHub.API.Accounts.ViewModels.Request.RegisterSupperAdminRequest, System.Threading.CancellationToken) on controller ControlHub.API.Accounts.Controllers.AuthController (ControlHub.API).&#xD;
[15:01:14 INF] Executing action method ControlHub.API.Accounts.Controllers.AuthController.RegisterSuperAdmin (ControlHub.API) - Validation state: Valid&#xD;
[15:01:14 INF] Account.RegisterSupperAdmin.Started: Starting account creation for Ident superadmin@example.com&#xD;
[15:01:14 INF] Account.RegisterSupperAdmin.Success: Account created successfully for AccountId 0e754475-a9d7-4489-8b01-6ac4772990c6, Ident superadmin@example.com&#xD;
[15:01:14 INF] Implicit transaction started at 01/18/2026 08:01:14&#xD;
[15:01:14 INF] Saved 4 entities to in-memory store.&#xD;
[15:01:14 INF] Transaction committed successfully with 4 changes.&#xD;
[15:01:14 INF] Executed action method ControlHub.API.Accounts.Controllers.AuthController.RegisterSuperAdmin (ControlHub.API), returned result Microsoft.AspNetCore.Mvc.OkObjectResult in 141.6645ms.&#xD;
[15:01:14 INF] Executing OkObjectResult, writing value of type 'ControlHub.API.Accounts.ViewModels.Response.RegisterSupperAdminResponse'.&#xD;
[15:01:15 INF] Executed action ControlHub.API.Accounts.Controllers.AuthController.RegisterSuperAdmin (ControlHub.API) in 175.8712ms&#xD;
[15:01:15 INF] Executed endpoint 'ControlHub.API.Accounts.Controllers.AuthController.RegisterSuperAdmin (ControlHub.API)'&#xD;
[15:01:15 INF] Request finished HTTP/1.1 POST http://localhost/api/Auth/superadmins/register - 200 null application/json; charset=utf-8 240.4976ms&#xD;
[15:01:15 INF] Request starting HTTP/1.1 POST http://localhost/api/Auth/auth/signin - application/json; charset=utf-8 74&#xD;
[15:01:15 INF] Executing endpoint 'ControlHub.API.Accounts.Controllers.AuthController.SignIn (ControlHub.API)'&#xD;
[15:01:15 INF] Route matched with {action = "SignIn", controller = "Auth"}. Executing controller action with signature System.Threading.Tasks.Task`1[Microsoft.AspNetCore.Mvc.IActionResult] SignIn(ControlHub.API.Accounts.ViewModels.Request.SignInRequest, System.Threading.CancellationToken) on controller ControlHub.API.Accounts.Controllers.AuthController (ControlHub.API).&#xD;
[15:01:15 INF] Executing action method ControlHub.API.Accounts.Controllers.AuthController.SignIn (ControlHub.API) - Validation state: Valid&#xD;
[15:01:15 INF] Account.SignIn.Started: Starting sign-in process for Identifier superadmin@example.com&#xD;
[15:01:15 INF] Implicit transaction started at 01/18/2026 08:01:15&#xD;
[15:01:15 INF] Saved 2 entities to in-memory store.&#xD;
[15:01:15 INF] Transaction committed successfully with 2 changes.&#xD;
[15:01:15 INF] Account.SignIn.Success: User signed in successfully for AccountId 0e754475-a9d7-4489-8b01-6ac4772990c6&#xD;
[15:01:15 INF] Executed action method ControlHub.API.Accounts.Controllers.AuthController.SignIn (ControlHub.API), returned result Microsoft.AspNetCore.Mvc.OkObjectResult in 138.6221ms.&#xD;
[15:01:15 INF] Executing OkObjectResult, writing value of type 'ControlHub.API.Accounts.ViewModels.Response.SignInResponse'.&#xD;
[15:01:15 INF] Executed action ControlHub.API.Accounts.Controllers.AuthController.SignIn (ControlHub.API) in 142.6837ms&#xD;
[15:01:15 INF] Executed endpoint 'ControlHub.API.Accounts.Controllers.AuthController.SignIn (ControlHub.API)'&#xD;
[15:01:15 INF] Request finished HTTP/1.1 POST http://localhost/api/Auth/auth/signin - 200 null application/json; charset=utf-8 148.894ms&#xD;
[15:01:15 INF] Request starting HTTP/1.1 POST http://localhost/api/Role/roles - application/json; charset=utf-8 231&#xD;
[15:01:15 INF] --- PermissionClaimsTransformation: Role super_admin kh�ng c� permission n�o. ---&#xD;
[15:01:15 INF] Executing endpoint 'ControlHub.API.Roles.RoleController.CreateRoles (ControlHub.API)'&#xD;
[15:01:15 INF] Route matched with {action = "CreateRoles", controller = "Role"}. Executing controller action with signature System.Threading.Tasks.Task`1[Microsoft.AspNetCore.Mvc.IActionResult] CreateRoles(ControlHub.API.Roles.ViewModels.Requests.CreateRolesRequest, System.Threading.CancellationToken) on controller ControlHub.API.Roles.RoleController (ControlHub.API).&#xD;
[15:01:15 INF] Executing action method ControlHub.API.Roles.RoleController.CreateRoles (ControlHub.API) - Validation state: Valid&#xD;
[15:01:15 INF] Role.CreateRoles.Started: Starting role creation process. Count=2&#xD;
[15:01:15 INF] Role.CreateRoles.RolePrepared: Role successfully composed and ready for persistence. Role=Valid Role ad0d5872&#xD;
[15:01:15 WRN] Role.CreateRoles.NoValidPermissionFound: No valid permissions found for provided IDs. Role=Handler-Level Failure&#xD;
[15:01:15 INF] Implicit transaction started at 01/18/2026 08:01:15&#xD;
[15:01:15 INF] Saved 2 entities to in-memory store.&#xD;
[15:01:15 INF] Transaction committed successfully with 2 changes.&#xD;
[15:01:15 INF] Role.CreateRoles.Success: Roles created and persisted successfully. RolesCreated=1&#xD;
[15:01:15 INF] Executed action method ControlHub.API.Roles.RoleController.CreateRoles (ControlHub.API), returned result Microsoft.AspNetCore.Mvc.OkObjectResult in 47.3032ms.&#xD;
[15:01:15 INF] Executing OkObjectResult, writing value of type 'ControlHub.API.Roles.ViewModels.Responses.CreateRolesResponse'.&#xD;
[15:01:15 INF] Executed action ControlHub.API.Roles.RoleController.CreateRoles (ControlHub.API) in 54.7284ms&#xD;
[15:01:15 INF] Executed endpoint 'ControlHub.API.Roles.RoleController.CreateRoles (ControlHub.API)'&#xD;
[15:01:15 INF] Request finished HTTP/1.1 POST http://localhost/api/Role/roles - 200 null application/json; charset=utf-8 97.9461ms&#xD;
     Warning:&#xD;
     The component "Fluent Assertions" is governed by the rules defined in the Xceed License Agreement and&#xD;
     the Xceed Fluent Assertions Community License. You may use Fluent Assertions free of charge for&#xD;
     non-commercial use only. An active subscription is required to use Fluent Assertions for commercial use.&#xD;
     Please contact Xceed Sales mailto:sales@xceed.com to acquire a subscription at a very low cost.&#xD;
     A paid commercial license supports the development and continued increasing support of&#xD;
     Fluent Assertions users under both commercial and community licenses. Help us&#xD;
     keep Fluent Assertions at the forefront of unit testing.&#xD;
     For more information, visit https://xceed.com/products/unit-testing/fluent-assertions/&#xD;
[15:01:15 INF] Request starting HTTP/1.1 POST http://localhost/api/Auth/superadmins/register - application/json; charset=utf-8 98&#xD;
[xUnit.net 00:00:02.41]       Expected result.FailedRoles {"Handler-Level Failure: Permission.NotFound"} to have an item matching f.Contains("Permission.PermissionNotFound").&#xD;
[xUnit.net 00:00:02.41]       Stack Trace:&#xD;
[15:01:15 INF] Executing endpoint 'ControlHub.API.Accounts.Controllers.AuthController.RegisterSuperAdmin (ControlHub.API)'&#xD;
[15:01:15 INF] Route matched with {action = "RegisterSuperAdmin", controller = "Auth"}. Executing controller action with signature System.Threading.Tasks.Task`1[Microsoft.AspNetCore.Mvc.IActionResult] RegisterSuperAdmin(ControlHub.API.Accounts.ViewModels.Request.RegisterSupperAdminRequest, System.Threading.CancellationToken) on controller ControlHub.API.Accounts.Controllers.AuthController (ControlHub.API).&#xD;
[xUnit.net 00:00:02.41]            at FluentAssertions.Execution.LateBoundTestFramework.Throw(String message)&#xD;
[xUnit.net 00:00:02.41]            at FluentAssertions.Execution.DefaultAssertionStrategy.HandleFailure(String message)&#xD;
[xUnit.net 00:00:02.41]            at FluentAssertions.Execution.AssertionScope.AddPreFormattedFailure(String formattedFailureMessage)&#xD;
[xUnit.net 00:00:02.41]            at FluentAssertions.Execution.AssertionChain.FailWith(Func`1 getFailureReason)&#xD;
[xUnit.net 00:00:02.41]            at FluentAssertions.Execution.AssertionChain.FailWith(Func`1 getFailureReason)&#xD;
[15:01:15 INF] Executing action method ControlHub.API.Accounts.Controllers.AuthController.RegisterSuperAdmin (ControlHub.API) - Validation state: Valid&#xD;
[xUnit.net 00:00:02.41]            at FluentAssertions.Execution.AssertionChain.FailWith(String message, Object[] args)&#xD;
[xUnit.net 00:00:02.41]            at FluentAssertions.Collections.GenericCollectionAssertions`3.Contain(Expression`1 predicate, String because, Object[] becauseArgs)&#xD;
[xUnit.net 00:00:02.41]         e:\Project\ControlHub\tests\ControlHub.Api.Tests\FunctionalTests\Accounts\RoleTests.cs(133,0): at ControlHub.Api.Tests.FunctionalTests.Accounts.RoleTests.CreateRoles_ShouldReturnOk_WithPartialSuccess_WhenOneRoleIsInvalid()&#xD;
[xUnit.net 00:00:02.41]         --- End of stack trace from previous location ---&#xD;
[15:01:15 INF] Account.RegisterSupperAdmin.Started: Starting account creation for Ident superadmin@example.com&#xD;
[15:01:15 WRN] Account.RegisterSupperAdmin.IdentifierExists: Identifier already exists for Ident superadmin@example.com&#xD;
[15:01:15 WRN] Client Error occurred: Conflict (Code: Account.EmailAlreadyExists). Message: The email provided is already in use.&#xD;
[15:01:15 INF] Executed action method ControlHub.API.Accounts.Controllers.AuthController.RegisterSuperAdmin (ControlHub.API), returned result Microsoft.AspNetCore.Mvc.ConflictObjectResult in 4.4036ms.&#xD;
[15:01:15 INF] Executing ConflictObjectResult, writing value of type 'Microsoft.AspNetCore.Mvc.ProblemDetails'.&#xD;
[15:01:15 INF] Executed action ControlHub.API.Accounts.Controllers.AuthController.RegisterSuperAdmin (ControlHub.API) in 12.9272ms&#xD;
[15:01:15 INF] Executed endpoint 'ControlHub.API.Accounts.Controllers.AuthController.RegisterSuperAdmin (ControlHub.API)'&#xD;
[15:01:15 INF] Request finished HTTP/1.1 POST http://localhost/api/Auth/superadmins/register - 409 null application/problem+json; charset=utf-8 14.0578ms&#xD;
[15:01:15 INF] Request starting HTTP/1.1 POST http://localhost/api/Auth/auth/signin - application/json; charset=utf-8 74&#xD;
[15:01:15 INF] Executing endpoint 'ControlHub.API.Accounts.Controllers.AuthController.SignIn (ControlHub.API)'&#xD;
[15:01:15 INF] Route matched with {action = "SignIn", controller = "Auth"}. Executing controller action with signature System.Threading.Tasks.Task`1[Microsoft.AspNetCore.Mvc.IActionResult] SignIn(ControlHub.API.Accounts.ViewModels.Request.SignInRequest, System.Threading.CancellationToken) on controller ControlHub.API.Accounts.Controllers.AuthController (ControlHub.API).&#xD;
[15:01:15 INF] Executing action method ControlHub.API.Accounts.Controllers.AuthController.SignIn (ControlHub.API) - Validation state: Valid&#xD;
[15:01:15 INF] Account.SignIn.Started: Starting sign-in process for Identifier superadmin@example.com&#xD;
[15:01:15 INF] Implicit transaction started at 01/18/2026 08:01:15&#xD;
[15:01:15 INF] Saved 2 entities to in-memory store.&#xD;
[15:01:15 INF] Transaction committed successfully with 2 changes.&#xD;
[15:01:15 INF] Account.SignIn.Success: User signed in successfully for AccountId 0e754475-a9d7-4489-8b01-6ac4772990c6&#xD;
[15:01:15 INF] Executed action method ControlHub.API.Accounts.Controllers.AuthController.SignIn (ControlHub.API), returned result Microsoft.AspNetCore.Mvc.OkObjectResult in 78.2507ms.&#xD;
[15:01:15 INF] Executing OkObjectResult, writing value of type 'ControlHub.API.Accounts.ViewModels.Response.SignInResponse'.&#xD;
[15:01:15 INF] Executed action ControlHub.API.Accounts.Controllers.AuthController.SignIn (ControlHub.API) in 78.8082ms&#xD;
[15:01:15 INF] Executed endpoint 'ControlHub.API.Accounts.Controllers.AuthController.SignIn (ControlHub.API)'&#xD;
[15:01:15 INF] Request finished HTTP/1.1 POST http://localhost/api/Auth/auth/signin - 200 null application/json; charset=utf-8 79.8541ms&#xD;
[15:01:15 INF] Request starting HTTP/1.1 POST http://localhost/api/Role/roles - application/json; charset=utf-8 131&#xD;
[15:01:15 INF] --- PermissionClaimsTransformation: Role super_admin kh�ng c� permission n�o. ---&#xD;
[15:01:15 INF] Executing endpoint 'ControlHub.API.Roles.RoleController.CreateRoles (ControlHub.API)'&#xD;
[15:01:15 INF] Route matched with {action = "CreateRoles", controller = "Role"}. Executing controller action with signature System.Threading.Tasks.Task`1[Microsoft.AspNetCore.Mvc.IActionResult] CreateRoles(ControlHub.API.Roles.ViewModels.Requests.CreateRolesRequest, System.Threading.CancellationToken) on controller ControlHub.API.Roles.RoleController (ControlHub.API).&#xD;
[15:01:15 INF] Executing action method ControlHub.API.Roles.RoleController.CreateRoles (ControlHub.API) - Validation state: Valid&#xD;
[15:01:15 INF] Role.CreateRoles.Started: Starting role creation process. Count=1&#xD;
[15:01:15 INF] Role.CreateRoles.RolePrepared: Role successfully composed and ready for persistence. Role=Test Role 88bd1186&#xD;
[15:01:15 INF] Implicit transaction started at 01/18/2026 08:01:15&#xD;
[15:01:15 INF] Saved 2 entities to in-memory store.&#xD;
[15:01:15 INF] Transaction committed successfully with 2 changes.&#xD;
[15:01:15 INF] Role.CreateRoles.Success: Roles created and persisted successfully. RolesCreated=1&#xD;
[15:01:15 INF] Executed action method ControlHub.API.Roles.RoleController.CreateRoles (ControlHub.API), returned result Microsoft.AspNetCore.Mvc.OkObjectResult in 4.3524ms.&#xD;
[15:01:15 INF] Executing OkObjectResult, writing value of type 'ControlHub.API.Roles.ViewModels.Responses.CreateRolesResponse'.&#xD;
[15:01:15 INF] Executed action ControlHub.API.Roles.RoleController.CreateRoles (ControlHub.API) in 5.0606ms&#xD;
[15:01:15 INF] Executed endpoint 'ControlHub.API.Roles.RoleController.CreateRoles (ControlHub.API)'&#xD;
[15:01:15 INF] Request finished HTTP/1.1 POST http://localhost/api/Role/roles - 200 null application/json; charset=utf-8 7.9597ms&#xD;
[15:01:15 INF] Request starting HTTP/1.1 POST http://localhost/api/Auth/superadmins/register - application/json; charset=utf-8 98&#xD;
[15:01:15 INF] Executing endpoint 'ControlHub.API.Accounts.Controllers.AuthController.RegisterSuperAdmin (ControlHub.API)'&#xD;
[15:01:15 INF] Route matched with {action = "RegisterSuperAdmin", controller = "Auth"}. Executing controller action with signature System.Threading.Tasks.Task`1[Microsoft.AspNetCore.Mvc.IActionResult] RegisterSuperAdmin(ControlHub.API.Accounts.ViewModels.Request.RegisterSupperAdminRequest, System.Threading.CancellationToken) on controller ControlHub.API.Accounts.Controllers.AuthController (ControlHub.API).&#xD;
[15:01:15 INF] Executing action method ControlHub.API.Accounts.Controllers.AuthController.RegisterSuperAdmin (ControlHub.API) - Validation state: Valid&#xD;
[15:01:15 INF] Account.RegisterSupperAdmin.Started: Starting account creation for Ident superadmin@example.com&#xD;
[15:01:15 WRN] Account.RegisterSupperAdmin.IdentifierExists: Identifier already exists for Ident superadmin@example.com&#xD;
[15:01:15 WRN] Client Error occurred: Conflict (Code: Account.EmailAlreadyExists). Message: The email provided is already in use.&#xD;
[15:01:15 INF] Executed action method ControlHub.API.Accounts.Controllers.AuthController.RegisterSuperAdmin (ControlHub.API), returned result Microsoft.AspNetCore.Mvc.ConflictObjectResult in 6.5323ms.&#xD;
[15:01:15 INF] Executing ConflictObjectResult, writing value of type 'Microsoft.AspNetCore.Mvc.ProblemDetails'.&#xD;
[15:01:15 INF] Executed action ControlHub.API.Accounts.Controllers.AuthController.RegisterSuperAdmin (ControlHub.API) in 7.4375ms&#xD;
[15:01:15 INF] Executed endpoint 'ControlHub.API.Accounts.Controllers.AuthController.RegisterSuperAdmin (ControlHub.API)'&#xD;
[15:01:15 INF] Request finished HTTP/1.1 POST http://localhost/api/Auth/superadmins/register - 409 null application/problem+json; charset=utf-8 8.1725ms&#xD;
[15:01:15 INF] Request starting HTTP/1.1 POST http://localhost/api/Auth/auth/signin - application/json; charset=utf-8 74&#xD;
[15:01:15 INF] Executing endpoint 'ControlHub.API.Accounts.Controllers.AuthController.SignIn (ControlHub.API)'&#xD;
[15:01:15 INF] Route matched with {action = "SignIn", controller = "Auth"}. Executing controller action with signature System.Threading.Tasks.Task`1[Microsoft.AspNetCore.Mvc.IActionResult] SignIn(ControlHub.API.Accounts.ViewModels.Request.SignInRequest, System.Threading.CancellationToken) on controller ControlHub.API.Accounts.Controllers.AuthController (ControlHub.API).&#xD;
[15:01:15 INF] Executing action method ControlHub.API.Accounts.Controllers.AuthController.SignIn (ControlHub.API) - Validation state: Valid&#xD;
[15:01:15 INF] Account.SignIn.Started: Starting sign-in process for Identifier superadmin@example.com&#xD;
[15:01:15 INF] Implicit transaction started at 01/18/2026 08:01:15&#xD;
[15:01:15 INF] Saved 2 entities to in-memory store.&#xD;
[15:01:15 INF] Transaction committed successfully with 2 changes.&#xD;
[15:01:15 INF] Account.SignIn.Success: User signed in successfully for AccountId 0e754475-a9d7-4489-8b01-6ac4772990c6&#xD;
[15:01:15 INF] Executed action method ControlHub.API.Accounts.Controllers.AuthController.SignIn (ControlHub.API), returned result Microsoft.AspNetCore.Mvc.OkObjectResult in 66.7631ms.&#xD;
[15:01:15 INF] Executing OkObjectResult, writing value of type 'ControlHub.API.Accounts.ViewModels.Response.SignInResponse'.&#xD;
[15:01:15 INF] Executed action ControlHub.API.Accounts.Controllers.AuthController.SignIn (ControlHub.API) in 67.3429ms&#xD;
[15:01:15 INF] Executed endpoint 'ControlHub.API.Accounts.Controllers.AuthController.SignIn (ControlHub.API)'&#xD;
[15:01:15 INF] Request finished HTTP/1.1 POST http://localhost/api/Auth/auth/signin - 200 null application/json; charset=utf-8 67.8638ms&#xD;
[15:01:15 INF] Request starting HTTP/1.1 POST http://localhost/api/Role/roles - application/json; charset=utf-8 109&#xD;
[15:01:15 INF] --- PermissionClaimsTransformation: Role super_admin kh�ng c� permission n�o. ---&#xD;
[15:01:15 INF] Executing endpoint 'ControlHub.API.Roles.RoleController.CreateRoles (ControlHub.API)'&#xD;
[15:01:15 INF] Route matched with {action = "CreateRoles", controller = "Role"}. Executing controller action with signature System.Threading.Tasks.Task`1[Microsoft.AspNetCore.Mvc.IActionResult] CreateRoles(ControlHub.API.Roles.ViewModels.Requests.CreateRolesRequest, System.Threading.CancellationToken) on controller ControlHub.API.Roles.RoleController (ControlHub.API).&#xD;
[15:01:15 INF] Executing action method ControlHub.API.Roles.RoleController.CreateRoles (ControlHub.API) - Validation state: Valid&#xD;
[15:01:15 WRN] Client Error occurred: Validation Error (Code: Validation.Failed). Message: Role name is required.&#xD;
[15:01:15 INF] Executed action method ControlHub.API.Roles.RoleController.CreateRoles (ControlHub.API), returned result Microsoft.AspNetCore.Mvc.BadRequestObjectResult in 3.6808ms.&#xD;
[15:01:15 INF] Executing BadRequestObjectResult, writing value of type 'Microsoft.AspNetCore.Mvc.ProblemDetails'.&#xD;
[15:01:15 INF] Executed action ControlHub.API.Roles.RoleController.CreateRoles (ControlHub.API) in 4.4794ms&#xD;
[15:01:15 INF] Executed endpoint 'ControlHub.API.Roles.RoleController.CreateRoles (ControlHub.API)'&#xD;
[15:01:15 INF] Request finished HTTP/1.1 POST http://localhost/api/Role/roles - 400 null application/problem+json; charset=utf-8 7.1932ms&#xD;
[15:01:15 INF] Request starting HTTP/1.1 POST http://localhost/api/Auth/users/register - application/json; charset=utf-8 69&#xD;
[15:01:15 INF] Executing endpoint 'ControlHub.API.Accounts.Controllers.AuthController.Register (ControlHub.API)'&#xD;
[15:01:15 INF] Route matched with {action = "Register", controller = "Auth"}. Executing controller action with signature System.Threading.Tasks.Task`1[Microsoft.AspNetCore.Mvc.IActionResult] Register(ControlHub.API.Accounts.ViewModels.Request.RegisterUserRequest, System.Threading.CancellationToken) on controller ControlHub.API.Accounts.Controllers.AuthController (ControlHub.API).&#xD;
[15:01:15 INF] Executing action method ControlHub.API.Accounts.Controllers.AuthController.Register (ControlHub.API) - Validation state: Valid&#xD;
[15:01:15 INF] Account.RegisterUser.Started: Starting account creation for Ident test@example.com&#xD;
[15:01:15 INF] Account.RegisterUser.Success: Account created successfully for AccountId 9e27d945-711f-46c9-acba-3360c42a8c19, Ident test@example.com&#xD;
[15:01:15 INF] Implicit transaction started at 01/18/2026 08:01:15&#xD;
[15:01:15 INF] Saved 4 entities to in-memory store.&#xD;
[15:01:15 INF] Transaction committed successfully with 4 changes.&#xD;
[15:01:15 INF] Executed action method ControlHub.API.Accounts.Controllers.AuthController.Register (ControlHub.API), returned result Microsoft.AspNetCore.Mvc.OkObjectResult in 80.5802ms.&#xD;
[15:01:15 INF] Executing OkObjectResult, writing value of type 'ControlHub.API.Accounts.ViewModels.Response.RegisterUserResponse'.&#xD;
[15:01:15 INF] Executed action ControlHub.API.Accounts.Controllers.AuthController.Register (ControlHub.API) in 83.8203ms&#xD;
[15:01:15 INF] Executed endpoint 'ControlHub.API.Accounts.Controllers.AuthController.Register (ControlHub.API)'&#xD;
[15:01:15 INF] Request finished HTTP/1.1 POST http://localhost/api/Auth/users/register - 200 null application/json; charset=utf-8 87.3559ms&#xD;
[15:01:15 INF] Request starting HTTP/1.1 POST http://localhost/api/Auth/auth/signin - application/json; charset=utf-8 69&#xD;
[15:01:15 INF] Executing endpoint 'ControlHub.API.Accounts.Controllers.AuthController.SignIn (ControlHub.API)'&#xD;
[15:01:15 INF] Route matched with {action = "SignIn", controller = "Auth"}. Executing controller action with signature System.Threading.Tasks.Task`1[Microsoft.AspNetCore.Mvc.IActionResult] SignIn(ControlHub.API.Accounts.ViewModels.Request.SignInRequest, System.Threading.CancellationToken) on controller ControlHub.API.Accounts.Controllers.AuthController (ControlHub.API).&#xD;
[15:01:15 INF] Executing action method ControlHub.API.Accounts.Controllers.AuthController.SignIn (ControlHub.API) - Validation state: Valid&#xD;
[15:01:15 INF] Account.SignIn.Started: Starting sign-in process for Identifier test@example.com&#xD;
[15:01:15 INF] Implicit transaction started at 01/18/2026 08:01:15&#xD;
[15:01:15 INF] Saved 2 entities to in-memory store.&#xD;
[15:01:15 INF] Transaction committed successfully with 2 changes.&#xD;
[15:01:15 INF] Account.SignIn.Success: User signed in successfully for AccountId 9e27d945-711f-46c9-acba-3360c42a8c19&#xD;
[15:01:15 INF] Executed action method ControlHub.API.Accounts.Controllers.AuthController.SignIn (ControlHub.API), returned result Microsoft.AspNetCore.Mvc.OkObjectResult in 69.9775ms.&#xD;
[15:01:15 INF] Executing OkObjectResult, writing value of type 'ControlHub.API.Accounts.ViewModels.Response.SignInResponse'.&#xD;
[15:01:15 INF] Executed action ControlHub.API.Accounts.Controllers.AuthController.SignIn (ControlHub.API) in 70.5173ms&#xD;
[15:01:15 INF] Executed endpoint 'ControlHub.API.Accounts.Controllers.AuthController.SignIn (ControlHub.API)'&#xD;
[15:01:15 INF] Request finished HTTP/1.1 POST http://localhost/api/Auth/auth/signin - 200 null application/json; charset=utf-8 70.9931ms&#xD;
[15:01:15 INF] Request starting HTTP/1.1 POST http://localhost/api/Role/roles - application/json; charset=utf-8 72&#xD;
[15:01:15 INF] --- PermissionClaimsTransformation: Role user kh�ng c� permission n�o. ---&#xD;
[15:01:15 INF] Authorization failed. These requirements were not met:&#xD;
ControlHub.Application.Authorization.Requirements.PermissionRequirement&#xD;
[15:01:15 INF] AuthenticationScheme: Bearer was forbidden.&#xD;
[15:01:15 INF] Request finished HTTP/1.1 POST http://localhost/api/Role/roles - 403 null null 2.988ms&#xD;
[xUnit.net 00:00:07.35]   Finished:    ControlHub.Api.Tests&#xD;
</StdOut>
    </Output>
    <RunInfos>
      <RunInfo computerName="DESKTOP-3V98JDF" outcome="Error" timestamp="2026-01-18T15:01:15.3183126+07:00">
        <Text>[xUnit.net 00:00:02.41]     ControlHub.Api.Tests.FunctionalTests.Accounts.RoleTests.CreateRoles_ShouldReturnOk_WithPartialSuccess_WhenOneRoleIsInvalid [FAIL]</Text>
      </RunInfo>
    </RunInfos>
  </ResultSummary>
</TestRun>