<?xml version="1.0" encoding="utf-8"?>
<TestRun id="c3e63438-3dfb-4563-a17e-336e3ecc7dab" name="Gill@DESKTOP-3V98JDF 2026-01-18 15:00:04" runUser="DESKTOP-3V98JDF\Gill" xmlns="http://microsoft.com/schemas/VisualStudio/TeamTest/2010">
  <Times creation="2026-01-18T15:00:04.4513825+07:00" queuing="2026-01-18T15:00:04.4513832+07:00" start="2026-01-18T15:00:01.0824659+07:00" finish="2026-01-18T15:00:04.6106706+07:00" />
  <TestSettings name="default" id="c9785135-5c67-4d4a-89fe-21dbb07c7bf3">
    <Deployment runDeploymentRoot="Gill_DESKTOP-3V98JDF_2026-01-18_15_00_04" />
  </TestSettings>
  <Results>
    <UnitTestResult executionId="36be5ffc-f2bb-4b45-8a39-bfc27f532aa2" testId="c37f2f82-26d1-3eaf-ddab-1e3a5cbe2557" testName="ControlHub.Api.Tests.FunctionalTests.Accounts.RoleTests.CreateRoles_ShouldReturnForbidden_WhenNotSuperAdmin" computerName="DESKTOP-3V98JDF" duration="00:00:00.1515122" startTime="2026-01-18T15:00:04.3266768+07:00" endTime="2026-01-18T15:00:04.4778681+07:00" testType="13cdc9d9-ddb5-4fa4-a97d-d965ccfc6d4b" outcome="Passed" testListId="8c84fa94-04c1-424b-9868-57a2d4851a1d" relativeResultsDirectory="36be5ffc-f2bb-4b45-8a39-bfc27f532aa2" />
    <UnitTestResult executionId="21ec6843-926d-4986-bfb7-56451defd2c1" testId="3f9f7c79-7d25-e241-3a5c-e20637f14a07" testName="ControlHub.Api.Tests.FunctionalTests.Accounts.RoleTests.CreateRoles_ShouldBypassValidation_WhenNameIsEmpty_BecauseValidatorIsInternal" computerName="DESKTOP-3V98JDF" duration="00:00:02.4859153" startTime="2026-01-18T15:00:01.6911165+07:00" endTime="2026-01-18T15:00:04.1837995+07:00" testType="13cdc9d9-ddb5-4fa4-a97d-d965ccfc6d4b" outcome="Passed" testListId="8c84fa94-04c1-424b-9868-57a2d4851a1d" relativeResultsDirectory="21ec6843-926d-4986-bfb7-56451defd2c1" />
    <UnitTestResult executionId="1a1b0ef6-6555-4a16-aede-eb8ebeb08da6" testId="c802937c-efc8-c034-ed62-a5ba7cad7702" testName="ControlHub.Api.Tests.FunctionalTests.Accounts.RoleTests.CreateRoles_ShouldReturnOk_WhenRequestIsValid" computerName="DESKTOP-3V98JDF" duration="00:00:00.1406867" startTime="2026-01-18T15:00:04.1913400+07:00" endTime="2026-01-18T15:00:04.3258819+07:00" testType="13cdc9d9-ddb5-4fa4-a97d-d965ccfc6d4b" outcome="Passed" testListId="8c84fa94-04c1-424b-9868-57a2d4851a1d" relativeResultsDirectory="1a1b0ef6-6555-4a16-aede-eb8ebeb08da6" />
  </Results>
  <TestDefinitions>
    <UnitTest name="ControlHub.Api.Tests.FunctionalTests.Accounts.RoleTests.CreateRoles_ShouldBypassValidation_WhenNameIsEmpty_BecauseValidatorIsInternal" storage="e:\project\controlhub\tests\controlhub.api.tests\bin\debug\net8.0\controlhub.api.tests.dll" id="3f9f7c79-7d25-e241-3a5c-e20637f14a07">
      <Execution id="21ec6843-926d-4986-bfb7-56451defd2c1" />
      <TestMethod codeBase="e:\Project\ControlHub\tests\ControlHub.Api.Tests\bin\Debug\net8.0\ControlHub.Api.Tests.dll" adapterTypeName="executor://xunit/VsTestRunner3/netcore/" className="ControlHub.Api.Tests.FunctionalTests.Accounts.RoleTests" name="CreateRoles_ShouldBypassValidation_WhenNameIsEmpty_BecauseValidatorIsInternal" />
    </UnitTest>
    <UnitTest name="ControlHub.Api.Tests.FunctionalTests.Accounts.RoleTests.CreateRoles_ShouldReturnForbidden_WhenNotSuperAdmin" storage="e:\project\controlhub\tests\controlhub.api.tests\bin\debug\net8.0\controlhub.api.tests.dll" id="c37f2f82-26d1-3eaf-ddab-1e3a5cbe2557">
      <Execution id="36be5ffc-f2bb-4b45-8a39-bfc27f532aa2" />
      <TestMethod codeBase="e:\Project\ControlHub\tests\ControlHub.Api.Tests\bin\Debug\net8.0\ControlHub.Api.Tests.dll" adapterTypeName="executor://xunit/VsTestRunner3/netcore/" className="ControlHub.Api.Tests.FunctionalTests.Accounts.RoleTests" name="CreateRoles_ShouldReturnForbidden_WhenNotSuperAdmin" />
    </UnitTest>
    <UnitTest name="ControlHub.Api.Tests.FunctionalTests.Accounts.RoleTests.CreateRoles_ShouldReturnOk_WhenRequestIsValid" storage="e:\project\controlhub\tests\controlhub.api.tests\bin\debug\net8.0\controlhub.api.tests.dll" id="c802937c-efc8-c034-ed62-a5ba7cad7702">
      <Execution id="1a1b0ef6-6555-4a16-aede-eb8ebeb08da6" />
      <TestMethod codeBase="e:\Project\ControlHub\tests\ControlHub.Api.Tests\bin\Debug\net8.0\ControlHub.Api.Tests.dll" adapterTypeName="executor://xunit/VsTestRunner3/netcore/" className="ControlHub.Api.Tests.FunctionalTests.Accounts.RoleTests" name="CreateRoles_ShouldReturnOk_WhenRequestIsValid" />
    </UnitTest>
  </TestDefinitions>
  <TestEntries>
    <TestEntry testId="c37f2f82-26d1-3eaf-ddab-1e3a5cbe2557" executionId="36be5ffc-f2bb-4b45-8a39-bfc27f532aa2" testListId="8c84fa94-04c1-424b-9868-57a2d4851a1d" />
    <TestEntry testId="3f9f7c79-7d25-e241-3a5c-e20637f14a07" executionId="21ec6843-926d-4986-bfb7-56451defd2c1" testListId="8c84fa94-04c1-424b-9868-57a2d4851a1d" />
    <TestEntry testId="c802937c-efc8-c034-ed62-a5ba7cad7702" executionId="1a1b0ef6-6555-4a16-aede-eb8ebeb08da6" testListId="8c84fa94-04c1-424b-9868-57a2d4851a1d" />
  </TestEntries>
  <TestLists>
    <TestList name="Results Not in a List" id="8c84fa94-04c1-424b-9868-57a2d4851a1d" />
    <TestList name="All Loaded Results" id="19431567-8539-422a-85d7-44ee4e166bda" />
  </TestLists>
  <ResultSummary outcome="Completed">
    <Counters total="3" executed="3" passed="3" failed="0" error="0" timeout="0" aborted="0" inconclusive="0" passedButRunAborted="0" notRunnable="0" notExecuted="0" disconnected="0" warning="0" completed="0" inProgress="0" pending="0" />
    <Output>
      <StdOut>[xUnit.net 00:00:00.00] xUnit.net VSTest Adapter v3.1.4+50e68bbb8b (64-bit .NET 8.0.22)&#xD;
[xUnit.net 00:00:00.16]   Discovering: ControlHub.Api.Tests&#xD;
[xUnit.net 00:00:00.21]   Discovered:  ControlHub.Api.Tests&#xD;
[xUnit.net 00:00:00.24]   Starting:    ControlHub.Api.Tests&#xD;
[15:00:02 INF] Saved 3 entities to in-memory store.&#xD;
[15:00:02 INF] Saved 19 entities to in-memory store.&#xD;
Seeded 5 identifier configs successfully.&#xD;
[15:00:02 INF] Saved 32 entities to in-memory store.&#xD;
Seeded 32 permissions successfully.&#xD;
[15:00:03 INF] Saved 16 entities to in-memory store.&#xD;
Seeded 4 test accounts successfully.&#xD;
Database seeding completed successfully.&#xD;
? ControlHub seeding completed successfully!&#xD;
[15:00:03 INF] User profile is available. Using 'C:\Users\Gill\AppData\Local\ASP.NET\DataProtection-Keys' as key repository and Windows DPAPI to encrypt keys at rest.&#xD;
[15:00:03 INF] Request starting HTTP/1.1 POST http://localhost/api/Auth/superadmins/register - application/json; charset=utf-8 98&#xD;
[15:00:03 WRN] Failed to determine the https port for redirect.&#xD;
[15:00:03 INF] ?? [JWT Config] Successfully loaded. Issuer: ControlHub&#xD;
[15:00:03 INF] Executing endpoint 'ControlHub.API.Accounts.Controllers.AuthController.RegisterSuperAdmin (ControlHub.API)'&#xD;
[15:00:03 INF] Route matched with {action = "RegisterSuperAdmin", controller = "Auth"}. Executing controller action with signature System.Threading.Tasks.Task`1[Microsoft.AspNetCore.Mvc.IActionResult] RegisterSuperAdmin(ControlHub.API.Accounts.ViewModels.Request.RegisterSupperAdminRequest, System.Threading.CancellationToken) on controller ControlHub.API.Accounts.Controllers.AuthController (ControlHub.API).&#xD;
[15:00:03 INF] Executing action method ControlHub.API.Accounts.Controllers.AuthController.RegisterSuperAdmin (ControlHub.API) - Validation state: Valid&#xD;
[15:00:03 INF] Account.RegisterSupperAdmin.Started: Starting account creation for Ident superadmin@example.com&#xD;
[15:00:03 INF] Account.RegisterSupperAdmin.Success: Account created successfully for AccountId 4ad21cbf-a84c-4883-839b-fdeebfac7537, Ident superadmin@example.com&#xD;
[15:00:03 INF] Implicit transaction started at 01/18/2026 08:00:03&#xD;
[15:00:03 INF] Saved 4 entities to in-memory store.&#xD;
[15:00:03 INF] Transaction committed successfully with 4 changes.&#xD;
[15:00:03 INF] Executed action method ControlHub.API.Accounts.Controllers.AuthController.RegisterSuperAdmin (ControlHub.API), returned result Microsoft.AspNetCore.Mvc.OkObjectResult in 141.6957ms.&#xD;
[15:00:03 INF] Executing OkObjectResult, writing value of type 'ControlHub.API.Accounts.ViewModels.Response.RegisterSupperAdminResponse'.&#xD;
[15:00:03 INF] Executed action ControlHub.API.Accounts.Controllers.AuthController.RegisterSuperAdmin (ControlHub.API) in 176.3538ms&#xD;
[15:00:03 INF] Executed endpoint 'ControlHub.API.Accounts.Controllers.AuthController.RegisterSuperAdmin (ControlHub.API)'&#xD;
[15:00:03 INF] Request finished HTTP/1.1 POST http://localhost/api/Auth/superadmins/register - 200 null application/json; charset=utf-8 241.0985ms&#xD;
[15:00:03 INF] Request starting HTTP/1.1 POST http://localhost/api/Auth/auth/signin - application/json; charset=utf-8 74&#xD;
[15:00:03 INF] Executing endpoint 'ControlHub.API.Accounts.Controllers.AuthController.SignIn (ControlHub.API)'&#xD;
[15:00:03 INF] Route matched with {action = "SignIn", controller = "Auth"}. Executing controller action with signature System.Threading.Tasks.Task`1[Microsoft.AspNetCore.Mvc.IActionResult] SignIn(ControlHub.API.Accounts.ViewModels.Request.SignInRequest, System.Threading.CancellationToken) on controller ControlHub.API.Accounts.Controllers.AuthController (ControlHub.API).&#xD;
[15:00:03 INF] Executing action method ControlHub.API.Accounts.Controllers.AuthController.SignIn (ControlHub.API) - Validation state: Valid&#xD;
[15:00:03 INF] Account.SignIn.Started: Starting sign-in process for Identifier superadmin@example.com&#xD;
[15:00:04 INF] Implicit transaction started at 01/18/2026 08:00:04&#xD;
[15:00:04 INF] Saved 2 entities to in-memory store.&#xD;
[15:00:04 INF] Transaction committed successfully with 2 changes.&#xD;
[15:00:04 INF] Account.SignIn.Success: User signed in successfully for AccountId 4ad21cbf-a84c-4883-839b-fdeebfac7537&#xD;
[15:00:04 INF] Executed action method ControlHub.API.Accounts.Controllers.AuthController.SignIn (ControlHub.API), returned result Microsoft.AspNetCore.Mvc.OkObjectResult in 135.0577ms.&#xD;
[15:00:04 INF] Executing OkObjectResult, writing value of type 'ControlHub.API.Accounts.ViewModels.Response.SignInResponse'.&#xD;
[15:00:04 INF] Executed action ControlHub.API.Accounts.Controllers.AuthController.SignIn (ControlHub.API) in 139.5813ms&#xD;
[15:00:04 INF] Executed endpoint 'ControlHub.API.Accounts.Controllers.AuthController.SignIn (ControlHub.API)'&#xD;
[15:00:04 INF] Request finished HTTP/1.1 POST http://localhost/api/Auth/auth/signin - 200 null application/json; charset=utf-8 145.6022ms&#xD;
[15:00:04 INF] Request starting HTTP/1.1 POST http://localhost/api/Role/roles - application/json; charset=utf-8 109&#xD;
[15:00:04 INF] --- PermissionClaimsTransformation: Role super_admin kh�ng c� permission n�o. ---&#xD;
[15:00:04 INF] Executing endpoint 'ControlHub.API.Roles.RoleController.CreateRoles (ControlHub.API)'&#xD;
[15:00:04 INF] Route matched with {action = "CreateRoles", controller = "Role"}. Executing controller action with signature System.Threading.Tasks.Task`1[Microsoft.AspNetCore.Mvc.IActionResult] CreateRoles(ControlHub.API.Roles.ViewModels.Requests.CreateRolesRequest, System.Threading.CancellationToken) on controller ControlHub.API.Roles.RoleController (ControlHub.API).&#xD;
[15:00:04 INF] Executing action method ControlHub.API.Roles.RoleController.CreateRoles (ControlHub.API) - Validation state: Valid&#xD;
[15:00:04 WRN] Client Error occurred: Validation Error (Code: Validation.Failed). Message: Role name is required.&#xD;
[15:00:04 INF] Executed action method ControlHub.API.Roles.RoleController.CreateRoles (ControlHub.API), returned result Microsoft.AspNetCore.Mvc.BadRequestObjectResult in 16.9283ms.&#xD;
[15:00:04 INF] Executing BadRequestObjectResult, writing value of type 'Microsoft.AspNetCore.Mvc.ProblemDetails'.&#xD;
[15:00:04 INF] Executed action ControlHub.API.Roles.RoleController.CreateRoles (ControlHub.API) in 30.6708ms&#xD;
[15:00:04 INF] Executed endpoint 'ControlHub.API.Roles.RoleController.CreateRoles (ControlHub.API)'&#xD;
[15:00:04 INF] Request finished HTTP/1.1 POST http://localhost/api/Role/roles - 400 null application/problem+json; charset=utf-8 74.686ms&#xD;
[15:00:04 INF] Request starting HTTP/1.1 POST http://localhost/api/Auth/superadmins/register - application/json; charset=utf-8 98&#xD;
[15:00:04 INF] Executing endpoint 'ControlHub.API.Accounts.Controllers.AuthController.RegisterSuperAdmin (ControlHub.API)'&#xD;
[15:00:04 INF] Route matched with {action = "RegisterSuperAdmin", controller = "Auth"}. Executing controller action with signature System.Threading.Tasks.Task`1[Microsoft.AspNetCore.Mvc.IActionResult] RegisterSuperAdmin(ControlHub.API.Accounts.ViewModels.Request.RegisterSupperAdminRequest, System.Threading.CancellationToken) on controller ControlHub.API.Accounts.Controllers.AuthController (ControlHub.API).&#xD;
[15:00:04 INF] Executing action method ControlHub.API.Accounts.Controllers.AuthController.RegisterSuperAdmin (ControlHub.API) - Validation state: Valid&#xD;
[15:00:04 INF] Account.RegisterSupperAdmin.Started: Starting account creation for Ident superadmin@example.com&#xD;
[15:00:04 WRN] Account.RegisterSupperAdmin.IdentifierExists: Identifier already exists for Ident superadmin@example.com&#xD;
[15:00:04 WRN] Client Error occurred: Conflict (Code: Account.EmailAlreadyExists). Message: The email provided is already in use.&#xD;
[15:00:04 INF] Executed action method ControlHub.API.Accounts.Controllers.AuthController.RegisterSuperAdmin (ControlHub.API), returned result Microsoft.AspNetCore.Mvc.ConflictObjectResult in 4.2136ms.&#xD;
[15:00:04 INF] Executing ConflictObjectResult, writing value of type 'Microsoft.AspNetCore.Mvc.ProblemDetails'.&#xD;
[15:00:04 INF] Executed action ControlHub.API.Accounts.Controllers.AuthController.RegisterSuperAdmin (ControlHub.API) in 5.3427ms&#xD;
[15:00:04 INF] Executed endpoint 'ControlHub.API.Accounts.Controllers.AuthController.RegisterSuperAdmin (ControlHub.API)'&#xD;
[15:00:04 INF] Request finished HTTP/1.1 POST http://localhost/api/Auth/superadmins/register - 409 null application/problem+json; charset=utf-8 6.1328ms&#xD;
[15:00:04 INF] Request starting HTTP/1.1 POST http://localhost/api/Auth/auth/signin - application/json; charset=utf-8 74&#xD;
[15:00:04 INF] Executing endpoint 'ControlHub.API.Accounts.Controllers.AuthController.SignIn (ControlHub.API)'&#xD;
[15:00:04 INF] Route matched with {action = "SignIn", controller = "Auth"}. Executing controller action with signature System.Threading.Tasks.Task`1[Microsoft.AspNetCore.Mvc.IActionResult] SignIn(ControlHub.API.Accounts.ViewModels.Request.SignInRequest, System.Threading.CancellationToken) on controller ControlHub.API.Accounts.Controllers.AuthController (ControlHub.API).&#xD;
[15:00:04 INF] Executing action method ControlHub.API.Accounts.Controllers.AuthController.SignIn (ControlHub.API) - Validation state: Valid&#xD;
[15:00:04 INF] Account.SignIn.Started: Starting sign-in process for Identifier superadmin@example.com&#xD;
[15:00:04 INF] Implicit transaction started at 01/18/2026 08:00:04&#xD;
[15:00:04 INF] Saved 2 entities to in-memory store.&#xD;
[15:00:04 INF] Transaction committed successfully with 2 changes.&#xD;
[15:00:04 INF] Account.SignIn.Success: User signed in successfully for AccountId 4ad21cbf-a84c-4883-839b-fdeebfac7537&#xD;
[15:00:04 INF] Executed action method ControlHub.API.Accounts.Controllers.AuthController.SignIn (ControlHub.API), returned result Microsoft.AspNetCore.Mvc.OkObjectResult in 80.2397ms.&#xD;
[15:00:04 INF] Executing OkObjectResult, writing value of type 'ControlHub.API.Accounts.ViewModels.Response.SignInResponse'.&#xD;
[15:00:04 INF] Executed action ControlHub.API.Accounts.Controllers.AuthController.SignIn (ControlHub.API) in 80.8376ms&#xD;
[15:00:04 INF] Executed endpoint 'ControlHub.API.Accounts.Controllers.AuthController.SignIn (ControlHub.API)'&#xD;
[15:00:04 INF] Request finished HTTP/1.1 POST http://localhost/api/Auth/auth/signin - 200 null application/json; charset=utf-8 81.8408ms&#xD;
[15:00:04 INF] Request starting HTTP/1.1 POST http://localhost/api/Role/roles - application/json; charset=utf-8 131&#xD;
[15:00:04 INF] --- PermissionClaimsTransformation: Role super_admin kh�ng c� permission n�o. ---&#xD;
[15:00:04 INF] Executing endpoint 'ControlHub.API.Roles.RoleController.CreateRoles (ControlHub.API)'&#xD;
[15:00:04 INF] Route matched with {action = "CreateRoles", controller = "Role"}. Executing controller action with signature System.Threading.Tasks.Task`1[Microsoft.AspNetCore.Mvc.IActionResult] CreateRoles(ControlHub.API.Roles.ViewModels.Requests.CreateRolesRequest, System.Threading.CancellationToken) on controller ControlHub.API.Roles.RoleController (ControlHub.API).&#xD;
[15:00:04 INF] Executing action method ControlHub.API.Roles.RoleController.CreateRoles (ControlHub.API) - Validation state: Valid&#xD;
[15:00:04 INF] Role.CreateRoles.Started: Starting role creation process. Count=1&#xD;
[15:00:04 INF] Role.CreateRoles.RolePrepared: Role successfully composed and ready for persistence. Role=Test Role b748e705&#xD;
[15:00:04 INF] Implicit transaction started at 01/18/2026 08:00:04&#xD;
[15:00:04 INF] Saved 2 entities to in-memory store.&#xD;
[15:00:04 INF] Transaction committed successfully with 2 changes.&#xD;
[15:00:04 INF] Role.CreateRoles.Success: Roles created and persisted successfully. RolesCreated=1&#xD;
[15:00:04 INF] Executed action method ControlHub.API.Roles.RoleController.CreateRoles (ControlHub.API), returned result Microsoft.AspNetCore.Mvc.OkObjectResult in 34.8092ms.&#xD;
[15:00:04 INF] Executing OkObjectResult, writing value of type 'ControlHub.API.Roles.ViewModels.Responses.CreateRolesResponse'.&#xD;
[15:00:04 INF] Executed action ControlHub.API.Roles.RoleController.CreateRoles (ControlHub.API) in 36.847ms&#xD;
[15:00:04 INF] Executed endpoint 'ControlHub.API.Roles.RoleController.CreateRoles (ControlHub.API)'&#xD;
[15:00:04 INF] Request finished HTTP/1.1 POST http://localhost/api/Role/roles - 200 null application/json; charset=utf-8 40.0368ms&#xD;
     Warning:&#xD;
     The component "Fluent Assertions" is governed by the rules defined in the Xceed License Agreement and&#xD;
     the Xceed Fluent Assertions Community License. You may use Fluent Assertions free of charge for&#xD;
     non-commercial use only. An active subscription is required to use Fluent Assertions for commercial use.&#xD;
     Please contact Xceed Sales mailto:sales@xceed.com to acquire a subscription at a very low cost.&#xD;
     A paid commercial license supports the development and continued increasing support of&#xD;
     Fluent Assertions users under both commercial and community licenses. Help us&#xD;
     keep Fluent Assertions at the forefront of unit testing.&#xD;
     For more information, visit https://xceed.com/products/unit-testing/fluent-assertions/&#xD;
[15:00:04 INF] Request starting HTTP/1.1 POST http://localhost/api/Auth/users/register - application/json; charset=utf-8 69&#xD;
[15:00:04 INF] Executing endpoint 'ControlHub.API.Accounts.Controllers.AuthController.Register (ControlHub.API)'&#xD;
[15:00:04 INF] Route matched with {action = "Register", controller = "Auth"}. Executing controller action with signature System.Threading.Tasks.Task`1[Microsoft.AspNetCore.Mvc.IActionResult] Register(ControlHub.API.Accounts.ViewModels.Request.RegisterUserRequest, System.Threading.CancellationToken) on controller ControlHub.API.Accounts.Controllers.AuthController (ControlHub.API).&#xD;
[15:00:04 INF] Executing action method ControlHub.API.Accounts.Controllers.AuthController.Register (ControlHub.API) - Validation state: Valid&#xD;
[15:00:04 INF] Account.RegisterUser.Started: Starting account creation for Ident test@example.com&#xD;
[15:00:04 INF] Account.RegisterUser.Success: Account created successfully for AccountId 9a4db1d6-9ec1-4b0e-81e4-f5ce34e8c464, Ident test@example.com&#xD;
[15:00:04 INF] Implicit transaction started at 01/18/2026 08:00:04&#xD;
[15:00:04 INF] Saved 4 entities to in-memory store.&#xD;
[15:00:04 INF] Transaction committed successfully with 4 changes.&#xD;
[15:00:04 INF] Executed action method ControlHub.API.Accounts.Controllers.AuthController.Register (ControlHub.API), returned result Microsoft.AspNetCore.Mvc.OkObjectResult in 66.1825ms.&#xD;
[15:00:04 INF] Executing OkObjectResult, writing value of type 'ControlHub.API.Accounts.ViewModels.Response.RegisterUserResponse'.&#xD;
[15:00:04 INF] Executed action ControlHub.API.Accounts.Controllers.AuthController.Register (ControlHub.API) in 70.1624ms&#xD;
[15:00:04 INF] Executed endpoint 'ControlHub.API.Accounts.Controllers.AuthController.Register (ControlHub.API)'&#xD;
[15:00:04 INF] Request finished HTTP/1.1 POST http://localhost/api/Auth/users/register - 200 null application/json; charset=utf-8 73.8883ms&#xD;
[15:00:04 INF] Request starting HTTP/1.1 POST http://localhost/api/Auth/auth/signin - application/json; charset=utf-8 69&#xD;
[15:00:04 INF] Executing endpoint 'ControlHub.API.Accounts.Controllers.AuthController.SignIn (ControlHub.API)'&#xD;
[15:00:04 INF] Route matched with {action = "SignIn", controller = "Auth"}. Executing controller action with signature System.Threading.Tasks.Task`1[Microsoft.AspNetCore.Mvc.IActionResult] SignIn(ControlHub.API.Accounts.ViewModels.Request.SignInRequest, System.Threading.CancellationToken) on controller ControlHub.API.Accounts.Controllers.AuthController (ControlHub.API).&#xD;
[15:00:04 INF] Executing action method ControlHub.API.Accounts.Controllers.AuthController.SignIn (ControlHub.API) - Validation state: Valid&#xD;
[15:00:04 INF] Account.SignIn.Started: Starting sign-in process for Identifier test@example.com&#xD;
[15:00:04 INF] Implicit transaction started at 01/18/2026 08:00:04&#xD;
[15:00:04 INF] Saved 2 entities to in-memory store.&#xD;
[15:00:04 INF] Transaction committed successfully with 2 changes.&#xD;
[15:00:04 INF] Account.SignIn.Success: User signed in successfully for AccountId 9a4db1d6-9ec1-4b0e-81e4-f5ce34e8c464&#xD;
[15:00:04 INF] Executed action method ControlHub.API.Accounts.Controllers.AuthController.SignIn (ControlHub.API), returned result Microsoft.AspNetCore.Mvc.OkObjectResult in 68.2287ms.&#xD;
[15:00:04 INF] Executing OkObjectResult, writing value of type 'ControlHub.API.Accounts.ViewModels.Response.SignInResponse'.&#xD;
[15:00:04 INF] Executed action ControlHub.API.Accounts.Controllers.AuthController.SignIn (ControlHub.API) in 68.8137ms&#xD;
[15:00:04 INF] Executed endpoint 'ControlHub.API.Accounts.Controllers.AuthController.SignIn (ControlHub.API)'&#xD;
[15:00:04 INF] Request finished HTTP/1.1 POST http://localhost/api/Auth/auth/signin - 200 null application/json; charset=utf-8 69.3592ms&#xD;
[15:00:04 INF] Request starting HTTP/1.1 POST http://localhost/api/Role/roles - application/json; charset=utf-8 72&#xD;
[15:00:04 INF] --- PermissionClaimsTransformation: Role user kh�ng c� permission n�o. ---&#xD;
[15:00:04 INF] Authorization failed. These requirements were not met:&#xD;
ControlHub.Application.Authorization.Requirements.PermissionRequirement&#xD;
[15:00:04 INF] AuthenticationScheme: Bearer was forbidden.&#xD;
[15:00:04 INF] Request finished HTTP/1.1 POST http://localhost/api/Role/roles - 403 null null 4.4943ms&#xD;
[xUnit.net 00:00:03.06]   Finished:    ControlHub.Api.Tests&#xD;
</StdOut>
    </Output>
  </ResultSummary>
</TestRun>