<?xml version="1.0" encoding="utf-8"?>
<TestRun id="88f1c09a-53ae-4c3d-99ec-d4f891cbd8e1" name="Gill@DESKTOP-3V98JDF 2026-01-18 15:01:50" runUser="DESKTOP-3V98JDF\Gill" xmlns="http://microsoft.com/schemas/VisualStudio/TeamTest/2010">
  <Times creation="2026-01-18T15:01:50.0383281+07:00" queuing="2026-01-18T15:01:50.0383283+07:00" start="2026-01-18T15:01:46.6240676+07:00" finish="2026-01-18T15:01:50.0454812+07:00" />
  <TestSettings name="default" id="649f2532-046f-459b-8947-ae967c2863d1">
    <Deployment runDeploymentRoot="Gill_DESKTOP-3V98JDF_2026-01-18_15_01_50" />
  </TestSettings>
  <Results>
    <UnitTestResult executionId="22e527c7-1eed-456d-ae0b-27a00507d9ff" testId="c37f2f82-26d1-3eaf-ddab-1e3a5cbe2557" testName="ControlHub.Api.Tests.FunctionalTests.Accounts.RoleTests.CreateRoles_ShouldReturnForbidden_WhenNotSuperAdmin" computerName="DESKTOP-3V98JDF" duration="00:00:00.1621091" startTime="2026-01-18T15:01:49.7455234+07:00" endTime="2026-01-18T15:01:49.9078723+07:00" testType="13cdc9d9-ddb5-4fa4-a97d-d965ccfc6d4b" outcome="Passed" testListId="8c84fa94-04c1-424b-9868-57a2d4851a1d" relativeResultsDirectory="22e527c7-1eed-456d-ae0b-27a00507d9ff" />
    <UnitTestResult executionId="f170a9ee-9100-40e2-82ac-66bbbbeaa2bb" testId="c802937c-efc8-c034-ed62-a5ba7cad7702" testName="ControlHub.Api.Tests.FunctionalTests.Accounts.RoleTests.CreateRoles_ShouldReturnOk_WhenRequestIsValid" computerName="DESKTOP-3V98JDF" duration="00:00:00.0953297" startTime="2026-01-18T15:01:49.5684727+07:00" endTime="2026-01-18T15:01:49.6626045+07:00" testType="13cdc9d9-ddb5-4fa4-a97d-d965ccfc6d4b" outcome="Passed" testListId="8c84fa94-04c1-424b-9868-57a2d4851a1d" relativeResultsDirectory="f170a9ee-9100-40e2-82ac-66bbbbeaa2bb" />
    <UnitTestResult executionId="83fce063-bffc-4ba3-9297-b73057cc273c" testId="e505512f-6980-e6a2-8a21-499859229f55" testName="ControlHub.Api.Tests.FunctionalTests.Accounts.RoleTests.CreateRoles_ShouldReturnBadRequest_WhenNameIsEmpty" computerName="DESKTOP-3V98JDF" duration="00:00:00.0824413" startTime="2026-01-18T15:01:49.6630934+07:00" endTime="2026-01-18T15:01:49.7453242+07:00" testType="13cdc9d9-ddb5-4fa4-a97d-d965ccfc6d4b" outcome="Passed" testListId="8c84fa94-04c1-424b-9868-57a2d4851a1d" relativeResultsDirectory="83fce063-bffc-4ba3-9297-b73057cc273c" />
    <UnitTestResult executionId="d9511098-a472-4775-84b3-d9a606d6f14a" testId="9d54b7d5-591d-ace1-0e4d-cd800390146a" testName="ControlHub.Api.Tests.FunctionalTests.Accounts.RoleTests.CreateRoles_ShouldReturnOk_ButSilentlyFilterDuplicates_WhenRoleAlreadyExists" computerName="DESKTOP-3V98JDF" duration="00:00:02.2454129" startTime="2026-01-18T15:01:47.2044263+07:00" endTime="2026-01-18T15:01:49.4594203+07:00" testType="13cdc9d9-ddb5-4fa4-a97d-d965ccfc6d4b" outcome="Failed" testListId="8c84fa94-04c1-424b-9868-57a2d4851a1d" relativeResultsDirectory="d9511098-a472-4775-84b3-d9a606d6f14a">
      <Output>
        <ErrorInfo>
          <Message>Expected result.FailureCount to be 1 because The duplicate role should be reported as a failure, not silently ignored., but found 0 (difference of -1).</Message>
          <StackTrace>   at FluentAssertions.Execution.LateBoundTestFramework.Throw(String message)&#xD;
   at FluentAssertions.Execution.DefaultAssertionStrategy.HandleFailure(String message)&#xD;
   at FluentAssertions.Execution.AssertionScope.AddPreFormattedFailure(String formattedFailureMessage)&#xD;
   at FluentAssertions.Execution.AssertionChain.FailWith(Func`1 getFailureReason)&#xD;
   at FluentAssertions.Execution.AssertionChain.FailWith(Func`1 getFailureReason)&#xD;
   at FluentAssertions.Execution.AssertionChain.FailWith(String message, Object[] args)&#xD;
   at FluentAssertions.Numeric.NumericAssertionsBase`3.Be(T expected, String because, Object[] becauseArgs)&#xD;
   at ControlHub.Api.Tests.FunctionalTests.Accounts.RoleTests.CreateRoles_ShouldReturnOk_ButSilentlyFilterDuplicates_WhenRoleAlreadyExists() in e:\Project\ControlHub\tests\ControlHub.Api.Tests\FunctionalTests\Accounts\RoleTests.cs:line 170&#xD;
--- End of stack trace from previous location ---</StackTrace>
        </ErrorInfo>
      </Output>
    </UnitTestResult>
    <UnitTestResult executionId="ad12c5a2-2851-448c-ba87-3b0827f2934f" testId="0f7b3a18-e8d4-141c-93a2-ce1fabc48217" testName="ControlHub.Api.Tests.FunctionalTests.Accounts.RoleTests.CreateRoles_ShouldReturnOk_WithPartialSuccess_WhenOneRoleIsInvalid" computerName="DESKTOP-3V98JDF" duration="00:00:00.1061121" startTime="2026-01-18T15:01:49.4703845+07:00" endTime="2026-01-18T15:01:49.5671532+07:00" testType="13cdc9d9-ddb5-4fa4-a97d-d965ccfc6d4b" outcome="Passed" testListId="8c84fa94-04c1-424b-9868-57a2d4851a1d" relativeResultsDirectory="ad12c5a2-2851-448c-ba87-3b0827f2934f" />
  </Results>
  <TestDefinitions>
    <UnitTest name="ControlHub.Api.Tests.FunctionalTests.Accounts.RoleTests.CreateRoles_ShouldReturnForbidden_WhenNotSuperAdmin" storage="e:\project\controlhub\tests\controlhub.api.tests\bin\debug\net8.0\controlhub.api.tests.dll" id="c37f2f82-26d1-3eaf-ddab-1e3a5cbe2557">
      <Execution id="22e527c7-1eed-456d-ae0b-27a00507d9ff" />
      <TestMethod codeBase="e:\Project\ControlHub\tests\ControlHub.Api.Tests\bin\Debug\net8.0\ControlHub.Api.Tests.dll" adapterTypeName="executor://xunit/VsTestRunner3/netcore/" className="ControlHub.Api.Tests.FunctionalTests.Accounts.RoleTests" name="CreateRoles_ShouldReturnForbidden_WhenNotSuperAdmin" />
    </UnitTest>
    <UnitTest name="ControlHub.Api.Tests.FunctionalTests.Accounts.RoleTests.CreateRoles_ShouldReturnOk_WhenRequestIsValid" storage="e:\project\controlhub\tests\controlhub.api.tests\bin\debug\net8.0\controlhub.api.tests.dll" id="c802937c-efc8-c034-ed62-a5ba7cad7702">
      <Execution id="f170a9ee-9100-40e2-82ac-66bbbbeaa2bb" />
      <TestMethod codeBase="e:\Project\ControlHub\tests\ControlHub.Api.Tests\bin\Debug\net8.0\ControlHub.Api.Tests.dll" adapterTypeName="executor://xunit/VsTestRunner3/netcore/" className="ControlHub.Api.Tests.FunctionalTests.Accounts.RoleTests" name="CreateRoles_ShouldReturnOk_WhenRequestIsValid" />
    </UnitTest>
    <UnitTest name="ControlHub.Api.Tests.FunctionalTests.Accounts.RoleTests.CreateRoles_ShouldReturnOk_WithPartialSuccess_WhenOneRoleIsInvalid" storage="e:\project\controlhub\tests\controlhub.api.tests\bin\debug\net8.0\controlhub.api.tests.dll" id="0f7b3a18-e8d4-141c-93a2-ce1fabc48217">
      <Execution id="ad12c5a2-2851-448c-ba87-3b0827f2934f" />
      <TestMethod codeBase="e:\Project\ControlHub\tests\ControlHub.Api.Tests\bin\Debug\net8.0\ControlHub.Api.Tests.dll" adapterTypeName="executor://xunit/VsTestRunner3/netcore/" className="ControlHub.Api.Tests.FunctionalTests.Accounts.RoleTests" name="CreateRoles_ShouldReturnOk_WithPartialSuccess_WhenOneRoleIsInvalid" />
    </UnitTest>
    <UnitTest name="ControlHub.Api.Tests.FunctionalTests.Accounts.RoleTests.CreateRoles_ShouldReturnOk_ButSilentlyFilterDuplicates_WhenRoleAlreadyExists" storage="e:\project\controlhub\tests\controlhub.api.tests\bin\debug\net8.0\controlhub.api.tests.dll" id="9d54b7d5-591d-ace1-0e4d-cd800390146a">
      <Execution id="d9511098-a472-4775-84b3-d9a606d6f14a" />
      <TestMethod codeBase="e:\Project\ControlHub\tests\ControlHub.Api.Tests\bin\Debug\net8.0\ControlHub.Api.Tests.dll" adapterTypeName="executor://xunit/VsTestRunner3/netcore/" className="ControlHub.Api.Tests.FunctionalTests.Accounts.RoleTests" name="CreateRoles_ShouldReturnOk_ButSilentlyFilterDuplicates_WhenRoleAlreadyExists" />
    </UnitTest>
    <UnitTest name="ControlHub.Api.Tests.FunctionalTests.Accounts.RoleTests.CreateRoles_ShouldReturnBadRequest_WhenNameIsEmpty" storage="e:\project\controlhub\tests\controlhub.api.tests\bin\debug\net8.0\controlhub.api.tests.dll" id="e505512f-6980-e6a2-8a21-499859229f55">
      <Execution id="83fce063-bffc-4ba3-9297-b73057cc273c" />
      <TestMethod codeBase="e:\Project\ControlHub\tests\ControlHub.Api.Tests\bin\Debug\net8.0\ControlHub.Api.Tests.dll" adapterTypeName="executor://xunit/VsTestRunner3/netcore/" className="ControlHub.Api.Tests.FunctionalTests.Accounts.RoleTests" name="CreateRoles_ShouldReturnBadRequest_WhenNameIsEmpty" />
    </UnitTest>
  </TestDefinitions>
  <TestEntries>
    <TestEntry testId="c37f2f82-26d1-3eaf-ddab-1e3a5cbe2557" executionId="22e527c7-1eed-456d-ae0b-27a00507d9ff" testListId="8c84fa94-04c1-424b-9868-57a2d4851a1d" />
    <TestEntry testId="c802937c-efc8-c034-ed62-a5ba7cad7702" executionId="f170a9ee-9100-40e2-82ac-66bbbbeaa2bb" testListId="8c84fa94-04c1-424b-9868-57a2d4851a1d" />
    <TestEntry testId="e505512f-6980-e6a2-8a21-499859229f55" executionId="83fce063-bffc-4ba3-9297-b73057cc273c" testListId="8c84fa94-04c1-424b-9868-57a2d4851a1d" />
    <TestEntry testId="9d54b7d5-591d-ace1-0e4d-cd800390146a" executionId="d9511098-a472-4775-84b3-d9a606d6f14a" testListId="8c84fa94-04c1-424b-9868-57a2d4851a1d" />
    <TestEntry testId="0f7b3a18-e8d4-141c-93a2-ce1fabc48217" executionId="ad12c5a2-2851-448c-ba87-3b0827f2934f" testListId="8c84fa94-04c1-424b-9868-57a2d4851a1d" />
  </TestEntries>
  <TestLists>
    <TestList name="Results Not in a List" id="8c84fa94-04c1-424b-9868-57a2d4851a1d" />
    <TestList name="All Loaded Results" id="19431567-8539-422a-85d7-44ee4e166bda" />
  </TestLists>
  <ResultSummary outcome="Failed">
    <Counters total="5" executed="5" passed="4" failed="1" error="0" timeout="0" aborted="0" inconclusive="0" passedButRunAborted="0" notRunnable="0" notExecuted="0" disconnected="0" warning="0" completed="0" inProgress="0" pending="0" />
    <Output>
      <StdOut>[xUnit.net 00:00:00.00] xUnit.net VSTest Adapter v3.1.4+50e68bbb8b (64-bit .NET 8.0.22)&#xD;
[xUnit.net 00:00:00.07]   Discovering: ControlHub.Api.Tests&#xD;
[xUnit.net 00:00:00.12]   Discovered:  ControlHub.Api.Tests&#xD;
[xUnit.net 00:00:00.15]   Starting:    ControlHub.Api.Tests&#xD;
[15:01:47 INF] Saved 3 entities to in-memory store.&#xD;
[15:01:47 INF] Saved 19 entities to in-memory store.&#xD;
Seeded 5 identifier configs successfully.&#xD;
[15:01:47 INF] Saved 32 entities to in-memory store.&#xD;
Seeded 32 permissions successfully.&#xD;
[15:01:48 INF] Saved 16 entities to in-memory store.&#xD;
Seeded 4 test accounts successfully.&#xD;
Database seeding completed successfully.&#xD;
? ControlHub seeding completed successfully!&#xD;
[15:01:48 INF] User profile is available. Using 'C:\Users\Gill\AppData\Local\ASP.NET\DataProtection-Keys' as key repository and Windows DPAPI to encrypt keys at rest.&#xD;
[15:01:48 INF] Request starting HTTP/1.1 POST http://localhost/api/Auth/superadmins/register - application/json; charset=utf-8 98&#xD;
[15:01:48 WRN] Failed to determine the https port for redirect.&#xD;
[15:01:48 INF] ?? [JWT Config] Successfully loaded. Issuer: ControlHub&#xD;
[15:01:48 INF] Executing endpoint 'ControlHub.API.Accounts.Controllers.AuthController.RegisterSuperAdmin (ControlHub.API)'&#xD;
[15:01:48 INF] Route matched with {action = "RegisterSuperAdmin", controller = "Auth"}. Executing controller action with signature System.Threading.Tasks.Task`1[Microsoft.AspNetCore.Mvc.IActionResult] RegisterSuperAdmin(ControlHub.API.Accounts.ViewModels.Request.RegisterSupperAdminRequest, System.Threading.CancellationToken) on controller ControlHub.API.Accounts.Controllers.AuthController (ControlHub.API).&#xD;
[15:01:48 INF] Executing action method ControlHub.API.Accounts.Controllers.AuthController.RegisterSuperAdmin (ControlHub.API) - Validation state: Valid&#xD;
[15:01:48 INF] Account.RegisterSupperAdmin.Started: Starting account creation for Ident superadmin@example.com&#xD;
[15:01:49 INF] Account.RegisterSupperAdmin.Success: Account created successfully for AccountId a766ec88-410f-4386-b660-32fb1bb52226, Ident superadmin@example.com&#xD;
[15:01:49 INF] Implicit transaction started at 01/18/2026 08:01:49&#xD;
[15:01:49 INF] Saved 4 entities to in-memory store.&#xD;
[15:01:49 INF] Transaction committed successfully with 4 changes.&#xD;
[15:01:49 INF] Executed action method ControlHub.API.Accounts.Controllers.AuthController.RegisterSuperAdmin (ControlHub.API), returned result Microsoft.AspNetCore.Mvc.OkObjectResult in 143.544ms.&#xD;
[15:01:49 INF] Executing OkObjectResult, writing value of type 'ControlHub.API.Accounts.ViewModels.Response.RegisterSupperAdminResponse'.&#xD;
[15:01:49 INF] Executed action ControlHub.API.Accounts.Controllers.AuthController.RegisterSuperAdmin (ControlHub.API) in 177.4805ms&#xD;
[15:01:49 INF] Executed endpoint 'ControlHub.API.Accounts.Controllers.AuthController.RegisterSuperAdmin (ControlHub.API)'&#xD;
[15:01:49 INF] Request finished HTTP/1.1 POST http://localhost/api/Auth/superadmins/register - 200 null application/json; charset=utf-8 242.4549ms&#xD;
[15:01:49 INF] Request starting HTTP/1.1 POST http://localhost/api/Auth/auth/signin - application/json; charset=utf-8 74&#xD;
[15:01:49 INF] Executing endpoint 'ControlHub.API.Accounts.Controllers.AuthController.SignIn (ControlHub.API)'&#xD;
[15:01:49 INF] Route matched with {action = "SignIn", controller = "Auth"}. Executing controller action with signature System.Threading.Tasks.Task`1[Microsoft.AspNetCore.Mvc.IActionResult] SignIn(ControlHub.API.Accounts.ViewModels.Request.SignInRequest, System.Threading.CancellationToken) on controller ControlHub.API.Accounts.Controllers.AuthController (ControlHub.API).&#xD;
[15:01:49 INF] Executing action method ControlHub.API.Accounts.Controllers.AuthController.SignIn (ControlHub.API) - Validation state: Valid&#xD;
[15:01:49 INF] Account.SignIn.Started: Starting sign-in process for Identifier superadmin@example.com&#xD;
[15:01:49 INF] Implicit transaction started at 01/18/2026 08:01:49&#xD;
[15:01:49 INF] Saved 2 entities to in-memory store.&#xD;
[15:01:49 INF] Transaction committed successfully with 2 changes.&#xD;
[15:01:49 INF] Account.SignIn.Success: User signed in successfully for AccountId a766ec88-410f-4386-b660-32fb1bb52226&#xD;
[15:01:49 INF] Executed action method ControlHub.API.Accounts.Controllers.AuthController.SignIn (ControlHub.API), returned result Microsoft.AspNetCore.Mvc.OkObjectResult in 149.6511ms.&#xD;
[15:01:49 INF] Executing OkObjectResult, writing value of type 'ControlHub.API.Accounts.ViewModels.Response.SignInResponse'.&#xD;
[15:01:49 INF] Executed action ControlHub.API.Accounts.Controllers.AuthController.SignIn (ControlHub.API) in 154.7657ms&#xD;
[15:01:49 INF] Executed endpoint 'ControlHub.API.Accounts.Controllers.AuthController.SignIn (ControlHub.API)'&#xD;
[15:01:49 INF] Request finished HTTP/1.1 POST http://localhost/api/Auth/auth/signin - 200 null application/json; charset=utf-8 161.282ms&#xD;
[15:01:49 INF] Request starting HTTP/1.1 POST http://localhost/api/Role/roles - application/json; charset=utf-8 124&#xD;
[15:01:49 INF] --- PermissionClaimsTransformation: Role super_admin kh�ng c� permission n�o. ---&#xD;
[15:01:49 INF] Executing endpoint 'ControlHub.API.Roles.RoleController.CreateRoles (ControlHub.API)'&#xD;
[15:01:49 INF] Route matched with {action = "CreateRoles", controller = "Role"}. Executing controller action with signature System.Threading.Tasks.Task`1[Microsoft.AspNetCore.Mvc.IActionResult] CreateRoles(ControlHub.API.Roles.ViewModels.Requests.CreateRolesRequest, System.Threading.CancellationToken) on controller ControlHub.API.Roles.RoleController (ControlHub.API).&#xD;
[15:01:49 INF] Executing action method ControlHub.API.Roles.RoleController.CreateRoles (ControlHub.API) - Validation state: Valid&#xD;
[15:01:49 INF] Role.CreateRoles.Started: Starting role creation process. Count=1&#xD;
[15:01:49 INF] Role.CreateRoles.RolePrepared: Role successfully composed and ready for persistence. Role=Duplicate Role 94e3f759&#xD;
[15:01:49 INF] Implicit transaction started at 01/18/2026 08:01:49&#xD;
[15:01:49 INF] Saved 2 entities to in-memory store.&#xD;
[15:01:49 INF] Transaction committed successfully with 2 changes.&#xD;
[15:01:49 INF] Role.CreateRoles.Success: Roles created and persisted successfully. RolesCreated=1&#xD;
[15:01:49 INF] Executed action method ControlHub.API.Roles.RoleController.CreateRoles (ControlHub.API), returned result Microsoft.AspNetCore.Mvc.OkObjectResult in 49.6382ms.&#xD;
[15:01:49 INF] Executing OkObjectResult, writing value of type 'ControlHub.API.Roles.ViewModels.Responses.CreateRolesResponse'.&#xD;
[15:01:49 INF] Executed action ControlHub.API.Roles.RoleController.CreateRoles (ControlHub.API) in 58.3628ms&#xD;
[15:01:49 INF] Executed endpoint 'ControlHub.API.Roles.RoleController.CreateRoles (ControlHub.API)'&#xD;
[15:01:49 INF] Request finished HTTP/1.1 POST http://localhost/api/Role/roles - 200 null application/json; charset=utf-8 114.2463ms&#xD;
[15:01:49 INF] Request starting HTTP/1.1 POST http://localhost/api/Role/roles - application/json; charset=utf-8 229&#xD;
[15:01:49 INF] --- PermissionClaimsTransformation: Role super_admin kh�ng c� permission n�o. ---&#xD;
[15:01:49 INF] Executing endpoint 'ControlHub.API.Roles.RoleController.CreateRoles (ControlHub.API)'&#xD;
[15:01:49 INF] Route matched with {action = "CreateRoles", controller = "Role"}. Executing controller action with signature System.Threading.Tasks.Task`1[Microsoft.AspNetCore.Mvc.IActionResult] CreateRoles(ControlHub.API.Roles.ViewModels.Requests.CreateRolesRequest, System.Threading.CancellationToken) on controller ControlHub.API.Roles.RoleController (ControlHub.API).&#xD;
[15:01:49 INF] Executing action method ControlHub.API.Roles.RoleController.CreateRoles (ControlHub.API) - Validation state: Valid&#xD;
[15:01:49 INF] Role.CreateRoles.Started: Starting role creation process. Count=2&#xD;
[15:01:49 INF] Role.CreateRoles.RolePrepared: Role successfully composed and ready for persistence. Role=New Unique Role&#xD;
[15:01:49 INF] Implicit transaction started at 01/18/2026 08:01:49&#xD;
[15:01:49 INF] Saved 2 entities to in-memory store.&#xD;
[15:01:49 INF] Transaction committed successfully with 2 changes.&#xD;
[15:01:49 INF] Role.CreateRoles.Success: Roles created and persisted successfully. RolesCreated=1&#xD;
[15:01:49 INF] Executed action method ControlHub.API.Roles.RoleController.CreateRoles (ControlHub.API), returned result Microsoft.AspNetCore.Mvc.OkObjectResult in 4.8668ms.&#xD;
[15:01:49 INF] Executing OkObjectResult, writing value of type 'ControlHub.API.Roles.ViewModels.Responses.CreateRolesResponse'.&#xD;
[15:01:49 INF] Executed action ControlHub.API.Roles.RoleController.CreateRoles (ControlHub.API) in 5.587ms&#xD;
[15:01:49 INF] Executed endpoint 'ControlHub.API.Roles.RoleController.CreateRoles (ControlHub.API)'&#xD;
[15:01:49 INF] Request finished HTTP/1.1 POST http://localhost/api/Role/roles - 200 null application/json; charset=utf-8 9.4866ms&#xD;
     Warning:&#xD;
     The component "Fluent Assertions" is governed by the rules defined in the Xceed License Agreement and&#xD;
     the Xceed Fluent Assertions Community License. You may use Fluent Assertions free of charge for&#xD;
     non-commercial use only. An active subscription is required to use Fluent Assertions for commercial use.&#xD;
     Please contact Xceed Sales mailto:sales@xceed.com to acquire a subscription at a very low cost.&#xD;
     A paid commercial license supports the development and continued increasing support of&#xD;
     Fluent Assertions users under both commercial and community licenses. Help us&#xD;
     keep Fluent Assertions at the forefront of unit testing.&#xD;
     For more information, visit https://xceed.com/products/unit-testing/fluent-assertions/&#xD;
[xUnit.net 00:00:02.45]       Expected result.FailureCount to be 1 because The duplicate role should be reported as a failure, not silently ignored., but found 0 (difference of -1).&#xD;
[xUnit.net 00:00:02.45]       Stack Trace:&#xD;
[15:01:49 INF] Request starting HTTP/1.1 POST http://localhost/api/Auth/superadmins/register - application/json; charset=utf-8 98&#xD;
[xUnit.net 00:00:02.45]            at FluentAssertions.Execution.LateBoundTestFramework.Throw(String message)&#xD;
[xUnit.net 00:00:02.45]            at FluentAssertions.Execution.DefaultAssertionStrategy.HandleFailure(String message)&#xD;
[xUnit.net 00:00:02.45]            at FluentAssertions.Execution.AssertionScope.AddPreFormattedFailure(String formattedFailureMessage)&#xD;
[xUnit.net 00:00:02.45]            at FluentAssertions.Execution.AssertionChain.FailWith(Func`1 getFailureReason)&#xD;
[xUnit.net 00:00:02.45]            at FluentAssertions.Execution.AssertionChain.FailWith(Func`1 getFailureReason)&#xD;
[xUnit.net 00:00:02.45]            at FluentAssertions.Execution.AssertionChain.FailWith(String message, Object[] args)&#xD;
[xUnit.net 00:00:02.45]            at FluentAssertions.Numeric.NumericAssertionsBase`3.Be(T expected, String because, Object[] becauseArgs)&#xD;
[15:01:49 INF] Executing endpoint 'ControlHub.API.Accounts.Controllers.AuthController.RegisterSuperAdmin (ControlHub.API)'&#xD;
[15:01:49 INF] Route matched with {action = "RegisterSuperAdmin", controller = "Auth"}. Executing controller action with signature System.Threading.Tasks.Task`1[Microsoft.AspNetCore.Mvc.IActionResult] RegisterSuperAdmin(ControlHub.API.Accounts.ViewModels.Request.RegisterSupperAdminRequest, System.Threading.CancellationToken) on controller ControlHub.API.Accounts.Controllers.AuthController (ControlHub.API).&#xD;
[xUnit.net 00:00:02.45]         e:\Project\ControlHub\tests\ControlHub.Api.Tests\FunctionalTests\Accounts\RoleTests.cs(170,0): at ControlHub.Api.Tests.FunctionalTests.Accounts.RoleTests.CreateRoles_ShouldReturnOk_ButSilentlyFilterDuplicates_WhenRoleAlreadyExists()&#xD;
[xUnit.net 00:00:02.45]         --- End of stack trace from previous location ---&#xD;
[15:01:49 INF] Executing action method ControlHub.API.Accounts.Controllers.AuthController.RegisterSuperAdmin (ControlHub.API) - Validation state: Valid&#xD;
[15:01:49 INF] Account.RegisterSupperAdmin.Started: Starting account creation for Ident superadmin@example.com&#xD;
[15:01:49 WRN] Account.RegisterSupperAdmin.IdentifierExists: Identifier already exists for Ident superadmin@example.com&#xD;
[15:01:49 WRN] Client Error occurred: Conflict (Code: Account.EmailAlreadyExists). Message: The email provided is already in use.&#xD;
[15:01:49 INF] Executed action method ControlHub.API.Accounts.Controllers.AuthController.RegisterSuperAdmin (ControlHub.API), returned result Microsoft.AspNetCore.Mvc.ConflictObjectResult in 3.773ms.&#xD;
[15:01:49 INF] Executing ConflictObjectResult, writing value of type 'Microsoft.AspNetCore.Mvc.ProblemDetails'.&#xD;
[15:01:49 INF] Executed action ControlHub.API.Accounts.Controllers.AuthController.RegisterSuperAdmin (ControlHub.API) in 12.3595ms&#xD;
[15:01:49 INF] Executed endpoint 'ControlHub.API.Accounts.Controllers.AuthController.RegisterSuperAdmin (ControlHub.API)'&#xD;
[15:01:49 INF] Request finished HTTP/1.1 POST http://localhost/api/Auth/superadmins/register - 409 null application/problem+json; charset=utf-8 13.3203ms&#xD;
[15:01:49 INF] Request starting HTTP/1.1 POST http://localhost/api/Auth/auth/signin - application/json; charset=utf-8 74&#xD;
[15:01:49 INF] Executing endpoint 'ControlHub.API.Accounts.Controllers.AuthController.SignIn (ControlHub.API)'&#xD;
[15:01:49 INF] Route matched with {action = "SignIn", controller = "Auth"}. Executing controller action with signature System.Threading.Tasks.Task`1[Microsoft.AspNetCore.Mvc.IActionResult] SignIn(ControlHub.API.Accounts.ViewModels.Request.SignInRequest, System.Threading.CancellationToken) on controller ControlHub.API.Accounts.Controllers.AuthController (ControlHub.API).&#xD;
[15:01:49 INF] Executing action method ControlHub.API.Accounts.Controllers.AuthController.SignIn (ControlHub.API) - Validation state: Valid&#xD;
[15:01:49 INF] Account.SignIn.Started: Starting sign-in process for Identifier superadmin@example.com&#xD;
[15:01:49 INF] Implicit transaction started at 01/18/2026 08:01:49&#xD;
[15:01:49 INF] Saved 2 entities to in-memory store.&#xD;
[15:01:49 INF] Transaction committed successfully with 2 changes.&#xD;
[15:01:49 INF] Account.SignIn.Success: User signed in successfully for AccountId a766ec88-410f-4386-b660-32fb1bb52226&#xD;
[15:01:49 INF] Executed action method ControlHub.API.Accounts.Controllers.AuthController.SignIn (ControlHub.API), returned result Microsoft.AspNetCore.Mvc.OkObjectResult in 75.8945ms.&#xD;
[15:01:49 INF] Executing OkObjectResult, writing value of type 'ControlHub.API.Accounts.ViewModels.Response.SignInResponse'.&#xD;
[15:01:49 INF] Executed action ControlHub.API.Accounts.Controllers.AuthController.SignIn (ControlHub.API) in 76.467ms&#xD;
[15:01:49 INF] Executed endpoint 'ControlHub.API.Accounts.Controllers.AuthController.SignIn (ControlHub.API)'&#xD;
[15:01:49 INF] Request finished HTTP/1.1 POST http://localhost/api/Auth/auth/signin - 200 null application/json; charset=utf-8 77.5391ms&#xD;
[15:01:49 INF] Request starting HTTP/1.1 POST http://localhost/api/Role/roles - application/json; charset=utf-8 231&#xD;
[15:01:49 INF] --- PermissionClaimsTransformation: Role super_admin kh�ng c� permission n�o. ---&#xD;
[15:01:49 INF] Executing endpoint 'ControlHub.API.Roles.RoleController.CreateRoles (ControlHub.API)'&#xD;
[15:01:49 INF] Route matched with {action = "CreateRoles", controller = "Role"}. Executing controller action with signature System.Threading.Tasks.Task`1[Microsoft.AspNetCore.Mvc.IActionResult] CreateRoles(ControlHub.API.Roles.ViewModels.Requests.CreateRolesRequest, System.Threading.CancellationToken) on controller ControlHub.API.Roles.RoleController (ControlHub.API).&#xD;
[15:01:49 INF] Executing action method ControlHub.API.Roles.RoleController.CreateRoles (ControlHub.API) - Validation state: Valid&#xD;
[15:01:49 INF] Role.CreateRoles.Started: Starting role creation process. Count=2&#xD;
[15:01:49 INF] Role.CreateRoles.RolePrepared: Role successfully composed and ready for persistence. Role=Valid Role 399f0853&#xD;
[15:01:49 WRN] Role.CreateRoles.NoValidPermissionFound: No valid permissions found for provided IDs. Role=Handler-Level Failure&#xD;
[15:01:49 INF] Implicit transaction started at 01/18/2026 08:01:49&#xD;
[15:01:49 INF] Saved 2 entities to in-memory store.&#xD;
[15:01:49 INF] Transaction committed successfully with 2 changes.&#xD;
[15:01:49 INF] Role.CreateRoles.Success: Roles created and persisted successfully. RolesCreated=1&#xD;
[15:01:49 INF] Executed action method ControlHub.API.Roles.RoleController.CreateRoles (ControlHub.API), returned result Microsoft.AspNetCore.Mvc.OkObjectResult in 4.6179ms.&#xD;
[15:01:49 INF] Executing OkObjectResult, writing value of type 'ControlHub.API.Roles.ViewModels.Responses.CreateRolesResponse'.&#xD;
[15:01:49 INF] Executed action ControlHub.API.Roles.RoleController.CreateRoles (ControlHub.API) in 5.2319ms&#xD;
[15:01:49 INF] Executed endpoint 'ControlHub.API.Roles.RoleController.CreateRoles (ControlHub.API)'&#xD;
[15:01:49 INF] Request finished HTTP/1.1 POST http://localhost/api/Role/roles - 200 null application/json; charset=utf-8 7.9744ms&#xD;
[15:01:49 INF] Request starting HTTP/1.1 POST http://localhost/api/Auth/superadmins/register - application/json; charset=utf-8 98&#xD;
[15:01:49 INF] Executing endpoint 'ControlHub.API.Accounts.Controllers.AuthController.RegisterSuperAdmin (ControlHub.API)'&#xD;
[15:01:49 INF] Route matched with {action = "RegisterSuperAdmin", controller = "Auth"}. Executing controller action with signature System.Threading.Tasks.Task`1[Microsoft.AspNetCore.Mvc.IActionResult] RegisterSuperAdmin(ControlHub.API.Accounts.ViewModels.Request.RegisterSupperAdminRequest, System.Threading.CancellationToken) on controller ControlHub.API.Accounts.Controllers.AuthController (ControlHub.API).&#xD;
[15:01:49 INF] Executing action method ControlHub.API.Accounts.Controllers.AuthController.RegisterSuperAdmin (ControlHub.API) - Validation state: Valid&#xD;
[15:01:49 INF] Account.RegisterSupperAdmin.Started: Starting account creation for Ident superadmin@example.com&#xD;
[15:01:49 WRN] Account.RegisterSupperAdmin.IdentifierExists: Identifier already exists for Ident superadmin@example.com&#xD;
[15:01:49 WRN] Client Error occurred: Conflict (Code: Account.EmailAlreadyExists). Message: The email provided is already in use.&#xD;
[15:01:49 INF] Executed action method ControlHub.API.Accounts.Controllers.AuthController.RegisterSuperAdmin (ControlHub.API), returned result Microsoft.AspNetCore.Mvc.ConflictObjectResult in 6.4274ms.&#xD;
[15:01:49 INF] Executing ConflictObjectResult, writing value of type 'Microsoft.AspNetCore.Mvc.ProblemDetails'.&#xD;
[15:01:49 INF] Executed action ControlHub.API.Accounts.Controllers.AuthController.RegisterSuperAdmin (ControlHub.API) in 7.4131ms&#xD;
[15:01:49 INF] Executed endpoint 'ControlHub.API.Accounts.Controllers.AuthController.RegisterSuperAdmin (ControlHub.API)'&#xD;
[15:01:49 INF] Request finished HTTP/1.1 POST http://localhost/api/Auth/superadmins/register - 409 null application/problem+json; charset=utf-8 8.1629ms&#xD;
[15:01:49 INF] Request starting HTTP/1.1 POST http://localhost/api/Auth/auth/signin - application/json; charset=utf-8 74&#xD;
[15:01:49 INF] Executing endpoint 'ControlHub.API.Accounts.Controllers.AuthController.SignIn (ControlHub.API)'&#xD;
[15:01:49 INF] Route matched with {action = "SignIn", controller = "Auth"}. Executing controller action with signature System.Threading.Tasks.Task`1[Microsoft.AspNetCore.Mvc.IActionResult] SignIn(ControlHub.API.Accounts.ViewModels.Request.SignInRequest, System.Threading.CancellationToken) on controller ControlHub.API.Accounts.Controllers.AuthController (ControlHub.API).&#xD;
[15:01:49 INF] Executing action method ControlHub.API.Accounts.Controllers.AuthController.SignIn (ControlHub.API) - Validation state: Valid&#xD;
[15:01:49 INF] Account.SignIn.Started: Starting sign-in process for Identifier superadmin@example.com&#xD;
[15:01:49 INF] Implicit transaction started at 01/18/2026 08:01:49&#xD;
[15:01:49 INF] Saved 2 entities to in-memory store.&#xD;
[15:01:49 INF] Transaction committed successfully with 2 changes.&#xD;
[15:01:49 INF] Account.SignIn.Success: User signed in successfully for AccountId a766ec88-410f-4386-b660-32fb1bb52226&#xD;
[15:01:49 INF] Executed action method ControlHub.API.Accounts.Controllers.AuthController.SignIn (ControlHub.API), returned result Microsoft.AspNetCore.Mvc.OkObjectResult in 74.0244ms.&#xD;
[15:01:49 INF] Executing OkObjectResult, writing value of type 'ControlHub.API.Accounts.ViewModels.Response.SignInResponse'.&#xD;
[15:01:49 INF] Executed action ControlHub.API.Accounts.Controllers.AuthController.SignIn (ControlHub.API) in 74.6566ms&#xD;
[15:01:49 INF] Executed endpoint 'ControlHub.API.Accounts.Controllers.AuthController.SignIn (ControlHub.API)'&#xD;
[15:01:49 INF] Request finished HTTP/1.1 POST http://localhost/api/Auth/auth/signin - 200 null application/json; charset=utf-8 75.2145ms&#xD;
[15:01:49 INF] Request starting HTTP/1.1 POST http://localhost/api/Role/roles - application/json; charset=utf-8 131&#xD;
[15:01:49 INF] --- PermissionClaimsTransformation: Role super_admin kh�ng c� permission n�o. ---&#xD;
[15:01:49 INF] Executing endpoint 'ControlHub.API.Roles.RoleController.CreateRoles (ControlHub.API)'&#xD;
[15:01:49 INF] Route matched with {action = "CreateRoles", controller = "Role"}. Executing controller action with signature System.Threading.Tasks.Task`1[Microsoft.AspNetCore.Mvc.IActionResult] CreateRoles(ControlHub.API.Roles.ViewModels.Requests.CreateRolesRequest, System.Threading.CancellationToken) on controller ControlHub.API.Roles.RoleController (ControlHub.API).&#xD;
[15:01:49 INF] Executing action method ControlHub.API.Roles.RoleController.CreateRoles (ControlHub.API) - Validation state: Valid&#xD;
[15:01:49 INF] Role.CreateRoles.Started: Starting role creation process. Count=1&#xD;
[15:01:49 INF] Role.CreateRoles.RolePrepared: Role successfully composed and ready for persistence. Role=Test Role f5d7e095&#xD;
[15:01:49 INF] Implicit transaction started at 01/18/2026 08:01:49&#xD;
[15:01:49 INF] Saved 2 entities to in-memory store.&#xD;
[15:01:49 INF] Transaction committed successfully with 2 changes.&#xD;
[15:01:49 INF] Role.CreateRoles.Success: Roles created and persisted successfully. RolesCreated=1&#xD;
[15:01:49 INF] Executed action method ControlHub.API.Roles.RoleController.CreateRoles (ControlHub.API), returned result Microsoft.AspNetCore.Mvc.OkObjectResult in 5.8838ms.&#xD;
[15:01:49 INF] Executing OkObjectResult, writing value of type 'ControlHub.API.Roles.ViewModels.Responses.CreateRolesResponse'.&#xD;
[15:01:49 INF] Executed action ControlHub.API.Roles.RoleController.CreateRoles (ControlHub.API) in 6.5995ms&#xD;
[15:01:49 INF] Executed endpoint 'ControlHub.API.Roles.RoleController.CreateRoles (ControlHub.API)'&#xD;
[15:01:49 INF] Request finished HTTP/1.1 POST http://localhost/api/Role/roles - 200 null application/json; charset=utf-8 8.177ms&#xD;
[15:01:49 INF] Request starting HTTP/1.1 POST http://localhost/api/Auth/superadmins/register - application/json; charset=utf-8 98&#xD;
[15:01:49 INF] Executing endpoint 'ControlHub.API.Accounts.Controllers.AuthController.RegisterSuperAdmin (ControlHub.API)'&#xD;
[15:01:49 INF] Route matched with {action = "RegisterSuperAdmin", controller = "Auth"}. Executing controller action with signature System.Threading.Tasks.Task`1[Microsoft.AspNetCore.Mvc.IActionResult] RegisterSuperAdmin(ControlHub.API.Accounts.ViewModels.Request.RegisterSupperAdminRequest, System.Threading.CancellationToken) on controller ControlHub.API.Accounts.Controllers.AuthController (ControlHub.API).&#xD;
[15:01:49 INF] Executing action method ControlHub.API.Accounts.Controllers.AuthController.RegisterSuperAdmin (ControlHub.API) - Validation state: Valid&#xD;
[15:01:49 INF] Account.RegisterSupperAdmin.Started: Starting account creation for Ident superadmin@example.com&#xD;
[15:01:49 WRN] Account.RegisterSupperAdmin.IdentifierExists: Identifier already exists for Ident superadmin@example.com&#xD;
[15:01:49 WRN] Client Error occurred: Conflict (Code: Account.EmailAlreadyExists). Message: The email provided is already in use.&#xD;
[15:01:49 INF] Executed action method ControlHub.API.Accounts.Controllers.AuthController.RegisterSuperAdmin (ControlHub.API), returned result Microsoft.AspNetCore.Mvc.ConflictObjectResult in 1.1241ms.&#xD;
[15:01:49 INF] Executing ConflictObjectResult, writing value of type 'Microsoft.AspNetCore.Mvc.ProblemDetails'.&#xD;
[15:01:49 INF] Executed action ControlHub.API.Accounts.Controllers.AuthController.RegisterSuperAdmin (ControlHub.API) in 1.8516ms&#xD;
[15:01:49 INF] Executed endpoint 'ControlHub.API.Accounts.Controllers.AuthController.RegisterSuperAdmin (ControlHub.API)'&#xD;
[15:01:49 INF] Request finished HTTP/1.1 POST http://localhost/api/Auth/superadmins/register - 409 null application/problem+json; charset=utf-8 2.4491ms&#xD;
[15:01:49 INF] Request starting HTTP/1.1 POST http://localhost/api/Auth/auth/signin - application/json; charset=utf-8 74&#xD;
[15:01:49 INF] Executing endpoint 'ControlHub.API.Accounts.Controllers.AuthController.SignIn (ControlHub.API)'&#xD;
[15:01:49 INF] Route matched with {action = "SignIn", controller = "Auth"}. Executing controller action with signature System.Threading.Tasks.Task`1[Microsoft.AspNetCore.Mvc.IActionResult] SignIn(ControlHub.API.Accounts.ViewModels.Request.SignInRequest, System.Threading.CancellationToken) on controller ControlHub.API.Accounts.Controllers.AuthController (ControlHub.API).&#xD;
[15:01:49 INF] Executing action method ControlHub.API.Accounts.Controllers.AuthController.SignIn (ControlHub.API) - Validation state: Valid&#xD;
[15:01:49 INF] Account.SignIn.Started: Starting sign-in process for Identifier superadmin@example.com&#xD;
[15:01:49 INF] Implicit transaction started at 01/18/2026 08:01:49&#xD;
[15:01:49 INF] Saved 2 entities to in-memory store.&#xD;
[15:01:49 INF] Transaction committed successfully with 2 changes.&#xD;
[15:01:49 INF] Account.SignIn.Success: User signed in successfully for AccountId a766ec88-410f-4386-b660-32fb1bb52226&#xD;
[15:01:49 INF] Executed action method ControlHub.API.Accounts.Controllers.AuthController.SignIn (ControlHub.API), returned result Microsoft.AspNetCore.Mvc.OkObjectResult in 71.4473ms.&#xD;
[15:01:49 INF] Executing OkObjectResult, writing value of type 'ControlHub.API.Accounts.ViewModels.Response.SignInResponse'.&#xD;
[15:01:49 INF] Executed action ControlHub.API.Accounts.Controllers.AuthController.SignIn (ControlHub.API) in 71.9239ms&#xD;
[15:01:49 INF] Executed endpoint 'ControlHub.API.Accounts.Controllers.AuthController.SignIn (ControlHub.API)'&#xD;
[15:01:49 INF] Request finished HTTP/1.1 POST http://localhost/api/Auth/auth/signin - 200 null application/json; charset=utf-8 72.3842ms&#xD;
[15:01:49 INF] Request starting HTTP/1.1 POST http://localhost/api/Role/roles - application/json; charset=utf-8 109&#xD;
[15:01:49 INF] --- PermissionClaimsTransformation: Role super_admin kh�ng c� permission n�o. ---&#xD;
[15:01:49 INF] Executing endpoint 'ControlHub.API.Roles.RoleController.CreateRoles (ControlHub.API)'&#xD;
[15:01:49 INF] Route matched with {action = "CreateRoles", controller = "Role"}. Executing controller action with signature System.Threading.Tasks.Task`1[Microsoft.AspNetCore.Mvc.IActionResult] CreateRoles(ControlHub.API.Roles.ViewModels.Requests.CreateRolesRequest, System.Threading.CancellationToken) on controller ControlHub.API.Roles.RoleController (ControlHub.API).&#xD;
[15:01:49 INF] Executing action method ControlHub.API.Roles.RoleController.CreateRoles (ControlHub.API) - Validation state: Valid&#xD;
[15:01:49 WRN] Client Error occurred: Validation Error (Code: Validation.Failed). Message: Role name is required.&#xD;
[15:01:49 INF] Executed action method ControlHub.API.Roles.RoleController.CreateRoles (ControlHub.API), returned result Microsoft.AspNetCore.Mvc.BadRequestObjectResult in 2.6563ms.&#xD;
[15:01:49 INF] Executing BadRequestObjectResult, writing value of type 'Microsoft.AspNetCore.Mvc.ProblemDetails'.&#xD;
[15:01:49 INF] Executed action ControlHub.API.Roles.RoleController.CreateRoles (ControlHub.API) in 3.2326ms&#xD;
[15:01:49 INF] Executed endpoint 'ControlHub.API.Roles.RoleController.CreateRoles (ControlHub.API)'&#xD;
[15:01:49 INF] Request finished HTTP/1.1 POST http://localhost/api/Role/roles - 400 null application/problem+json; charset=utf-8 4.5952ms&#xD;
[15:01:49 INF] Request starting HTTP/1.1 POST http://localhost/api/Auth/users/register - application/json; charset=utf-8 69&#xD;
[15:01:49 INF] Executing endpoint 'ControlHub.API.Accounts.Controllers.AuthController.Register (ControlHub.API)'&#xD;
[15:01:49 INF] Route matched with {action = "Register", controller = "Auth"}. Executing controller action with signature System.Threading.Tasks.Task`1[Microsoft.AspNetCore.Mvc.IActionResult] Register(ControlHub.API.Accounts.ViewModels.Request.RegisterUserRequest, System.Threading.CancellationToken) on controller ControlHub.API.Accounts.Controllers.AuthController (ControlHub.API).&#xD;
[15:01:49 INF] Executing action method ControlHub.API.Accounts.Controllers.AuthController.Register (ControlHub.API) - Validation state: Valid&#xD;
[15:01:49 INF] Account.RegisterUser.Started: Starting account creation for Ident test@example.com&#xD;
[15:01:49 INF] Account.RegisterUser.Success: Account created successfully for AccountId 89b767c2-976c-472c-a878-e5ad0a7e0efb, Ident test@example.com&#xD;
[15:01:49 INF] Implicit transaction started at 01/18/2026 08:01:49&#xD;
[15:01:49 INF] Saved 4 entities to in-memory store.&#xD;
[15:01:49 INF] Transaction committed successfully with 4 changes.&#xD;
[15:01:49 INF] Executed action method ControlHub.API.Accounts.Controllers.AuthController.Register (ControlHub.API), returned result Microsoft.AspNetCore.Mvc.OkObjectResult in 70.3792ms.&#xD;
[15:01:49 INF] Executing OkObjectResult, writing value of type 'ControlHub.API.Accounts.ViewModels.Response.RegisterUserResponse'.&#xD;
[15:01:49 INF] Executed action ControlHub.API.Accounts.Controllers.AuthController.Register (ControlHub.API) in 73.489ms&#xD;
[15:01:49 INF] Executed endpoint 'ControlHub.API.Accounts.Controllers.AuthController.Register (ControlHub.API)'&#xD;
[15:01:49 INF] Request finished HTTP/1.1 POST http://localhost/api/Auth/users/register - 200 null application/json; charset=utf-8 76.7765ms&#xD;
[15:01:49 INF] Request starting HTTP/1.1 POST http://localhost/api/Auth/auth/signin - application/json; charset=utf-8 69&#xD;
[15:01:49 INF] Executing endpoint 'ControlHub.API.Accounts.Controllers.AuthController.SignIn (ControlHub.API)'&#xD;
[15:01:49 INF] Route matched with {action = "SignIn", controller = "Auth"}. Executing controller action with signature System.Threading.Tasks.Task`1[Microsoft.AspNetCore.Mvc.IActionResult] SignIn(ControlHub.API.Accounts.ViewModels.Request.SignInRequest, System.Threading.CancellationToken) on controller ControlHub.API.Accounts.Controllers.AuthController (ControlHub.API).&#xD;
[15:01:49 INF] Executing action method ControlHub.API.Accounts.Controllers.AuthController.SignIn (ControlHub.API) - Validation state: Valid&#xD;
[15:01:49 INF] Account.SignIn.Started: Starting sign-in process for Identifier test@example.com&#xD;
[15:01:49 INF] Implicit transaction started at 01/18/2026 08:01:49&#xD;
[15:01:49 INF] Saved 2 entities to in-memory store.&#xD;
[15:01:49 INF] Transaction committed successfully with 2 changes.&#xD;
[15:01:49 INF] Account.SignIn.Success: User signed in successfully for AccountId 89b767c2-976c-472c-a878-e5ad0a7e0efb&#xD;
[15:01:49 INF] Executed action method ControlHub.API.Accounts.Controllers.AuthController.SignIn (ControlHub.API), returned result Microsoft.AspNetCore.Mvc.OkObjectResult in 77.9551ms.&#xD;
[15:01:49 INF] Executing OkObjectResult, writing value of type 'ControlHub.API.Accounts.ViewModels.Response.SignInResponse'.&#xD;
[15:01:49 INF] Executed action ControlHub.API.Accounts.Controllers.AuthController.SignIn (ControlHub.API) in 78.5037ms&#xD;
[15:01:49 INF] Executed endpoint 'ControlHub.API.Accounts.Controllers.AuthController.SignIn (ControlHub.API)'&#xD;
[15:01:49 INF] Request finished HTTP/1.1 POST http://localhost/api/Auth/auth/signin - 200 null application/json; charset=utf-8 79.1126ms&#xD;
[15:01:49 INF] Request starting HTTP/1.1 POST http://localhost/api/Role/roles - application/json; charset=utf-8 72&#xD;
[15:01:49 INF] --- PermissionClaimsTransformation: Role user kh�ng c� permission n�o. ---&#xD;
[15:01:49 INF] Authorization failed. These requirements were not met:&#xD;
ControlHub.Application.Authorization.Requirements.PermissionRequirement&#xD;
[15:01:49 INF] AuthenticationScheme: Bearer was forbidden.&#xD;
[15:01:49 INF] Request finished HTTP/1.1 POST http://localhost/api/Role/roles - 403 null null 3.1715ms&#xD;
[xUnit.net 00:00:02.90]   Finished:    ControlHub.Api.Tests&#xD;
</StdOut>
    </Output>
    <RunInfos>
      <RunInfo computerName="DESKTOP-3V98JDF" outcome="Error" timestamp="2026-01-18T15:01:49.4613897+07:00">
        <Text>[xUnit.net 00:00:02.44]     ControlHub.Api.Tests.FunctionalTests.Accounts.RoleTests.CreateRoles_ShouldReturnOk_ButSilentlyFilterDuplicates_WhenRoleAlreadyExists [FAIL]</Text>
      </RunInfo>
    </RunInfos>
  </ResultSummary>
</TestRun>