<?xml version="1.0" encoding="utf-8"?>
<TestRun id="c7f1d63d-e2dc-42d1-a6fd-9f663c77dae9" name="Gill@DESKTOP-3V98JDF 2026-01-18 14:23:48" runUser="DESKTOP-3V98JDF\Gill" xmlns="http://microsoft.com/schemas/VisualStudio/TeamTest/2010">
  <Times creation="2026-01-18T14:23:48.3875781+07:00" queuing="2026-01-18T14:23:48.3875786+07:00" start="2026-01-18T14:23:44.9803093+07:00" finish="2026-01-18T14:23:52.8557697+07:00" />
  <TestSettings name="default" id="ef58a2a1-8826-4004-bcf6-66e8f1cdc3c5">
    <Deployment runDeploymentRoot="Gill_DESKTOP-3V98JDF_2026-01-18_14_23_48" />
  </TestSettings>
  <Results>
    <UnitTestResult executionId="cf420ba0-e955-41bb-b288-e5e81958737b" testId="bd1c0ae9-8082-b70d-99da-0e32c5cac791" testName="ControlHub.Api.Tests.FunctionalTests.Accounts.RegistrationTests.Register_ShouldReturnOk_WhenRequestIsValid" computerName="DESKTOP-3V98JDF" duration="00:00:00.1492075" startTime="2026-01-18T14:23:47.8753290+07:00" endTime="2026-01-18T14:23:48.0173609+07:00" testType="13cdc9d9-ddb5-4fa4-a97d-d965ccfc6d4b" outcome="Passed" testListId="8c84fa94-04c1-424b-9868-57a2d4851a1d" relativeResultsDirectory="cf420ba0-e955-41bb-b288-e5e81958737b" />
    <UnitTestResult executionId="d0d6f23d-f2b3-4431-b098-5502cd17a19e" testId="a0acf902-031a-8077-580a-c94562166a95" testName="ControlHub.Api.Tests.FunctionalTests.Accounts.RegistrationTests.Register_ShouldReturnConflict_WhenUserAlreadyExists" computerName="DESKTOP-3V98JDF" duration="00:00:00.0893669" startTime="2026-01-18T14:23:48.0181944+07:00" endTime="2026-01-18T14:23:48.1070323+07:00" testType="13cdc9d9-ddb5-4fa4-a97d-d965ccfc6d4b" outcome="Passed" testListId="8c84fa94-04c1-424b-9868-57a2d4851a1d" relativeResultsDirectory="d0d6f23d-f2b3-4431-b098-5502cd17a19e" />
    <UnitTestResult executionId="701309e6-0c16-4eec-ae01-9d179bee772c" testId="494cb6f0-cdd7-db36-0e92-ebd2fdea7e01" testName="ControlHub.Api.Tests.FunctionalTests.Accounts.RegistrationTests.Register_ShouldReturnBadRequest_WhenPasswordIsTooShort" computerName="DESKTOP-3V98JDF" duration="00:00:02.2667440" startTime="2026-01-18T14:23:45.5936800+07:00" endTime="2026-01-18T14:23:47.8667817+07:00" testType="13cdc9d9-ddb5-4fa4-a97d-d965ccfc6d4b" outcome="Passed" testListId="8c84fa94-04c1-424b-9868-57a2d4851a1d" relativeResultsDirectory="701309e6-0c16-4eec-ae01-9d179bee772c" />
  </Results>
  <TestDefinitions>
    <UnitTest name="ControlHub.Api.Tests.FunctionalTests.Accounts.RegistrationTests.Register_ShouldReturnBadRequest_WhenPasswordIsTooShort" storage="e:\project\controlhub\tests\controlhub.api.tests\bin\debug\net8.0\controlhub.api.tests.dll" id="494cb6f0-cdd7-db36-0e92-ebd2fdea7e01">
      <Execution id="701309e6-0c16-4eec-ae01-9d179bee772c" />
      <TestMethod codeBase="e:\Project\ControlHub\tests\ControlHub.Api.Tests\bin\Debug\net8.0\ControlHub.Api.Tests.dll" adapterTypeName="executor://xunit/VsTestRunner3/netcore/" className="ControlHub.Api.Tests.FunctionalTests.Accounts.RegistrationTests" name="Register_ShouldReturnBadRequest_WhenPasswordIsTooShort" />
    </UnitTest>
    <UnitTest name="ControlHub.Api.Tests.FunctionalTests.Accounts.RegistrationTests.Register_ShouldReturnOk_WhenRequestIsValid" storage="e:\project\controlhub\tests\controlhub.api.tests\bin\debug\net8.0\controlhub.api.tests.dll" id="bd1c0ae9-8082-b70d-99da-0e32c5cac791">
      <Execution id="cf420ba0-e955-41bb-b288-e5e81958737b" />
      <TestMethod codeBase="e:\Project\ControlHub\tests\ControlHub.Api.Tests\bin\Debug\net8.0\ControlHub.Api.Tests.dll" adapterTypeName="executor://xunit/VsTestRunner3/netcore/" className="ControlHub.Api.Tests.FunctionalTests.Accounts.RegistrationTests" name="Register_ShouldReturnOk_WhenRequestIsValid" />
    </UnitTest>
    <UnitTest name="ControlHub.Api.Tests.FunctionalTests.Accounts.RegistrationTests.Register_ShouldReturnConflict_WhenUserAlreadyExists" storage="e:\project\controlhub\tests\controlhub.api.tests\bin\debug\net8.0\controlhub.api.tests.dll" id="a0acf902-031a-8077-580a-c94562166a95">
      <Execution id="d0d6f23d-f2b3-4431-b098-5502cd17a19e" />
      <TestMethod codeBase="e:\Project\ControlHub\tests\ControlHub.Api.Tests\bin\Debug\net8.0\ControlHub.Api.Tests.dll" adapterTypeName="executor://xunit/VsTestRunner3/netcore/" className="ControlHub.Api.Tests.FunctionalTests.Accounts.RegistrationTests" name="Register_ShouldReturnConflict_WhenUserAlreadyExists" />
    </UnitTest>
  </TestDefinitions>
  <TestEntries>
    <TestEntry testId="bd1c0ae9-8082-b70d-99da-0e32c5cac791" executionId="cf420ba0-e955-41bb-b288-e5e81958737b" testListId="8c84fa94-04c1-424b-9868-57a2d4851a1d" />
    <TestEntry testId="a0acf902-031a-8077-580a-c94562166a95" executionId="d0d6f23d-f2b3-4431-b098-5502cd17a19e" testListId="8c84fa94-04c1-424b-9868-57a2d4851a1d" />
    <TestEntry testId="494cb6f0-cdd7-db36-0e92-ebd2fdea7e01" executionId="701309e6-0c16-4eec-ae01-9d179bee772c" testListId="8c84fa94-04c1-424b-9868-57a2d4851a1d" />
  </TestEntries>
  <TestLists>
    <TestList name="Results Not in a List" id="8c84fa94-04c1-424b-9868-57a2d4851a1d" />
    <TestList name="All Loaded Results" id="19431567-8539-422a-85d7-44ee4e166bda" />
  </TestLists>
  <ResultSummary outcome="Completed">
    <Counters total="3" executed="3" passed="3" failed="0" error="0" timeout="0" aborted="0" inconclusive="0" passedButRunAborted="0" notRunnable="0" notExecuted="0" disconnected="0" warning="0" completed="0" inProgress="0" pending="0" />
    <Output>
      <StdOut>[xUnit.net 00:00:00.00] xUnit.net VSTest Adapter v3.1.4+50e68bbb8b (64-bit .NET 8.0.22)&#xD;
[xUnit.net 00:00:00.15]   Discovering: ControlHub.Api.Tests&#xD;
[xUnit.net 00:00:00.18]   Discovered:  ControlHub.Api.Tests&#xD;
[xUnit.net 00:00:00.20]   Starting:    ControlHub.Api.Tests&#xD;
[14:23:46 INF] Saved 3 entities to in-memory store.&#xD;
[14:23:46 INF] Saved 19 entities to in-memory store.&#xD;
Seeded 5 identifier configs successfully.&#xD;
[14:23:46 INF] Saved 32 entities to in-memory store.&#xD;
Seeded 32 permissions successfully.&#xD;
[14:23:47 INF] Saved 16 entities to in-memory store.&#xD;
Seeded 4 test accounts successfully.&#xD;
Database seeding completed successfully.&#xD;
? ControlHub seeding completed successfully!&#xD;
[14:23:47 INF] User profile is available. Using 'C:\Users\Gill\AppData\Local\ASP.NET\DataProtection-Keys' as key repository and Windows DPAPI to encrypt keys at rest.&#xD;
[14:23:47 INF] Request starting HTTP/1.1 POST http://localhost/api/Auth/users/register - application/json; charset=utf-8 83&#xD;
[14:23:47 WRN] Failed to determine the https port for redirect.&#xD;
[14:23:47 INF] ?? [JWT Config] Successfully loaded. Issuer: ControlHub&#xD;
[14:23:47 INF] Executing endpoint 'ControlHub.API.Accounts.Controllers.AuthController.Register (ControlHub.API)'&#xD;
[14:23:47 INF] Route matched with {action = "Register", controller = "Auth"}. Executing controller action with signature System.Threading.Tasks.Task`1[Microsoft.AspNetCore.Mvc.IActionResult] Register(ControlHub.API.Accounts.ViewModels.Request.RegisterUserRequest, System.Threading.CancellationToken) on controller ControlHub.API.Accounts.Controllers.AuthController (ControlHub.API).&#xD;
[14:23:47 INF] Executing action method ControlHub.API.Accounts.Controllers.AuthController.Register (ControlHub.API) - Validation state: Valid&#xD;
[14:23:47 WRN] Client Error occurred: Validation Error (Code: Validation.Failed). Message: Password is too short.; Password must contain at least one uppercase letter.; Password must contain at least one lowercase letter.; Password must contain at least one special character (!@#$%^&amp;*()).&#xD;
[14:23:47 INF] Executed action method ControlHub.API.Accounts.Controllers.AuthController.Register (ControlHub.API), returned result Microsoft.AspNetCore.Mvc.BadRequestObjectResult in 28.5086ms.&#xD;
[14:23:47 INF] Executing BadRequestObjectResult, writing value of type 'Microsoft.AspNetCore.Mvc.ProblemDetails'.&#xD;
[14:23:47 INF] Executed action ControlHub.API.Accounts.Controllers.AuthController.Register (ControlHub.API) in 68.6901ms&#xD;
[14:23:47 INF] Executed endpoint 'ControlHub.API.Accounts.Controllers.AuthController.Register (ControlHub.API)'&#xD;
[14:23:47 INF] Request finished HTTP/1.1 POST http://localhost/api/Auth/users/register - 400 null application/problem+json; charset=utf-8 152.1268ms&#xD;
[14:23:47 INF] Request starting HTTP/1.1 POST http://localhost/api/Auth/users/register - application/json; charset=utf-8 98&#xD;
[14:23:47 INF] Executing endpoint 'ControlHub.API.Accounts.Controllers.AuthController.Register (ControlHub.API)'&#xD;
[14:23:47 INF] Route matched with {action = "Register", controller = "Auth"}. Executing controller action with signature System.Threading.Tasks.Task`1[Microsoft.AspNetCore.Mvc.IActionResult] Register(ControlHub.API.Accounts.ViewModels.Request.RegisterUserRequest, System.Threading.CancellationToken) on controller ControlHub.API.Accounts.Controllers.AuthController (ControlHub.API).&#xD;
[14:23:47 INF] Executing action method ControlHub.API.Accounts.Controllers.AuthController.Register (ControlHub.API) - Validation state: Valid&#xD;
[14:23:47 INF] Account.RegisterUser.Started: Starting account creation for Ident newuser@example.com&#xD;
[14:23:48 INF] Account.RegisterUser.Success: Account created successfully for AccountId 71a1ff00-eaea-43f6-bf03-96b0a2493c8d, Ident newuser@example.com&#xD;
[14:23:48 INF] Implicit transaction started at 01/18/2026 07:23:48&#xD;
[14:23:48 INF] Saved 4 entities to in-memory store.&#xD;
[14:23:48 INF] Transaction committed successfully with 4 changes.&#xD;
[14:23:48 INF] Executed action method ControlHub.API.Accounts.Controllers.AuthController.Register (ControlHub.API), returned result Microsoft.AspNetCore.Mvc.OkObjectResult in 138.4063ms.&#xD;
[14:23:48 INF] Executing OkObjectResult, writing value of type 'ControlHub.API.Accounts.ViewModels.Response.RegisterUserResponse'.&#xD;
[14:23:48 INF] Executed action ControlHub.API.Accounts.Controllers.AuthController.Register (ControlHub.API) in 142.8639ms&#xD;
[14:23:48 INF] Executed endpoint 'ControlHub.API.Accounts.Controllers.AuthController.Register (ControlHub.API)'&#xD;
[14:23:48 INF] Request finished HTTP/1.1 POST http://localhost/api/Auth/users/register - 200 null application/json; charset=utf-8 147.7582ms&#xD;
[14:23:48 INF] Request starting HTTP/1.1 POST http://localhost/api/Auth/users/register - application/json; charset=utf-8 100&#xD;
[14:23:48 INF] Executing endpoint 'ControlHub.API.Accounts.Controllers.AuthController.Register (ControlHub.API)'&#xD;
[14:23:48 INF] Route matched with {action = "Register", controller = "Auth"}. Executing controller action with signature System.Threading.Tasks.Task`1[Microsoft.AspNetCore.Mvc.IActionResult] Register(ControlHub.API.Accounts.ViewModels.Request.RegisterUserRequest, System.Threading.CancellationToken) on controller ControlHub.API.Accounts.Controllers.AuthController (ControlHub.API).&#xD;
[14:23:48 INF] Executing action method ControlHub.API.Accounts.Controllers.AuthController.Register (ControlHub.API) - Validation state: Valid&#xD;
[14:23:48 INF] Account.RegisterUser.Started: Starting account creation for Ident duplicate@example.com&#xD;
[14:23:48 INF] Account.RegisterUser.Success: Account created successfully for AccountId 526e68b6-0488-4b83-b531-6d638562fdfb, Ident duplicate@example.com&#xD;
[14:23:48 INF] Implicit transaction started at 01/18/2026 07:23:48&#xD;
[14:23:48 INF] Saved 4 entities to in-memory store.&#xD;
[14:23:48 INF] Transaction committed successfully with 4 changes.&#xD;
[14:23:48 INF] Executed action method ControlHub.API.Accounts.Controllers.AuthController.Register (ControlHub.API), returned result Microsoft.AspNetCore.Mvc.OkObjectResult in 76.1554ms.&#xD;
[14:23:48 INF] Executing OkObjectResult, writing value of type 'ControlHub.API.Accounts.ViewModels.Response.RegisterUserResponse'.&#xD;
[14:23:48 INF] Executed action ControlHub.API.Accounts.Controllers.AuthController.Register (ControlHub.API) in 77.1919ms&#xD;
[14:23:48 INF] Executed endpoint 'ControlHub.API.Accounts.Controllers.AuthController.Register (ControlHub.API)'&#xD;
[14:23:48 INF] Request finished HTTP/1.1 POST http://localhost/api/Auth/users/register - 200 null application/json; charset=utf-8 79.4937ms&#xD;
[14:23:48 INF] Request starting HTTP/1.1 POST http://localhost/api/Auth/users/register - application/json; charset=utf-8 100&#xD;
[14:23:48 INF] Executing endpoint 'ControlHub.API.Accounts.Controllers.AuthController.Register (ControlHub.API)'&#xD;
[14:23:48 INF] Route matched with {action = "Register", controller = "Auth"}. Executing controller action with signature System.Threading.Tasks.Task`1[Microsoft.AspNetCore.Mvc.IActionResult] Register(ControlHub.API.Accounts.ViewModels.Request.RegisterUserRequest, System.Threading.CancellationToken) on controller ControlHub.API.Accounts.Controllers.AuthController (ControlHub.API).&#xD;
[14:23:48 INF] Executing action method ControlHub.API.Accounts.Controllers.AuthController.Register (ControlHub.API) - Validation state: Valid&#xD;
[14:23:48 INF] Account.RegisterUser.Started: Starting account creation for Ident duplicate@example.com&#xD;
[14:23:48 WRN] Account.RegisterUser.IdentifierExists: Identifier already exists for Ident duplicate@example.com&#xD;
[14:23:48 WRN] Client Error occurred: Conflict (Code: Account.EmailAlreadyExists). Message: The email provided is already in use.&#xD;
[14:23:48 INF] Executed action method ControlHub.API.Accounts.Controllers.AuthController.Register (ControlHub.API), returned result Microsoft.AspNetCore.Mvc.ConflictObjectResult in 6.4841ms.&#xD;
[14:23:48 INF] Executing ConflictObjectResult, writing value of type 'Microsoft.AspNetCore.Mvc.ProblemDetails'.&#xD;
[14:23:48 INF] Executed action ControlHub.API.Accounts.Controllers.AuthController.Register (ControlHub.API) in 7.199ms&#xD;
[14:23:48 INF] Executed endpoint 'ControlHub.API.Accounts.Controllers.AuthController.Register (ControlHub.API)'&#xD;
[14:23:48 INF] Request finished HTTP/1.1 POST http://localhost/api/Auth/users/register - 409 null application/problem+json; charset=utf-8 7.737ms&#xD;
[xUnit.net 00:00:07.39]   Finished:    ControlHub.Api.Tests&#xD;
</StdOut>
    </Output>
  </ResultSummary>
</TestRun>