<?xml version="1.0" encoding="utf-8"?>
<TestRun id="cfaaa058-ddbc-4a55-99a1-b5c2b102a393" name="Gill@DESKTOP-3V98JDF 2026-01-18 14:33:48" runUser="DESKTOP-3V98JDF\Gill" xmlns="http://microsoft.com/schemas/VisualStudio/TeamTest/2010">
  <Times creation="2026-01-18T14:33:48.4234080+07:00" queuing="2026-01-18T14:33:48.4234084+07:00" start="2026-01-18T14:33:46.5275003+07:00" finish="2026-01-18T14:33:55.1133605+07:00" />
  <TestSettings name="default" id="e627e2bd-b72a-46b4-a9dc-c474e5940575">
    <Deployment runDeploymentRoot="Gill_DESKTOP-3V98JDF_2026-01-18_14_33_48" />
  </TestSettings>
  <Results>
    <UnitTestResult executionId="6aecf99e-63c1-4e88-a488-d0fc8ede1bef" testId="43f04a9b-e67b-eec7-b677-5cecfa95f40c" testName="ControlHub.Api.Tests.FunctionalTests.Accounts.LoginTests.Login_ShouldReturnBadRequest_WhenPasswordIsTooShort" computerName="DESKTOP-3V98JDF" duration="00:00:00.0098472" startTime="2026-01-18T14:33:50.0947535+07:00" endTime="2026-01-18T14:33:50.1047142+07:00" testType="13cdc9d9-ddb5-4fa4-a97d-d965ccfc6d4b" outcome="Passed" testListId="8c84fa94-04c1-424b-9868-57a2d4851a1d" relativeResultsDirectory="6aecf99e-63c1-4e88-a488-d0fc8ede1bef" />
    <UnitTestResult executionId="1ca0290a-a5ac-429e-80fd-c098cf8fcf9e" testId="bd1c0ae9-8082-b70d-99da-0e32c5cac791" testName="ControlHub.Api.Tests.FunctionalTests.Accounts.RegistrationTests.Register_ShouldReturnOk_WhenRequestIsValid" computerName="DESKTOP-3V98JDF" duration="00:00:01.0425728" startTime="2026-01-18T14:33:48.3896790+07:00" endTime="2026-01-18T14:33:49.3908308+07:00" testType="13cdc9d9-ddb5-4fa4-a97d-d965ccfc6d4b" outcome="Passed" testListId="8c84fa94-04c1-424b-9868-57a2d4851a1d" relativeResultsDirectory="1ca0290a-a5ac-429e-80fd-c098cf8fcf9e" />
    <UnitTestResult executionId="55596001-7956-442c-8b56-1eaa22bb1945" testId="6e6dc730-1c13-76f4-f37b-f3480d320334" testName="ControlHub.Api.Tests.FunctionalTests.Accounts.TokenTests.RefreshToken_ShouldReturnNewTokens_WhenValid" computerName="DESKTOP-3V98JDF" duration="00:00:01.6087625" startTime="2026-01-18T14:33:48.3897053+07:00" endTime="2026-01-18T14:33:49.9572178+07:00" testType="13cdc9d9-ddb5-4fa4-a97d-d965ccfc6d4b" outcome="Failed" testListId="8c84fa94-04c1-424b-9868-57a2d4851a1d" relativeResultsDirectory="55596001-7956-442c-8b56-1eaa22bb1945">
      <Output>
        <ErrorInfo>
          <Message>Expected response.StatusCode to be HttpStatusCode.OK {value: 200}, but found HttpStatusCode.NotFound {value: 404}.</Message>
          <StackTrace>   at FluentAssertions.Execution.LateBoundTestFramework.Throw(String message)&#xD;
   at FluentAssertions.Execution.DefaultAssertionStrategy.HandleFailure(String message)&#xD;
   at FluentAssertions.Execution.AssertionScope.AddPreFormattedFailure(String formattedFailureMessage)&#xD;
   at FluentAssertions.Execution.AssertionChain.FailWith(Func`1 getFailureReason)&#xD;
   at FluentAssertions.Execution.AssertionChain.FailWith(Func`1 getFailureReason)&#xD;
   at FluentAssertions.Execution.AssertionChain.FailWith(String message, Object[] args)&#xD;
   at FluentAssertions.Primitives.EnumAssertions`2.Be(TEnum expected, String because, Object[] becauseArgs)&#xD;
   at ControlHub.Api.Tests.FunctionalTests.Accounts.TokenTests.RefreshToken_ShouldReturnNewTokens_WhenValid() in e:\Project\ControlHub\tests\ControlHub.Api.Tests\FunctionalTests\Accounts\TokenTests.cs:line 52&#xD;
--- End of stack trace from previous location ---</StackTrace>
        </ErrorInfo>
      </Output>
    </UnitTestResult>
    <UnitTestResult executionId="40e5c6cd-16fd-4c67-967a-299bcf7bae88" testId="494cb6f0-cdd7-db36-0e92-ebd2fdea7e01" testName="ControlHub.Api.Tests.FunctionalTests.Accounts.RegistrationTests.Register_ShouldReturnBadRequest_WhenPasswordIsTooShort" computerName="DESKTOP-3V98JDF" duration="00:00:00.0010000" startTime="2026-01-18T14:33:47.1416737+07:00" endTime="2026-01-18T14:33:48.3565870+07:00" testType="13cdc9d9-ddb5-4fa4-a97d-d965ccfc6d4b" outcome="Failed" testListId="8c84fa94-04c1-424b-9868-57a2d4851a1d" relativeResultsDirectory="40e5c6cd-16fd-4c67-967a-299bcf7bae88">
      <Output>
        <ErrorInfo>
          <Message>System.AggregateException : One or more errors occurred. (An item with the same key has already been added. Key: 9ba459e9-2a98-43c4-8530-392a63c66f1b)&#xD;
---- System.ArgumentException : An item with the same key has already been added. Key: 9ba459e9-2a98-43c4-8530-392a63c66f1b</Message>
          <StackTrace>   at System.Threading.Tasks.Task.ThrowIfExceptional(Boolean includeTaskCanceledExceptions)&#xD;
   at System.Threading.Tasks.Task.Wait(Int32 millisecondsTimeout, CancellationToken cancellationToken)&#xD;
   at System.Threading.Tasks.Task.Wait()&#xD;
   at ControlHub.ControlHubExtensions.UseControlHub(IApplicationBuilder app, String guiPath) in e:\Project\ControlHub\src\ControlHub.Infrastructure\Extensions\ControlHubExtensions.cs:line 259&#xD;
   at ControlHub.API.Program.Main(String[] args) in e:\Project\ControlHub\src\ControlHub.API\Program.cs:line 99&#xD;
   at System.RuntimeMethodHandle.InvokeMethod(Object target, Void** arguments, Signature sig, Boolean isConstructor)&#xD;
   at System.Reflection.MethodBaseInvoker.InvokeDirectByRefWithFewArgs(Object obj, Span`1 copyOfArgs, BindingFlags invokeAttr)&#xD;
--- End of stack trace from previous location ---&#xD;
   at Microsoft.AspNetCore.Mvc.Testing.DeferredHostBuilder.DeferredHost.StartAsync(CancellationToken cancellationToken)&#xD;
   at Microsoft.Extensions.Hosting.HostingAbstractionsHostExtensions.Start(IHost host)&#xD;
   at Microsoft.AspNetCore.Mvc.Testing.WebApplicationFactory`1.CreateHost(IHostBuilder builder)&#xD;
   at Microsoft.AspNetCore.Mvc.Testing.WebApplicationFactory`1.ConfigureHostBuilder(IHostBuilder hostBuilder)&#xD;
   at Microsoft.AspNetCore.Mvc.Testing.WebApplicationFactory`1.EnsureServer()&#xD;
   at Microsoft.AspNetCore.Mvc.Testing.WebApplicationFactory`1.CreateDefaultClient(DelegatingHandler[] handlers)&#xD;
   at Microsoft.AspNetCore.Mvc.Testing.WebApplicationFactory`1.CreateDefaultClient(Uri baseAddress, DelegatingHandler[] handlers)&#xD;
   at Microsoft.AspNetCore.Mvc.Testing.WebApplicationFactory`1.CreateClient(WebApplicationFactoryClientOptions options)&#xD;
   at Microsoft.AspNetCore.Mvc.Testing.WebApplicationFactory`1.CreateClient()&#xD;
   at ControlHub.Api.Tests.Abstractions.BaseIntegrationTest..ctor(IntegrationTestWebAppFactory factory) in e:\Project\ControlHub\tests\ControlHub.Api.Tests\Abstractions\BaseIntegrationTest.cs:line 17&#xD;
   at ControlHub.Api.Tests.FunctionalTests.Accounts.RegistrationTests..ctor(IntegrationTestWebAppFactory factory) in e:\Project\ControlHub\tests\ControlHub.Api.Tests\FunctionalTests\Accounts\RegistrationTests.cs:line 13&#xD;
   at System.RuntimeMethodHandle.InvokeMethod(Object target, Void** arguments, Signature sig, Boolean isConstructor)&#xD;
   at System.Reflection.MethodBaseInvoker.InvokeDirectByRefWithFewArgs(Object obj, Span`1 copyOfArgs, BindingFlags invokeAttr)&#xD;
----- Inner Stack Trace -----&#xD;
   at System.Collections.Generic.Dictionary`2.TryInsert(TKey key, TValue value, InsertionBehavior behavior)&#xD;
   at System.Collections.Generic.Dictionary`2.Add(TKey key, TValue value)&#xD;
   at Microsoft.EntityFrameworkCore.InMemory.Storage.Internal.InMemoryTable`1.Create(IUpdateEntry entry, IDiagnosticsLogger`1 updateLogger)&#xD;
   at Microsoft.EntityFrameworkCore.InMemory.Storage.Internal.InMemoryStore.ExecuteTransaction(IList`1 entries, IDiagnosticsLogger`1 updateLogger)&#xD;
   at Microsoft.EntityFrameworkCore.InMemory.Storage.Internal.InMemoryDatabase.SaveChangesAsync(IList`1 entries, CancellationToken cancellationToken)&#xD;
   at Microsoft.EntityFrameworkCore.ChangeTracking.Internal.StateManager.SaveChangesAsync(IList`1 entriesToSave, CancellationToken cancellationToken)&#xD;
   at Microsoft.EntityFrameworkCore.ChangeTracking.Internal.StateManager.SaveChangesAsync(StateManager stateManager, Boolean acceptAllChangesOnSuccess, CancellationToken cancellationToken)&#xD;
   at Microsoft.EntityFrameworkCore.DbContext.SaveChangesAsync(Boolean acceptAllChangesOnSuccess, CancellationToken cancellationToken)&#xD;
   at Microsoft.EntityFrameworkCore.DbContext.SaveChangesAsync(Boolean acceptAllChangesOnSuccess, CancellationToken cancellationToken)&#xD;
   at ControlHub.Infrastructure.Persistence.AppDbContext.SaveChangesAsync(CancellationToken cancellationToken) in e:\Project\ControlHub\src\ControlHub.Infrastructure\Persistence\AppDbContext.cs:line 38&#xD;
   at ControlHub.Infrastructure.Persistence.Seeders.ControlHubSeeder.SeedAsync(AppDbContext db, Boolean forceSeed) in e:\Project\ControlHub\src\ControlHub.Infrastructure\Persistence\Seeders\ControlHubSeeder.cs:line 50</StackTrace>
        </ErrorInfo>
      </Output>
    </UnitTestResult>
    <UnitTestResult executionId="9c489274-b9a3-4aae-857c-9a351dbdfbd1" testId="48b15569-5cb4-e7ef-1799-00ac86158141" testName="ControlHub.Api.Tests.FunctionalTests.Accounts.LoginTests.Login_ShouldReturnOk_WhenCredentialsAreValid" computerName="DESKTOP-3V98JDF" duration="00:00:02.9511579" startTime="2026-01-18T14:33:47.1404242+07:00" endTime="2026-01-18T14:33:50.0945109+07:00" testType="13cdc9d9-ddb5-4fa4-a97d-d965ccfc6d4b" outcome="Passed" testListId="8c84fa94-04c1-424b-9868-57a2d4851a1d" relativeResultsDirectory="9c489274-b9a3-4aae-857c-9a351dbdfbd1" />
    <UnitTestResult executionId="fa56ac88-b762-45e6-bd83-61d97d8a798f" testId="3589fe02-9f4c-829d-34e8-5a7b85406e64" testName="ControlHub.Api.Tests.FunctionalTests.Accounts.TokenTests.RefreshToken_ShouldReturnUnauthorized_WhenTokenIsInvalid" computerName="DESKTOP-3V98JDF" duration="00:00:00.0010000" startTime="2026-01-18T14:33:47.1416297+07:00" endTime="2026-01-18T14:33:48.3419907+07:00" testType="13cdc9d9-ddb5-4fa4-a97d-d965ccfc6d4b" outcome="Failed" testListId="8c84fa94-04c1-424b-9868-57a2d4851a1d" relativeResultsDirectory="fa56ac88-b762-45e6-bd83-61d97d8a798f">
      <Output>
        <ErrorInfo>
          <Message>System.AggregateException : One or more errors occurred. (An item with the same key has already been added. Key: 9ba459e9-2a98-43c4-8530-392a63c66f1b)&#xD;
---- System.ArgumentException : An item with the same key has already been added. Key: 9ba459e9-2a98-43c4-8530-392a63c66f1b</Message>
          <StackTrace>   at System.Threading.Tasks.Task.ThrowIfExceptional(Boolean includeTaskCanceledExceptions)&#xD;
   at System.Threading.Tasks.Task.Wait(Int32 millisecondsTimeout, CancellationToken cancellationToken)&#xD;
   at System.Threading.Tasks.Task.Wait()&#xD;
   at ControlHub.ControlHubExtensions.UseControlHub(IApplicationBuilder app, String guiPath) in e:\Project\ControlHub\src\ControlHub.Infrastructure\Extensions\ControlHubExtensions.cs:line 259&#xD;
   at ControlHub.API.Program.Main(String[] args) in e:\Project\ControlHub\src\ControlHub.API\Program.cs:line 99&#xD;
   at InvokeStub_Program.Main(Object, Span`1)&#xD;
   at System.Reflection.MethodBaseInvoker.InvokeWithOneArg(Object obj, BindingFlags invokeAttr, Binder binder, Object[] parameters, CultureInfo culture)&#xD;
--- End of stack trace from previous location ---&#xD;
   at Microsoft.AspNetCore.Mvc.Testing.DeferredHostBuilder.DeferredHost.StartAsync(CancellationToken cancellationToken)&#xD;
   at Microsoft.Extensions.Hosting.HostingAbstractionsHostExtensions.Start(IHost host)&#xD;
   at Microsoft.AspNetCore.Mvc.Testing.WebApplicationFactory`1.CreateHost(IHostBuilder builder)&#xD;
   at Microsoft.AspNetCore.Mvc.Testing.WebApplicationFactory`1.ConfigureHostBuilder(IHostBuilder hostBuilder)&#xD;
   at Microsoft.AspNetCore.Mvc.Testing.WebApplicationFactory`1.EnsureServer()&#xD;
   at Microsoft.AspNetCore.Mvc.Testing.WebApplicationFactory`1.CreateDefaultClient(DelegatingHandler[] handlers)&#xD;
   at Microsoft.AspNetCore.Mvc.Testing.WebApplicationFactory`1.CreateDefaultClient(Uri baseAddress, DelegatingHandler[] handlers)&#xD;
   at Microsoft.AspNetCore.Mvc.Testing.WebApplicationFactory`1.CreateClient(WebApplicationFactoryClientOptions options)&#xD;
   at Microsoft.AspNetCore.Mvc.Testing.WebApplicationFactory`1.CreateClient()&#xD;
   at ControlHub.Api.Tests.Abstractions.BaseIntegrationTest..ctor(IntegrationTestWebAppFactory factory) in e:\Project\ControlHub\tests\ControlHub.Api.Tests\Abstractions\BaseIntegrationTest.cs:line 17&#xD;
   at ControlHub.Api.Tests.FunctionalTests.Accounts.TokenTests..ctor(IntegrationTestWebAppFactory factory) in e:\Project\ControlHub\tests\ControlHub.Api.Tests\FunctionalTests\Accounts\TokenTests.cs:line 14&#xD;
   at System.RuntimeMethodHandle.InvokeMethod(Object target, Void** arguments, Signature sig, Boolean isConstructor)&#xD;
   at System.Reflection.MethodBaseInvoker.InvokeDirectByRefWithFewArgs(Object obj, Span`1 copyOfArgs, BindingFlags invokeAttr)&#xD;
----- Inner Stack Trace -----&#xD;
   at System.Collections.Generic.Dictionary`2.TryInsert(TKey key, TValue value, InsertionBehavior behavior)&#xD;
   at System.Collections.Generic.Dictionary`2.Add(TKey key, TValue value)&#xD;
   at Microsoft.EntityFrameworkCore.InMemory.Storage.Internal.InMemoryTable`1.Create(IUpdateEntry entry, IDiagnosticsLogger`1 updateLogger)&#xD;
   at Microsoft.EntityFrameworkCore.InMemory.Storage.Internal.InMemoryStore.ExecuteTransaction(IList`1 entries, IDiagnosticsLogger`1 updateLogger)&#xD;
   at Microsoft.EntityFrameworkCore.InMemory.Storage.Internal.InMemoryDatabase.SaveChangesAsync(IList`1 entries, CancellationToken cancellationToken)&#xD;
   at Microsoft.EntityFrameworkCore.ChangeTracking.Internal.StateManager.SaveChangesAsync(IList`1 entriesToSave, CancellationToken cancellationToken)&#xD;
   at Microsoft.EntityFrameworkCore.ChangeTracking.Internal.StateManager.SaveChangesAsync(StateManager stateManager, Boolean acceptAllChangesOnSuccess, CancellationToken cancellationToken)&#xD;
   at Microsoft.EntityFrameworkCore.DbContext.SaveChangesAsync(Boolean acceptAllChangesOnSuccess, CancellationToken cancellationToken)&#xD;
   at Microsoft.EntityFrameworkCore.DbContext.SaveChangesAsync(Boolean acceptAllChangesOnSuccess, CancellationToken cancellationToken)&#xD;
   at ControlHub.Infrastructure.Persistence.AppDbContext.SaveChangesAsync(CancellationToken cancellationToken) in e:\Project\ControlHub\src\ControlHub.Infrastructure\Persistence\AppDbContext.cs:line 38&#xD;
   at ControlHub.Infrastructure.Persistence.Seeders.ControlHubSeeder.SeedAsync(AppDbContext db, Boolean forceSeed) in e:\Project\ControlHub\src\ControlHub.Infrastructure\Persistence\Seeders\ControlHubSeeder.cs:line 50</StackTrace>
        </ErrorInfo>
      </Output>
    </UnitTestResult>
    <UnitTestResult executionId="8949c6e4-b5e8-47af-baa9-01c077dd0fe6" testId="17261639-49fb-4594-602b-1fd4851f3959" testName="ControlHub.Api.Tests.FunctionalTests.Accounts.LoginTests.Login_ShouldReturnUnauthorized_WhenPasswordIsWrong" computerName="DESKTOP-3V98JDF" duration="00:00:00.3364271" startTime="2026-01-18T14:33:50.1049263+07:00" endTime="2026-01-18T14:33:50.4415443+07:00" testType="13cdc9d9-ddb5-4fa4-a97d-d965ccfc6d4b" outcome="Passed" testListId="8c84fa94-04c1-424b-9868-57a2d4851a1d" relativeResultsDirectory="8949c6e4-b5e8-47af-baa9-01c077dd0fe6" />
    <UnitTestResult executionId="7bcb2c10-56ae-4107-9075-f6648d43ab21" testId="a0acf902-031a-8077-580a-c94562166a95" testName="ControlHub.Api.Tests.FunctionalTests.Accounts.RegistrationTests.Register_ShouldReturnConflict_WhenUserAlreadyExists" computerName="DESKTOP-3V98JDF" duration="00:00:00.3654935" startTime="2026-01-18T14:33:49.3922258+07:00" endTime="2026-01-18T14:33:49.7616822+07:00" testType="13cdc9d9-ddb5-4fa4-a97d-d965ccfc6d4b" outcome="Passed" testListId="8c84fa94-04c1-424b-9868-57a2d4851a1d" relativeResultsDirectory="7bcb2c10-56ae-4107-9075-f6648d43ab21" />
  </Results>
  <TestDefinitions>
    <UnitTest name="ControlHub.Api.Tests.FunctionalTests.Accounts.RegistrationTests.Register_ShouldReturnBadRequest_WhenPasswordIsTooShort" storage="e:\project\controlhub\tests\controlhub.api.tests\bin\debug\net8.0\controlhub.api.tests.dll" id="494cb6f0-cdd7-db36-0e92-ebd2fdea7e01">
      <Execution id="40e5c6cd-16fd-4c67-967a-299bcf7bae88" />
      <TestMethod codeBase="e:\Project\ControlHub\tests\ControlHub.Api.Tests\bin\Debug\net8.0\ControlHub.Api.Tests.dll" adapterTypeName="executor://xunit/VsTestRunner3/netcore/" className="ControlHub.Api.Tests.FunctionalTests.Accounts.RegistrationTests" name="Register_ShouldReturnBadRequest_WhenPasswordIsTooShort" />
    </UnitTest>
    <UnitTest name="ControlHub.Api.Tests.FunctionalTests.Accounts.RegistrationTests.Register_ShouldReturnOk_WhenRequestIsValid" storage="e:\project\controlhub\tests\controlhub.api.tests\bin\debug\net8.0\controlhub.api.tests.dll" id="bd1c0ae9-8082-b70d-99da-0e32c5cac791">
      <Execution id="1ca0290a-a5ac-429e-80fd-c098cf8fcf9e" />
      <TestMethod codeBase="e:\Project\ControlHub\tests\ControlHub.Api.Tests\bin\Debug\net8.0\ControlHub.Api.Tests.dll" adapterTypeName="executor://xunit/VsTestRunner3/netcore/" className="ControlHub.Api.Tests.FunctionalTests.Accounts.RegistrationTests" name="Register_ShouldReturnOk_WhenRequestIsValid" />
    </UnitTest>
    <UnitTest name="ControlHub.Api.Tests.FunctionalTests.Accounts.RegistrationTests.Register_ShouldReturnConflict_WhenUserAlreadyExists" storage="e:\project\controlhub\tests\controlhub.api.tests\bin\debug\net8.0\controlhub.api.tests.dll" id="a0acf902-031a-8077-580a-c94562166a95">
      <Execution id="7bcb2c10-56ae-4107-9075-f6648d43ab21" />
      <TestMethod codeBase="e:\Project\ControlHub\tests\ControlHub.Api.Tests\bin\Debug\net8.0\ControlHub.Api.Tests.dll" adapterTypeName="executor://xunit/VsTestRunner3/netcore/" className="ControlHub.Api.Tests.FunctionalTests.Accounts.RegistrationTests" name="Register_ShouldReturnConflict_WhenUserAlreadyExists" />
    </UnitTest>
    <UnitTest name="ControlHub.Api.Tests.FunctionalTests.Accounts.LoginTests.Login_ShouldReturnOk_WhenCredentialsAreValid" storage="e:\project\controlhub\tests\controlhub.api.tests\bin\debug\net8.0\controlhub.api.tests.dll" id="48b15569-5cb4-e7ef-1799-00ac86158141">
      <Execution id="9c489274-b9a3-4aae-857c-9a351dbdfbd1" />
      <TestMethod codeBase="e:\Project\ControlHub\tests\ControlHub.Api.Tests\bin\Debug\net8.0\ControlHub.Api.Tests.dll" adapterTypeName="executor://xunit/VsTestRunner3/netcore/" className="ControlHub.Api.Tests.FunctionalTests.Accounts.LoginTests" name="Login_ShouldReturnOk_WhenCredentialsAreValid" />
    </UnitTest>
    <UnitTest name="ControlHub.Api.Tests.FunctionalTests.Accounts.LoginTests.Login_ShouldReturnUnauthorized_WhenPasswordIsWrong" storage="e:\project\controlhub\tests\controlhub.api.tests\bin\debug\net8.0\controlhub.api.tests.dll" id="17261639-49fb-4594-602b-1fd4851f3959">
      <Execution id="8949c6e4-b5e8-47af-baa9-01c077dd0fe6" />
      <TestMethod codeBase="e:\Project\ControlHub\tests\ControlHub.Api.Tests\bin\Debug\net8.0\ControlHub.Api.Tests.dll" adapterTypeName="executor://xunit/VsTestRunner3/netcore/" className="ControlHub.Api.Tests.FunctionalTests.Accounts.LoginTests" name="Login_ShouldReturnUnauthorized_WhenPasswordIsWrong" />
    </UnitTest>
    <UnitTest name="ControlHub.Api.Tests.FunctionalTests.Accounts.TokenTests.RefreshToken_ShouldReturnNewTokens_WhenValid" storage="e:\project\controlhub\tests\controlhub.api.tests\bin\debug\net8.0\controlhub.api.tests.dll" id="6e6dc730-1c13-76f4-f37b-f3480d320334">
      <Execution id="55596001-7956-442c-8b56-1eaa22bb1945" />
      <TestMethod codeBase="e:\Project\ControlHub\tests\ControlHub.Api.Tests\bin\Debug\net8.0\ControlHub.Api.Tests.dll" adapterTypeName="executor://xunit/VsTestRunner3/netcore/" className="ControlHub.Api.Tests.FunctionalTests.Accounts.TokenTests" name="RefreshToken_ShouldReturnNewTokens_WhenValid" />
    </UnitTest>
    <UnitTest name="ControlHub.Api.Tests.FunctionalTests.Accounts.TokenTests.RefreshToken_ShouldReturnUnauthorized_WhenTokenIsInvalid" storage="e:\project\controlhub\tests\controlhub.api.tests\bin\debug\net8.0\controlhub.api.tests.dll" id="3589fe02-9f4c-829d-34e8-5a7b85406e64">
      <Execution id="fa56ac88-b762-45e6-bd83-61d97d8a798f" />
      <TestMethod codeBase="e:\Project\ControlHub\tests\ControlHub.Api.Tests\bin\Debug\net8.0\ControlHub.Api.Tests.dll" adapterTypeName="executor://xunit/VsTestRunner3/netcore/" className="ControlHub.Api.Tests.FunctionalTests.Accounts.TokenTests" name="RefreshToken_ShouldReturnUnauthorized_WhenTokenIsInvalid" />
    </UnitTest>
    <UnitTest name="ControlHub.Api.Tests.FunctionalTests.Accounts.LoginTests.Login_ShouldReturnBadRequest_WhenPasswordIsTooShort" storage="e:\project\controlhub\tests\controlhub.api.tests\bin\debug\net8.0\controlhub.api.tests.dll" id="43f04a9b-e67b-eec7-b677-5cecfa95f40c">
      <Execution id="6aecf99e-63c1-4e88-a488-d0fc8ede1bef" />
      <TestMethod codeBase="e:\Project\ControlHub\tests\ControlHub.Api.Tests\bin\Debug\net8.0\ControlHub.Api.Tests.dll" adapterTypeName="executor://xunit/VsTestRunner3/netcore/" className="ControlHub.Api.Tests.FunctionalTests.Accounts.LoginTests" name="Login_ShouldReturnBadRequest_WhenPasswordIsTooShort" />
    </UnitTest>
  </TestDefinitions>
  <TestEntries>
    <TestEntry testId="43f04a9b-e67b-eec7-b677-5cecfa95f40c" executionId="6aecf99e-63c1-4e88-a488-d0fc8ede1bef" testListId="8c84fa94-04c1-424b-9868-57a2d4851a1d" />
    <TestEntry testId="bd1c0ae9-8082-b70d-99da-0e32c5cac791" executionId="1ca0290a-a5ac-429e-80fd-c098cf8fcf9e" testListId="8c84fa94-04c1-424b-9868-57a2d4851a1d" />
    <TestEntry testId="6e6dc730-1c13-76f4-f37b-f3480d320334" executionId="55596001-7956-442c-8b56-1eaa22bb1945" testListId="8c84fa94-04c1-424b-9868-57a2d4851a1d" />
    <TestEntry testId="494cb6f0-cdd7-db36-0e92-ebd2fdea7e01" executionId="40e5c6cd-16fd-4c67-967a-299bcf7bae88" testListId="8c84fa94-04c1-424b-9868-57a2d4851a1d" />
    <TestEntry testId="48b15569-5cb4-e7ef-1799-00ac86158141" executionId="9c489274-b9a3-4aae-857c-9a351dbdfbd1" testListId="8c84fa94-04c1-424b-9868-57a2d4851a1d" />
    <TestEntry testId="3589fe02-9f4c-829d-34e8-5a7b85406e64" executionId="fa56ac88-b762-45e6-bd83-61d97d8a798f" testListId="8c84fa94-04c1-424b-9868-57a2d4851a1d" />
    <TestEntry testId="17261639-49fb-4594-602b-1fd4851f3959" executionId="8949c6e4-b5e8-47af-baa9-01c077dd0fe6" testListId="8c84fa94-04c1-424b-9868-57a2d4851a1d" />
    <TestEntry testId="a0acf902-031a-8077-580a-c94562166a95" executionId="7bcb2c10-56ae-4107-9075-f6648d43ab21" testListId="8c84fa94-04c1-424b-9868-57a2d4851a1d" />
  </TestEntries>
  <TestLists>
    <TestList name="Results Not in a List" id="8c84fa94-04c1-424b-9868-57a2d4851a1d" />
    <TestList name="All Loaded Results" id="19431567-8539-422a-85d7-44ee4e166bda" />
  </TestLists>
  <ResultSummary outcome="Failed">
    <Counters total="8" executed="8" passed="5" failed="3" error="0" timeout="0" aborted="0" inconclusive="0" passedButRunAborted="0" notRunnable="0" notExecuted="0" disconnected="0" warning="0" completed="0" inProgress="0" pending="0" />
    <Output>
      <StdOut>[xUnit.net 00:00:00.00] xUnit.net VSTest Adapter v3.1.4+50e68bbb8b (64-bit .NET 8.0.22)&#xD;
[xUnit.net 00:00:00.15]   Discovering: ControlHub.Api.Tests&#xD;
[xUnit.net 00:00:00.19]   Discovered:  ControlHub.Api.Tests&#xD;
[xUnit.net 00:00:00.21]   Starting:    ControlHub.Api.Tests&#xD;
[14:33:48 ERR] An exception occurred in the database while saving changes for context type 'ControlHub.Infrastructure.Persistence.AppDbContext'.&#xD;
System.ArgumentException: An item with the same key has already been added. Key: 9ba459e9-2a98-43c4-8530-392a63c66f1b&#xD;
   at System.Collections.Generic.Dictionary`2.TryInsert(TKey key, TValue value, InsertionBehavior behavior)&#xD;
   at System.Collections.Generic.Dictionary`2.Add(TKey key, TValue value)&#xD;
   at Microsoft.EntityFrameworkCore.InMemory.Storage.Internal.InMemoryTable`1.Create(IUpdateEntry entry, IDiagnosticsLogger`1 updateLogger)&#xD;
   at Microsoft.EntityFrameworkCore.InMemory.Storage.Internal.InMemoryStore.ExecuteTransaction(IList`1 entries, IDiagnosticsLogger`1 updateLogger)&#xD;
   at Microsoft.EntityFrameworkCore.InMemory.Storage.Internal.InMemoryDatabase.SaveChangesAsync(IList`1 entries, CancellationToken cancellationToken)&#xD;
   at Microsoft.EntityFrameworkCore.ChangeTracking.Internal.StateManager.SaveChangesAsync(IList`1 entriesToSave, CancellationToken cancellationToken)&#xD;
   at Microsoft.EntityFrameworkCore.ChangeTracking.Internal.StateManager.SaveChangesAsync(StateManager stateManager, Boolean acceptAllChangesOnSuccess, CancellationToken cancellationToken)&#xD;
   at Microsoft.EntityFrameworkCore.DbContext.SaveChangesAsync(Boolean acceptAllChangesOnSuccess, CancellationToken cancellationToken)&#xD;
System.ArgumentException: An item with the same key has already been added. Key: 9ba459e9-2a98-43c4-8530-392a63c66f1b&#xD;
   at System.Collections.Generic.Dictionary`2.TryInsert(TKey key, TValue value, InsertionBehavior behavior)&#xD;
   at System.Collections.Generic.Dictionary`2.Add(TKey key, TValue value)&#xD;
   at Microsoft.EntityFrameworkCore.InMemory.Storage.Internal.InMemoryTable`1.Create(IUpdateEntry entry, IDiagnosticsLogger`1 updateLogger)&#xD;
   at Microsoft.EntityFrameworkCore.InMemory.Storage.Internal.InMemoryStore.ExecuteTransaction(IList`1 entries, IDiagnosticsLogger`1 updateLogger)&#xD;
   at Microsoft.EntityFrameworkCore.InMemory.Storage.Internal.InMemoryDatabase.SaveChangesAsync(IList`1 entries, CancellationToken cancellationToken)&#xD;
   at Microsoft.EntityFrameworkCore.ChangeTracking.Internal.StateManager.SaveChangesAsync(IList`1 entriesToSave, CancellationToken cancellationToken)&#xD;
   at Microsoft.EntityFrameworkCore.ChangeTracking.Internal.StateManager.SaveChangesAsync(StateManager stateManager, Boolean acceptAllChangesOnSuccess, CancellationToken cancellationToken)&#xD;
   at Microsoft.EntityFrameworkCore.DbContext.SaveChangesAsync(Boolean acceptAllChangesOnSuccess, CancellationToken cancellationToken)&#xD;
[14:33:48 ERR] An exception occurred in the database while saving changes for context type 'ControlHub.Infrastructure.Persistence.AppDbContext'.&#xD;
System.ArgumentException: An item with the same key has already been added. Key: 9ba459e9-2a98-43c4-8530-392a63c66f1b&#xD;
   at System.Collections.Generic.Dictionary`2.TryInsert(TKey key, TValue value, InsertionBehavior behavior)&#xD;
   at System.Collections.Generic.Dictionary`2.Add(TKey key, TValue value)&#xD;
   at Microsoft.EntityFrameworkCore.InMemory.Storage.Internal.InMemoryTable`1.Create(IUpdateEntry entry, IDiagnosticsLogger`1 updateLogger)&#xD;
   at Microsoft.EntityFrameworkCore.InMemory.Storage.Internal.InMemoryStore.ExecuteTransaction(IList`1 entries, IDiagnosticsLogger`1 updateLogger)&#xD;
   at Microsoft.EntityFrameworkCore.InMemory.Storage.Internal.InMemoryDatabase.SaveChangesAsync(IList`1 entries, CancellationToken cancellationToken)&#xD;
   at Microsoft.EntityFrameworkCore.ChangeTracking.Internal.StateManager.SaveChangesAsync(IList`1 entriesToSave, CancellationToken cancellationToken)&#xD;
   at Microsoft.EntityFrameworkCore.ChangeTracking.Internal.StateManager.SaveChangesAsync(StateManager stateManager, Boolean acceptAllChangesOnSuccess, CancellationToken cancellationToken)&#xD;
   at Microsoft.EntityFrameworkCore.DbContext.SaveChangesAsync(Boolean acceptAllChangesOnSuccess, CancellationToken cancellationToken)&#xD;
System.ArgumentException: An item with the same key has already been added. Key: 9ba459e9-2a98-43c4-8530-392a63c66f1b&#xD;
   at System.Collections.Generic.Dictionary`2.TryInsert(TKey key, TValue value, InsertionBehavior behavior)&#xD;
   at System.Collections.Generic.Dictionary`2.Add(TKey key, TValue value)&#xD;
   at Microsoft.EntityFrameworkCore.InMemory.Storage.Internal.InMemoryTable`1.Create(IUpdateEntry entry, IDiagnosticsLogger`1 updateLogger)&#xD;
   at Microsoft.EntityFrameworkCore.InMemory.Storage.Internal.InMemoryStore.ExecuteTransaction(IList`1 entries, IDiagnosticsLogger`1 updateLogger)&#xD;
   at Microsoft.EntityFrameworkCore.InMemory.Storage.Internal.InMemoryDatabase.SaveChangesAsync(IList`1 entries, CancellationToken cancellationToken)&#xD;
   at Microsoft.EntityFrameworkCore.ChangeTracking.Internal.StateManager.SaveChangesAsync(IList`1 entriesToSave, CancellationToken cancellationToken)&#xD;
   at Microsoft.EntityFrameworkCore.ChangeTracking.Internal.StateManager.SaveChangesAsync(StateManager stateManager, Boolean acceptAllChangesOnSuccess, CancellationToken cancellationToken)&#xD;
   at Microsoft.EntityFrameworkCore.DbContext.SaveChangesAsync(Boolean acceptAllChangesOnSuccess, CancellationToken cancellationToken)&#xD;
[14:33:48 INF] Saved 3 entities to in-memory store.&#xD;
? ControlHub seeding failed: One or more errors occurred. (An item with the same key has already been added. Key: 9ba459e9-2a98-43c4-8530-392a63c66f1b)&#xD;
? ControlHub seeding failed: One or more errors occurred. (An item with the same key has already been added. Key: 9ba459e9-2a98-43c4-8530-392a63c66f1b)&#xD;
Stack trace:    at System.Threading.Tasks.Task.ThrowIfExceptional(Boolean includeTaskCanceledExceptions)&#xD;
   at System.Threading.Tasks.Task.Wait(Int32 millisecondsTimeout, CancellationToken cancellationToken)&#xD;
   at System.Threading.Tasks.Task.Wait()&#xD;
   at ControlHub.ControlHubExtensions.UseControlHub(IApplicationBuilder app, String guiPath) in e:\Project\ControlHub\src\ControlHub.Infrastructure\Extensions\ControlHubExtensions.cs:line 259&#xD;
Stack trace:    at System.Threading.Tasks.Task.ThrowIfExceptional(Boolean includeTaskCanceledExceptions)&#xD;
   at System.Threading.Tasks.Task.Wait(Int32 millisecondsTimeout, CancellationToken cancellationToken)&#xD;
   at System.Threading.Tasks.Task.Wait()&#xD;
   at ControlHub.ControlHubExtensions.UseControlHub(IApplicationBuilder app, String guiPath) in e:\Project\ControlHub\src\ControlHub.Infrastructure\Extensions\ControlHubExtensions.cs:line 259&#xD;
[xUnit.net 00:00:01.44]       System.AggregateException : One or more errors occurred. (An item with the same key has already been added. Key: 9ba459e9-2a98-43c4-8530-392a63c66f1b)&#xD;
[xUnit.net 00:00:01.44]       ---- System.ArgumentException : An item with the same key has already been added. Key: 9ba459e9-2a98-43c4-8530-392a63c66f1b&#xD;
[xUnit.net 00:00:01.44]       Stack Trace:&#xD;
[xUnit.net 00:00:01.44]            at System.Threading.Tasks.Task.ThrowIfExceptional(Boolean includeTaskCanceledExceptions)&#xD;
[xUnit.net 00:00:01.44]            at System.Threading.Tasks.Task.Wait(Int32 millisecondsTimeout, CancellationToken cancellationToken)&#xD;
[xUnit.net 00:00:01.44]            at System.Threading.Tasks.Task.Wait()&#xD;
[xUnit.net 00:00:01.44]         e:\Project\ControlHub\src\ControlHub.Infrastructure\Extensions\ControlHubExtensions.cs(259,0): at ControlHub.ControlHubExtensions.UseControlHub(IApplicationBuilder app, String guiPath)&#xD;
[xUnit.net 00:00:01.44]         e:\Project\ControlHub\src\ControlHub.API\Program.cs(99,0): at ControlHub.API.Program.Main(String[] args)&#xD;
[xUnit.net 00:00:01.44]            at InvokeStub_Program.Main(Object, Span`1)&#xD;
[xUnit.net 00:00:01.44]            at System.Reflection.MethodBaseInvoker.InvokeWithOneArg(Object obj, BindingFlags invokeAttr, Binder binder, Object[] parameters, CultureInfo culture)&#xD;
[xUnit.net 00:00:01.44]         --- End of stack trace from previous location ---&#xD;
[xUnit.net 00:00:01.44]            at Microsoft.AspNetCore.Mvc.Testing.DeferredHostBuilder.DeferredHost.StartAsync(CancellationToken cancellationToken)&#xD;
[xUnit.net 00:00:01.44]            at Microsoft.Extensions.Hosting.HostingAbstractionsHostExtensions.Start(IHost host)&#xD;
[xUnit.net 00:00:01.44]            at Microsoft.AspNetCore.Mvc.Testing.WebApplicationFactory`1.CreateHost(IHostBuilder builder)&#xD;
[xUnit.net 00:00:01.44]            at Microsoft.AspNetCore.Mvc.Testing.WebApplicationFactory`1.ConfigureHostBuilder(IHostBuilder hostBuilder)&#xD;
[xUnit.net 00:00:01.44]            at Microsoft.AspNetCore.Mvc.Testing.WebApplicationFactory`1.EnsureServer()&#xD;
[xUnit.net 00:00:01.44]            at Microsoft.AspNetCore.Mvc.Testing.WebApplicationFactory`1.CreateDefaultClient(DelegatingHandler[] handlers)&#xD;
[xUnit.net 00:00:01.44]            at Microsoft.AspNetCore.Mvc.Testing.WebApplicationFactory`1.CreateDefaultClient(Uri baseAddress, DelegatingHandler[] handlers)&#xD;
[xUnit.net 00:00:01.44]            at Microsoft.AspNetCore.Mvc.Testing.WebApplicationFactory`1.CreateClient(WebApplicationFactoryClientOptions options)&#xD;
[xUnit.net 00:00:01.44]            at Microsoft.AspNetCore.Mvc.Testing.WebApplicationFactory`1.CreateClient()&#xD;
[xUnit.net 00:00:01.44]         e:\Project\ControlHub\tests\ControlHub.Api.Tests\Abstractions\BaseIntegrationTest.cs(17,0): at ControlHub.Api.Tests.Abstractions.BaseIntegrationTest..ctor(IntegrationTestWebAppFactory factory)&#xD;
[xUnit.net 00:00:01.44]         e:\Project\ControlHub\tests\ControlHub.Api.Tests\FunctionalTests\Accounts\TokenTests.cs(14,0): at ControlHub.Api.Tests.FunctionalTests.Accounts.TokenTests..ctor(IntegrationTestWebAppFactory factory)&#xD;
[xUnit.net 00:00:01.44]            at System.RuntimeMethodHandle.InvokeMethod(Object target, Void** arguments, Signature sig, Boolean isConstructor)&#xD;
[xUnit.net 00:00:01.44]            at System.Reflection.MethodBaseInvoker.InvokeDirectByRefWithFewArgs(Object obj, Span`1 copyOfArgs, BindingFlags invokeAttr)&#xD;
[xUnit.net 00:00:01.44]         ----- Inner Stack Trace -----&#xD;
[xUnit.net 00:00:01.44]            at System.Collections.Generic.Dictionary`2.TryInsert(TKey key, TValue value, InsertionBehavior behavior)&#xD;
[xUnit.net 00:00:01.44]            at System.Collections.Generic.Dictionary`2.Add(TKey key, TValue value)&#xD;
[xUnit.net 00:00:01.44]            at Microsoft.EntityFrameworkCore.InMemory.Storage.Internal.InMemoryTable`1.Create(IUpdateEntry entry, IDiagnosticsLogger`1 updateLogger)&#xD;
[xUnit.net 00:00:01.44]            at Microsoft.EntityFrameworkCore.InMemory.Storage.Internal.InMemoryStore.ExecuteTransaction(IList`1 entries, IDiagnosticsLogger`1 updateLogger)&#xD;
[xUnit.net 00:00:01.44]            at Microsoft.EntityFrameworkCore.InMemory.Storage.Internal.InMemoryDatabase.SaveChangesAsync(IList`1 entries, CancellationToken cancellationToken)&#xD;
[xUnit.net 00:00:01.44]            at Microsoft.EntityFrameworkCore.ChangeTracking.Internal.StateManager.SaveChangesAsync(IList`1 entriesToSave, CancellationToken cancellationToken)&#xD;
[xUnit.net 00:00:01.44]            at Microsoft.EntityFrameworkCore.ChangeTracking.Internal.StateManager.SaveChangesAsync(StateManager stateManager, Boolean acceptAllChangesOnSuccess, CancellationToken cancellationToken)&#xD;
[xUnit.net 00:00:01.44]            at Microsoft.EntityFrameworkCore.DbContext.SaveChangesAsync(Boolean acceptAllChangesOnSuccess, CancellationToken cancellationToken)&#xD;
[xUnit.net 00:00:01.44]            at Microsoft.EntityFrameworkCore.DbContext.SaveChangesAsync(Boolean acceptAllChangesOnSuccess, CancellationToken cancellationToken)&#xD;
[xUnit.net 00:00:01.44]         e:\Project\ControlHub\src\ControlHub.Infrastructure\Persistence\AppDbContext.cs(38,0): at ControlHub.Infrastructure.Persistence.AppDbContext.SaveChangesAsync(CancellationToken cancellationToken)&#xD;
[xUnit.net 00:00:01.44]         e:\Project\ControlHub\src\ControlHub.Infrastructure\Persistence\Seeders\ControlHubSeeder.cs(50,0): at ControlHub.Infrastructure.Persistence.Seeders.ControlHubSeeder.SeedAsync(AppDbContext db, Boolean forceSeed)&#xD;
[xUnit.net 00:00:01.45]       System.AggregateException : One or more errors occurred. (An item with the same key has already been added. Key: 9ba459e9-2a98-43c4-8530-392a63c66f1b)&#xD;
[xUnit.net 00:00:01.45]       ---- System.ArgumentException : An item with the same key has already been added. Key: 9ba459e9-2a98-43c4-8530-392a63c66f1b&#xD;
[xUnit.net 00:00:01.45]       Stack Trace:&#xD;
[xUnit.net 00:00:01.45]            at System.Threading.Tasks.Task.ThrowIfExceptional(Boolean includeTaskCanceledExceptions)&#xD;
[xUnit.net 00:00:01.45]            at System.Threading.Tasks.Task.Wait(Int32 millisecondsTimeout, CancellationToken cancellationToken)&#xD;
[xUnit.net 00:00:01.45]            at System.Threading.Tasks.Task.Wait()&#xD;
[xUnit.net 00:00:01.45]         e:\Project\ControlHub\src\ControlHub.Infrastructure\Extensions\ControlHubExtensions.cs(259,0): at ControlHub.ControlHubExtensions.UseControlHub(IApplicationBuilder app, String guiPath)&#xD;
[xUnit.net 00:00:01.45]         e:\Project\ControlHub\src\ControlHub.API\Program.cs(99,0): at ControlHub.API.Program.Main(String[] args)&#xD;
[xUnit.net 00:00:01.45]            at System.RuntimeMethodHandle.InvokeMethod(Object target, Void** arguments, Signature sig, Boolean isConstructor)&#xD;
[xUnit.net 00:00:01.45]            at System.Reflection.MethodBaseInvoker.InvokeDirectByRefWithFewArgs(Object obj, Span`1 copyOfArgs, BindingFlags invokeAttr)&#xD;
[xUnit.net 00:00:01.45]         --- End of stack trace from previous location ---&#xD;
[xUnit.net 00:00:01.45]            at Microsoft.AspNetCore.Mvc.Testing.DeferredHostBuilder.DeferredHost.StartAsync(CancellationToken cancellationToken)&#xD;
[xUnit.net 00:00:01.45]            at Microsoft.Extensions.Hosting.HostingAbstractionsHostExtensions.Start(IHost host)&#xD;
[xUnit.net 00:00:01.45]            at Microsoft.AspNetCore.Mvc.Testing.WebApplicationFactory`1.CreateHost(IHostBuilder builder)&#xD;
[xUnit.net 00:00:01.45]            at Microsoft.AspNetCore.Mvc.Testing.WebApplicationFactory`1.ConfigureHostBuilder(IHostBuilder hostBuilder)&#xD;
[xUnit.net 00:00:01.45]            at Microsoft.AspNetCore.Mvc.Testing.WebApplicationFactory`1.EnsureServer()&#xD;
[xUnit.net 00:00:01.45]            at Microsoft.AspNetCore.Mvc.Testing.WebApplicationFactory`1.CreateDefaultClient(DelegatingHandler[] handlers)&#xD;
[xUnit.net 00:00:01.45]            at Microsoft.AspNetCore.Mvc.Testing.WebApplicationFactory`1.CreateDefaultClient(Uri baseAddress, DelegatingHandler[] handlers)&#xD;
[xUnit.net 00:00:01.45]            at Microsoft.AspNetCore.Mvc.Testing.WebApplicationFactory`1.CreateClient(WebApplicationFactoryClientOptions options)&#xD;
[xUnit.net 00:00:01.45]            at Microsoft.AspNetCore.Mvc.Testing.WebApplicationFactory`1.CreateClient()&#xD;
[xUnit.net 00:00:01.45]         e:\Project\ControlHub\tests\ControlHub.Api.Tests\Abstractions\BaseIntegrationTest.cs(17,0): at ControlHub.Api.Tests.Abstractions.BaseIntegrationTest..ctor(IntegrationTestWebAppFactory factory)&#xD;
[xUnit.net 00:00:01.45]         e:\Project\ControlHub\tests\ControlHub.Api.Tests\FunctionalTests\Accounts\RegistrationTests.cs(13,0): at ControlHub.Api.Tests.FunctionalTests.Accounts.RegistrationTests..ctor(IntegrationTestWebAppFactory factory)&#xD;
[xUnit.net 00:00:01.45]            at System.RuntimeMethodHandle.InvokeMethod(Object target, Void** arguments, Signature sig, Boolean isConstructor)&#xD;
[xUnit.net 00:00:01.45]            at System.Reflection.MethodBaseInvoker.InvokeDirectByRefWithFewArgs(Object obj, Span`1 copyOfArgs, BindingFlags invokeAttr)&#xD;
[xUnit.net 00:00:01.45]         ----- Inner Stack Trace -----&#xD;
[xUnit.net 00:00:01.45]            at System.Collections.Generic.Dictionary`2.TryInsert(TKey key, TValue value, InsertionBehavior behavior)&#xD;
[xUnit.net 00:00:01.45]            at System.Collections.Generic.Dictionary`2.Add(TKey key, TValue value)&#xD;
[xUnit.net 00:00:01.45]            at Microsoft.EntityFrameworkCore.InMemory.Storage.Internal.InMemoryTable`1.Create(IUpdateEntry entry, IDiagnosticsLogger`1 updateLogger)&#xD;
[xUnit.net 00:00:01.45]            at Microsoft.EntityFrameworkCore.InMemory.Storage.Internal.InMemoryStore.ExecuteTransaction(IList`1 entries, IDiagnosticsLogger`1 updateLogger)&#xD;
[xUnit.net 00:00:01.45]            at Microsoft.EntityFrameworkCore.InMemory.Storage.Internal.InMemoryDatabase.SaveChangesAsync(IList`1 entries, CancellationToken cancellationToken)&#xD;
[xUnit.net 00:00:01.45]            at Microsoft.EntityFrameworkCore.ChangeTracking.Internal.StateManager.SaveChangesAsync(IList`1 entriesToSave, CancellationToken cancellationToken)&#xD;
[xUnit.net 00:00:01.45]            at Microsoft.EntityFrameworkCore.ChangeTracking.Internal.StateManager.SaveChangesAsync(StateManager stateManager, Boolean acceptAllChangesOnSuccess, CancellationToken cancellationToken)&#xD;
[xUnit.net 00:00:01.45]            at Microsoft.EntityFrameworkCore.DbContext.SaveChangesAsync(Boolean acceptAllChangesOnSuccess, CancellationToken cancellationToken)&#xD;
[xUnit.net 00:00:01.45]            at Microsoft.EntityFrameworkCore.DbContext.SaveChangesAsync(Boolean acceptAllChangesOnSuccess, CancellationToken cancellationToken)&#xD;
[xUnit.net 00:00:01.45]         e:\Project\ControlHub\src\ControlHub.Infrastructure\Persistence\AppDbContext.cs(38,0): at ControlHub.Infrastructure.Persistence.AppDbContext.SaveChangesAsync(CancellationToken cancellationToken)&#xD;
[xUnit.net 00:00:01.45]         e:\Project\ControlHub\src\ControlHub.Infrastructure\Persistence\Seeders\ControlHubSeeder.cs(50,0): at ControlHub.Infrastructure.Persistence.Seeders.ControlHubSeeder.SeedAsync(AppDbContext db, Boolean forceSeed)&#xD;
[14:33:48 INF] Saved 19 entities to in-memory store.&#xD;
Seeded 5 identifier configs successfully.&#xD;
Database already contains data. Use forceSeed=true to override.&#xD;
? ControlHub seeding completed successfully!&#xD;
Database already contains data. Use forceSeed=true to override.&#xD;
? ControlHub seeding completed successfully!&#xD;
[14:33:48 INF] Saved 32 entities to in-memory store.&#xD;
Seeded 32 permissions successfully.&#xD;
[14:33:48 INF] User profile is available. Using 'C:\Users\Gill\AppData\Local\ASP.NET\DataProtection-Keys' as key repository and Windows DPAPI to encrypt keys at rest.&#xD;
[14:33:48 INF] User profile is available. Using 'C:\Users\Gill\AppData\Local\ASP.NET\DataProtection-Keys' as key repository and Windows DPAPI to encrypt keys at rest.&#xD;
[14:33:48 INF] Request starting HTTP/1.1 POST http://localhost/api/Auth/users/register - application/json; charset=utf-8 98&#xD;
[14:33:48 INF] Request starting HTTP/1.1 POST http://localhost/api/Auth/users/register - application/json; charset=utf-8 100&#xD;
[14:33:48 WRN] Failed to determine the https port for redirect.&#xD;
[14:33:48 WRN] Failed to determine the https port for redirect.&#xD;
[14:33:48 INF] ?? [JWT Config] Successfully loaded. Issuer: ControlHub&#xD;
[14:33:48 INF] ?? [JWT Config] Successfully loaded. Issuer: ControlHub&#xD;
[14:33:48 INF] Executing endpoint 'ControlHub.API.Accounts.Controllers.AuthController.Register (ControlHub.API)'&#xD;
[14:33:48 INF] Executing endpoint 'ControlHub.API.Accounts.Controllers.AuthController.Register (ControlHub.API)'&#xD;
[14:33:48 INF] Route matched with {action = "Register", controller = "Auth"}. Executing controller action with signature System.Threading.Tasks.Task`1[Microsoft.AspNetCore.Mvc.IActionResult] Register(ControlHub.API.Accounts.ViewModels.Request.RegisterUserRequest, System.Threading.CancellationToken) on controller ControlHub.API.Accounts.Controllers.AuthController (ControlHub.API).&#xD;
[14:33:48 INF] Route matched with {action = "Register", controller = "Auth"}. Executing controller action with signature System.Threading.Tasks.Task`1[Microsoft.AspNetCore.Mvc.IActionResult] Register(ControlHub.API.Accounts.ViewModels.Request.RegisterUserRequest, System.Threading.CancellationToken) on controller ControlHub.API.Accounts.Controllers.AuthController (ControlHub.API).&#xD;
[14:33:48 INF] Executing action method ControlHub.API.Accounts.Controllers.AuthController.Register (ControlHub.API) - Validation state: Valid&#xD;
[14:33:48 INF] Executing action method ControlHub.API.Accounts.Controllers.AuthController.Register (ControlHub.API) - Validation state: Valid&#xD;
[14:33:48 INF] Account.RegisterUser.Started: Starting account creation for Ident tokenuser@example.com&#xD;
[14:33:48 INF] Account.RegisterUser.Started: Starting account creation for Ident newuser@example.com&#xD;
[14:33:49 INF] Account.RegisterUser.Success: Account created successfully for AccountId 4dfe1cef-eb8c-486e-8401-6764a4c453b0, Ident newuser@example.com&#xD;
[14:33:49 INF] Account.RegisterUser.Success: Account created successfully for AccountId 1134dda9-2f92-45f9-a914-e454de75ea7f, Ident tokenuser@example.com&#xD;
[14:33:49 INF] Implicit transaction started at 01/18/2026 07:33:49&#xD;
[14:33:49 INF] Implicit transaction started at 01/18/2026 07:33:49&#xD;
[14:33:49 INF] Saved 4 entities to in-memory store.&#xD;
[14:33:49 INF] Transaction committed successfully with 4 changes.&#xD;
[14:33:49 INF] Saved 4 entities to in-memory store.&#xD;
[14:33:49 INF] Transaction committed successfully with 4 changes.&#xD;
[14:33:49 INF] Executed action method ControlHub.API.Accounts.Controllers.AuthController.Register (ControlHub.API), returned result Microsoft.AspNetCore.Mvc.OkObjectResult in 560.2183ms.&#xD;
[14:33:49 INF] Executed action method ControlHub.API.Accounts.Controllers.AuthController.Register (ControlHub.API), returned result Microsoft.AspNetCore.Mvc.OkObjectResult in 561.3807ms.&#xD;
[14:33:49 INF] Executing OkObjectResult, writing value of type 'ControlHub.API.Accounts.ViewModels.Response.RegisterUserResponse'.&#xD;
[14:33:49 INF] Executing OkObjectResult, writing value of type 'ControlHub.API.Accounts.ViewModels.Response.RegisterUserResponse'.&#xD;
[14:33:49 INF] Executed action ControlHub.API.Accounts.Controllers.AuthController.Register (ControlHub.API) in 610.6396ms&#xD;
[14:33:49 INF] Executed action ControlHub.API.Accounts.Controllers.AuthController.Register (ControlHub.API) in 610.6395ms&#xD;
[14:33:49 INF] Executed endpoint 'ControlHub.API.Accounts.Controllers.AuthController.Register (ControlHub.API)'&#xD;
[14:33:49 INF] Executed endpoint 'ControlHub.API.Accounts.Controllers.AuthController.Register (ControlHub.API)'&#xD;
[14:33:49 INF] Request finished HTTP/1.1 POST http://localhost/api/Auth/users/register - 200 null application/json; charset=utf-8 712.451ms&#xD;
[14:33:49 INF] Request finished HTTP/1.1 POST http://localhost/api/Auth/users/register - 200 null application/json; charset=utf-8 714.8388ms&#xD;
[14:33:49 INF] Request starting HTTP/1.1 POST http://localhost/api/Auth/auth/signin - application/json; charset=utf-8 100&#xD;
[14:33:49 INF] Executing endpoint 'ControlHub.API.Accounts.Controllers.AuthController.SignIn (ControlHub.API)'&#xD;
[14:33:49 INF] Route matched with {action = "SignIn", controller = "Auth"}. Executing controller action with signature System.Threading.Tasks.Task`1[Microsoft.AspNetCore.Mvc.IActionResult] SignIn(ControlHub.API.Accounts.ViewModels.Request.SignInRequest, System.Threading.CancellationToken) on controller ControlHub.API.Accounts.Controllers.AuthController (ControlHub.API).&#xD;
[14:33:49 INF] Executing action method ControlHub.API.Accounts.Controllers.AuthController.SignIn (ControlHub.API) - Validation state: Valid&#xD;
[14:33:49 INF] Request starting HTTP/1.1 POST http://localhost/api/Auth/users/register - application/json; charset=utf-8 100&#xD;
[14:33:49 INF] Executing endpoint 'ControlHub.API.Accounts.Controllers.AuthController.Register (ControlHub.API)'&#xD;
[14:33:49 INF] Route matched with {action = "Register", controller = "Auth"}. Executing controller action with signature System.Threading.Tasks.Task`1[Microsoft.AspNetCore.Mvc.IActionResult] Register(ControlHub.API.Accounts.ViewModels.Request.RegisterUserRequest, System.Threading.CancellationToken) on controller ControlHub.API.Accounts.Controllers.AuthController (ControlHub.API).&#xD;
[14:33:49 INF] Executing action method ControlHub.API.Accounts.Controllers.AuthController.Register (ControlHub.API) - Validation state: Valid&#xD;
[14:33:49 INF] Account.RegisterUser.Started: Starting account creation for Ident duplicate@example.com&#xD;
[14:33:49 INF] Account.SignIn.Started: Starting sign-in process for Identifier tokenuser@example.com&#xD;
[14:33:49 INF] Saved 16 entities to in-memory store.&#xD;
Seeded 4 test accounts successfully.&#xD;
Database seeding completed successfully.&#xD;
? ControlHub seeding completed successfully!&#xD;
[14:33:49 INF] User profile is available. Using 'C:\Users\Gill\AppData\Local\ASP.NET\DataProtection-Keys' as key repository and Windows DPAPI to encrypt keys at rest.&#xD;
[14:33:49 INF] Account.RegisterUser.Success: Account created successfully for AccountId 8b1a15e6-5b20-4e53-b87b-28628cdb0c50, Ident duplicate@example.com&#xD;
[14:33:49 INF] Implicit transaction started at 01/18/2026 07:33:49&#xD;
[14:33:49 INF] Saved 4 entities to in-memory store.&#xD;
[14:33:49 INF] Transaction committed successfully with 4 changes.&#xD;
[14:33:49 INF] Executed action method ControlHub.API.Accounts.Controllers.AuthController.Register (ControlHub.API), returned result Microsoft.AspNetCore.Mvc.OkObjectResult in 294.0638ms.&#xD;
[14:33:49 INF] Executing OkObjectResult, writing value of type 'ControlHub.API.Accounts.ViewModels.Response.RegisterUserResponse'.&#xD;
[14:33:49 INF] Request starting HTTP/1.1 POST http://localhost/api/Auth/users/register - application/json; charset=utf-8 100&#xD;
[14:33:49 WRN] Failed to determine the https port for redirect.&#xD;
[14:33:49 INF] ?? [JWT Config] Successfully loaded. Issuer: ControlHub&#xD;
[14:33:49 INF] Executed action ControlHub.API.Accounts.Controllers.AuthController.Register (ControlHub.API) in 309.993ms&#xD;
[14:33:49 INF] Executed endpoint 'ControlHub.API.Accounts.Controllers.AuthController.Register (ControlHub.API)'&#xD;
[14:33:49 INF] Request finished HTTP/1.1 POST http://localhost/api/Auth/users/register - 200 null application/json; charset=utf-8 313.6853ms&#xD;
[14:33:49 INF] Executing endpoint 'ControlHub.API.Accounts.Controllers.AuthController.Register (ControlHub.API)'&#xD;
[14:33:49 INF] Route matched with {action = "Register", controller = "Auth"}. Executing controller action with signature System.Threading.Tasks.Task`1[Microsoft.AspNetCore.Mvc.IActionResult] Register(ControlHub.API.Accounts.ViewModels.Request.RegisterUserRequest, System.Threading.CancellationToken) on controller ControlHub.API.Accounts.Controllers.AuthController (ControlHub.API).&#xD;
[14:33:49 INF] Request starting HTTP/1.1 POST http://localhost/api/Auth/users/register - application/json; charset=utf-8 100&#xD;
[14:33:49 INF] Executing action method ControlHub.API.Accounts.Controllers.AuthController.Register (ControlHub.API) - Validation state: Valid&#xD;
[14:33:49 INF] Account.RegisterUser.Started: Starting account creation for Ident loginuser@example.com&#xD;
[14:33:49 INF] Executing endpoint 'ControlHub.API.Accounts.Controllers.AuthController.Register (ControlHub.API)'&#xD;
[14:33:49 INF] Route matched with {action = "Register", controller = "Auth"}. Executing controller action with signature System.Threading.Tasks.Task`1[Microsoft.AspNetCore.Mvc.IActionResult] Register(ControlHub.API.Accounts.ViewModels.Request.RegisterUserRequest, System.Threading.CancellationToken) on controller ControlHub.API.Accounts.Controllers.AuthController (ControlHub.API).&#xD;
[14:33:49 INF] Executing action method ControlHub.API.Accounts.Controllers.AuthController.Register (ControlHub.API) - Validation state: Valid&#xD;
[14:33:49 INF] Account.RegisterUser.Started: Starting account creation for Ident duplicate@example.com&#xD;
[14:33:49 WRN] Account.RegisterUser.IdentifierExists: Identifier already exists for Ident duplicate@example.com&#xD;
[14:33:49 WRN] Client Error occurred: Conflict (Code: Account.EmailAlreadyExists). Message: The email provided is already in use.&#xD;
[14:33:49 INF] Executed action method ControlHub.API.Accounts.Controllers.AuthController.Register (ControlHub.API), returned result Microsoft.AspNetCore.Mvc.ConflictObjectResult in 13.2339ms.&#xD;
[14:33:49 INF] Executing ConflictObjectResult, writing value of type 'Microsoft.AspNetCore.Mvc.ProblemDetails'.&#xD;
[14:33:49 INF] Executed action ControlHub.API.Accounts.Controllers.AuthController.Register (ControlHub.API) in 26.5461ms&#xD;
[14:33:49 INF] Executed endpoint 'ControlHub.API.Accounts.Controllers.AuthController.Register (ControlHub.API)'&#xD;
[14:33:49 INF] Request finished HTTP/1.1 POST http://localhost/api/Auth/users/register - 409 null application/problem+json; charset=utf-8 29.9555ms&#xD;
[14:33:49 INF] Implicit transaction started at 01/18/2026 07:33:49&#xD;
[14:33:49 INF] Saved 2 entities to in-memory store.&#xD;
[14:33:49 INF] Transaction committed successfully with 2 changes.&#xD;
[14:33:49 INF] Account.SignIn.Success: User signed in successfully for AccountId 1134dda9-2f92-45f9-a914-e454de75ea7f&#xD;
[14:33:49 INF] Executed action method ControlHub.API.Accounts.Controllers.AuthController.SignIn (ControlHub.API), returned result Microsoft.AspNetCore.Mvc.OkObjectResult in 498.9986ms.&#xD;
[14:33:49 INF] Executing OkObjectResult, writing value of type 'ControlHub.API.Accounts.ViewModels.Response.SignInResponse'.&#xD;
[14:33:49 INF] Executed action ControlHub.API.Accounts.Controllers.AuthController.SignIn (ControlHub.API) in 504.8689ms&#xD;
[14:33:49 INF] Executed endpoint 'ControlHub.API.Accounts.Controllers.AuthController.SignIn (ControlHub.API)'&#xD;
[14:33:49 INF] Request finished HTTP/1.1 POST http://localhost/api/Auth/auth/signin - 200 null application/json; charset=utf-8 513.5474ms&#xD;
[14:33:49 INF] Request starting HTTP/1.1 POST http://localhost/api/Auth/auth/refresh-token - application/json; charset=utf-8 863&#xD;
[14:33:49 INF] Request finished HTTP/1.1 POST http://localhost/api/Auth/auth/refresh-token - 404 null null 3.9118ms&#xD;
[14:33:49 INF] Request reached the end of the middleware pipeline without being handled by application code. Request path: POST http://localhost/api/Auth/auth/refresh-token, Response status code: 404&#xD;
[14:33:49 INF] Account.RegisterUser.Success: Account created successfully for AccountId 95988fda-020e-43c7-9f8f-62c344c92fe2, Ident loginuser@example.com&#xD;
[14:33:49 INF] Implicit transaction started at 01/18/2026 07:33:49&#xD;
[14:33:49 INF] Saved 4 entities to in-memory store.&#xD;
[14:33:49 INF] Transaction committed successfully with 4 changes.&#xD;
[14:33:49 INF] Executed action method ControlHub.API.Accounts.Controllers.AuthController.Register (ControlHub.API), returned result Microsoft.AspNetCore.Mvc.OkObjectResult in 193.4273ms.&#xD;
[14:33:49 INF] Executing OkObjectResult, writing value of type 'ControlHub.API.Accounts.ViewModels.Response.RegisterUserResponse'.&#xD;
[14:33:49 INF] Executed action ControlHub.API.Accounts.Controllers.AuthController.Register (ControlHub.API) in 197.2793ms&#xD;
[14:33:49 INF] Executed endpoint 'ControlHub.API.Accounts.Controllers.AuthController.Register (ControlHub.API)'&#xD;
[14:33:49 INF] Request finished HTTP/1.1 POST http://localhost/api/Auth/users/register - 200 null application/json; charset=utf-8 207.2258ms&#xD;
[14:33:49 INF] Request starting HTTP/1.1 POST http://localhost/api/Auth/auth/signin - application/json; charset=utf-8 100&#xD;
[14:33:49 INF] Executing endpoint 'ControlHub.API.Accounts.Controllers.AuthController.SignIn (ControlHub.API)'&#xD;
     Warning:&#xD;
     The component "Fluent Assertions" is governed by the rules defined in the Xceed License Agreement and&#xD;
     the Xceed Fluent Assertions Community License. You may use Fluent Assertions free of charge for&#xD;
     non-commercial use only. An active subscription is required to use Fluent Assertions for commercial use.&#xD;
     Please contact Xceed Sales mailto:sales@xceed.com to acquire a subscription at a very low cost.&#xD;
     A paid commercial license supports the development and continued increasing support of&#xD;
     Fluent Assertions users under both commercial and community licenses. Help us&#xD;
     keep Fluent Assertions at the forefront of unit testing.&#xD;
     For more information, visit https://xceed.com/products/unit-testing/fluent-assertions/&#xD;
[14:33:49 INF] Route matched with {action = "SignIn", controller = "Auth"}. Executing controller action with signature System.Threading.Tasks.Task`1[Microsoft.AspNetCore.Mvc.IActionResult] SignIn(ControlHub.API.Accounts.ViewModels.Request.SignInRequest, System.Threading.CancellationToken) on controller ControlHub.API.Accounts.Controllers.AuthController (ControlHub.API).&#xD;
[14:33:49 INF] Executing action method ControlHub.API.Accounts.Controllers.AuthController.SignIn (ControlHub.API) - Validation state: Valid&#xD;
[14:33:49 INF] Account.SignIn.Started: Starting sign-in process for Identifier loginuser@example.com&#xD;
[xUnit.net 00:00:03.05]       Expected response.StatusCode to be HttpStatusCode.OK {value: 200}, but found HttpStatusCode.NotFound {value: 404}.&#xD;
[xUnit.net 00:00:03.05]       Stack Trace:&#xD;
[xUnit.net 00:00:03.05]            at FluentAssertions.Execution.LateBoundTestFramework.Throw(String message)&#xD;
[xUnit.net 00:00:03.05]            at FluentAssertions.Execution.DefaultAssertionStrategy.HandleFailure(String message)&#xD;
[xUnit.net 00:00:03.05]            at FluentAssertions.Execution.AssertionScope.AddPreFormattedFailure(String formattedFailureMessage)&#xD;
[xUnit.net 00:00:03.05]            at FluentAssertions.Execution.AssertionChain.FailWith(Func`1 getFailureReason)&#xD;
[xUnit.net 00:00:03.05]            at FluentAssertions.Execution.AssertionChain.FailWith(Func`1 getFailureReason)&#xD;
[xUnit.net 00:00:03.05]            at FluentAssertions.Execution.AssertionChain.FailWith(String message, Object[] args)&#xD;
[xUnit.net 00:00:03.05]            at FluentAssertions.Primitives.EnumAssertions`2.Be(TEnum expected, String because, Object[] becauseArgs)&#xD;
[xUnit.net 00:00:03.05]         e:\Project\ControlHub\tests\ControlHub.Api.Tests\FunctionalTests\Accounts\TokenTests.cs(52,0): at ControlHub.Api.Tests.FunctionalTests.Accounts.TokenTests.RefreshToken_ShouldReturnNewTokens_WhenValid()&#xD;
[xUnit.net 00:00:03.05]         --- End of stack trace from previous location ---&#xD;
[14:33:50 INF] Implicit transaction started at 01/18/2026 07:33:50&#xD;
[14:33:50 INF] Saved 2 entities to in-memory store.&#xD;
[14:33:50 INF] Transaction committed successfully with 2 changes.&#xD;
[14:33:50 INF] Account.SignIn.Success: User signed in successfully for AccountId 95988fda-020e-43c7-9f8f-62c344c92fe2&#xD;
[14:33:50 INF] Executed action method ControlHub.API.Accounts.Controllers.AuthController.SignIn (ControlHub.API), returned result Microsoft.AspNetCore.Mvc.OkObjectResult in 169.4196ms.&#xD;
[14:33:50 INF] Executing OkObjectResult, writing value of type 'ControlHub.API.Accounts.ViewModels.Response.SignInResponse'.&#xD;
[14:33:50 INF] Executed action ControlHub.API.Accounts.Controllers.AuthController.SignIn (ControlHub.API) in 172.2065ms&#xD;
[14:33:50 INF] Executed endpoint 'ControlHub.API.Accounts.Controllers.AuthController.SignIn (ControlHub.API)'&#xD;
[14:33:50 INF] Request finished HTTP/1.1 POST http://localhost/api/Auth/auth/signin - 200 null application/json; charset=utf-8 177.429ms&#xD;
[14:33:50 INF] Request starting HTTP/1.1 POST http://localhost/api/Auth/auth/signin - application/json; charset=utf-8 79&#xD;
[14:33:50 INF] Executing endpoint 'ControlHub.API.Accounts.Controllers.AuthController.SignIn (ControlHub.API)'&#xD;
[14:33:50 INF] Route matched with {action = "SignIn", controller = "Auth"}. Executing controller action with signature System.Threading.Tasks.Task`1[Microsoft.AspNetCore.Mvc.IActionResult] SignIn(ControlHub.API.Accounts.ViewModels.Request.SignInRequest, System.Threading.CancellationToken) on controller ControlHub.API.Accounts.Controllers.AuthController (ControlHub.API).&#xD;
[14:33:50 INF] Executing action method ControlHub.API.Accounts.Controllers.AuthController.SignIn (ControlHub.API) - Validation state: Valid&#xD;
[14:33:50 WRN] Client Error occurred: Validation Error (Code: Validation.Failed). Message: Password is too short.; Password must contain at least one uppercase letter.; Password must contain at least one lowercase letter.; Password must contain at least one special character (!@#$%^&amp;*()).&#xD;
[14:33:50 INF] Executed action method ControlHub.API.Accounts.Controllers.AuthController.SignIn (ControlHub.API), returned result Microsoft.AspNetCore.Mvc.BadRequestObjectResult in 3.4326ms.&#xD;
[14:33:50 INF] Executing BadRequestObjectResult, writing value of type 'Microsoft.AspNetCore.Mvc.ProblemDetails'.&#xD;
[14:33:50 INF] Executed action ControlHub.API.Accounts.Controllers.AuthController.SignIn (ControlHub.API) in 5.408ms&#xD;
[14:33:50 INF] Executed endpoint 'ControlHub.API.Accounts.Controllers.AuthController.SignIn (ControlHub.API)'&#xD;
[14:33:50 INF] Request finished HTTP/1.1 POST http://localhost/api/Auth/auth/signin - 400 null application/problem+json; charset=utf-8 8.1001ms&#xD;
[14:33:50 INF] Request starting HTTP/1.1 POST http://localhost/api/Auth/users/register - application/json; charset=utf-8 100&#xD;
[14:33:50 INF] Executing endpoint 'ControlHub.API.Accounts.Controllers.AuthController.Register (ControlHub.API)'&#xD;
[14:33:50 INF] Route matched with {action = "Register", controller = "Auth"}. Executing controller action with signature System.Threading.Tasks.Task`1[Microsoft.AspNetCore.Mvc.IActionResult] Register(ControlHub.API.Accounts.ViewModels.Request.RegisterUserRequest, System.Threading.CancellationToken) on controller ControlHub.API.Accounts.Controllers.AuthController (ControlHub.API).&#xD;
[14:33:50 INF] Executing action method ControlHub.API.Accounts.Controllers.AuthController.Register (ControlHub.API) - Validation state: Valid&#xD;
[14:33:50 INF] Account.RegisterUser.Started: Starting account creation for Ident wrongpass@example.com&#xD;
[14:33:50 INF] Account.RegisterUser.Success: Account created successfully for AccountId 87ee8248-10ae-450a-b67e-1551553b1656, Ident wrongpass@example.com&#xD;
[14:33:50 INF] Implicit transaction started at 01/18/2026 07:33:50&#xD;
[14:33:50 INF] Saved 4 entities to in-memory store.&#xD;
[14:33:50 INF] Transaction committed successfully with 4 changes.&#xD;
[14:33:50 INF] Executed action method ControlHub.API.Accounts.Controllers.AuthController.Register (ControlHub.API), returned result Microsoft.AspNetCore.Mvc.OkObjectResult in 170.0872ms.&#xD;
[14:33:50 INF] Executing OkObjectResult, writing value of type 'ControlHub.API.Accounts.ViewModels.Response.RegisterUserResponse'.&#xD;
[14:33:50 INF] Executed action ControlHub.API.Accounts.Controllers.AuthController.Register (ControlHub.API) in 170.9512ms&#xD;
[14:33:50 INF] Executed endpoint 'ControlHub.API.Accounts.Controllers.AuthController.Register (ControlHub.API)'&#xD;
[14:33:50 INF] Request finished HTTP/1.1 POST http://localhost/api/Auth/users/register - 200 null application/json; charset=utf-8 171.7806ms&#xD;
[14:33:50 INF] Request starting HTTP/1.1 POST http://localhost/api/Auth/auth/signin - application/json; charset=utf-8 99&#xD;
[14:33:50 INF] Executing endpoint 'ControlHub.API.Accounts.Controllers.AuthController.SignIn (ControlHub.API)'&#xD;
[14:33:50 INF] Route matched with {action = "SignIn", controller = "Auth"}. Executing controller action with signature System.Threading.Tasks.Task`1[Microsoft.AspNetCore.Mvc.IActionResult] SignIn(ControlHub.API.Accounts.ViewModels.Request.SignInRequest, System.Threading.CancellationToken) on controller ControlHub.API.Accounts.Controllers.AuthController (ControlHub.API).&#xD;
[14:33:50 INF] Executing action method ControlHub.API.Accounts.Controllers.AuthController.SignIn (ControlHub.API) - Validation state: Valid&#xD;
[14:33:50 INF] Account.SignIn.Started: Starting sign-in process for Identifier wrongpass@example.com&#xD;
[14:33:50 WRN] Account.SignIn.InvalidPassword: Invalid password for AccountId 87ee8248-10ae-450a-b67e-1551553b1656&#xD;
[14:33:50 WRN] Client Error occurred: Unauthorized (Code: Auth.InvalidCredentials). Message: Invalid email or password.&#xD;
[14:33:50 INF] Executed action method ControlHub.API.Accounts.Controllers.AuthController.SignIn (ControlHub.API), returned result Microsoft.AspNetCore.Mvc.UnauthorizedObjectResult in 160.4163ms.&#xD;
[14:33:50 INF] Executing UnauthorizedObjectResult, writing value of type 'Microsoft.AspNetCore.Mvc.ProblemDetails'.&#xD;
[14:33:50 INF] Executed action ControlHub.API.Accounts.Controllers.AuthController.SignIn (ControlHub.API) in 161.6231ms&#xD;
[14:33:50 INF] Executed endpoint 'ControlHub.API.Accounts.Controllers.AuthController.SignIn (ControlHub.API)'&#xD;
[14:33:50 INF] Request finished HTTP/1.1 POST http://localhost/api/Auth/auth/signin - 401 null application/problem+json; charset=utf-8 162.3344ms&#xD;
[xUnit.net 00:00:08.07]   Finished:    ControlHub.Api.Tests&#xD;
</StdOut>
    </Output>
    <RunInfos>
      <RunInfo computerName="DESKTOP-3V98JDF" outcome="Error" timestamp="2026-01-18T14:33:48.3452296+07:00">
        <Text>[xUnit.net 00:00:01.44]     ControlHub.Api.Tests.FunctionalTests.Accounts.TokenTests.RefreshToken_ShouldReturnUnauthorized_WhenTokenIsInvalid [FAIL]</Text>
      </RunInfo>
      <RunInfo computerName="DESKTOP-3V98JDF" outcome="Error" timestamp="2026-01-18T14:33:48.3572816+07:00">
        <Text>[xUnit.net 00:00:01.45]     ControlHub.Api.Tests.FunctionalTests.Accounts.RegistrationTests.Register_ShouldReturnBadRequest_WhenPasswordIsTooShort [FAIL]</Text>
      </RunInfo>
      <RunInfo computerName="DESKTOP-3V98JDF" outcome="Error" timestamp="2026-01-18T14:33:49.9577691+07:00">
        <Text>[xUnit.net 00:00:03.05]     ControlHub.Api.Tests.FunctionalTests.Accounts.TokenTests.RefreshToken_ShouldReturnNewTokens_WhenValid [FAIL]</Text>
      </RunInfo>
    </RunInfos>
  </ResultSummary>
</TestRun>