  Determining projects to restore...
  All projects are up-to-date for restore.
  ControlHub.SharedKernel -> E:\Project\ControlHub\src\ControlHub.SharedKernel\bin\Debug\net8.0\ControlHub.SharedKernel.dll
  ControlHub.Domain -> E:\Project\ControlHub\src\ControlHub.Domain\bin\Debug\net8.0\ControlHub.Domain.dll
  ControlHub.Application -> E:\Project\ControlHub\src\ControlHub.Application\bin\Debug\net8.0\ControlHub.Application.dll
E:\Project\ControlHub\tests\ControlHub.Application.Tests\AccountsTests\RegisterSupperAdminCommandHandlerTests.cs(43,17): error CS1503: Argument 3: cannot convert from 'Microsoft.Extensions.Logging.ILogger<ControlHub.Application.Accounts.Commands.RegisterUser.RegisterUserCommandHandler>' to 'Microsoft.Extensions.Logging.ILogger<ControlHub.Application.Accounts.Commands.RegisterSupperAdmin.RegisterSupperAdminCommandHandler>' [E:\Project\ControlHub\tests\ControlHub.Application.Tests\ControlHub.Application.Tests.csproj]

Build FAILED.

E:\Project\ControlHub\tests\ControlHub.Application.Tests\AccountsTests\RegisterSupperAdminCommandHandlerTests.cs(43,17): error CS1503: Argument 3: cannot convert from 'Microsoft.Extensions.Logging.ILogger<ControlHub.Application.Accounts.Commands.RegisterUser.RegisterUserCommandHandler>' to 'Microsoft.Extensions.Logging.ILogger<ControlHub.Application.Accounts.Commands.RegisterSupperAdmin.RegisterSupperAdminCommandHandler>' [E:\Project\ControlHub\tests\ControlHub.Application.Tests\ControlHub.Application.Tests.csproj]
    0 Warning(s)
    1 Error(s)

Time Elapsed 00:00:01.16
